[runlim] version:		1.10
[runlim] time limit:		311040000 seconds
[runlim] real time limit:	600 seconds
[runlim] space limit:		512 MB
[runlim] argv[0]:		python3
[runlim] argv[1]:		-u
[runlim] argv[2]:		main.py
[runlim] argv[3]:		graph01
[runlim] start:			Tue Dec  2 10:16:32 2025
[runlim] main pid:		19761
Solve first problem:
Solution:
{296, 58, 652, 414, 16, 254, 380, 142, 380, 142, 778, 540, 338, 100, 296, 58, 652, 414, 394, 156, 296, 58, 478, 240, 310, 72, 114, 352, 296, 58, 268, 30, 352, 114, 310, 72, 338, 100, 324, 86, 282, 44, 778, 540, 254, 16, 72, 310, 282, 44, 394, 156, 310, 72, 86, 324, 16, 254, 778, 540, 254, 16, 352, 114, 254, 16, 296, 58, 254, 16, 324, 86, 380, 142, 268, 30, 750, 512, 310, 72, 254, 16, 268, 30, 324, 86, 680, 442, 338, 100, 652, 414, 254, 16, 44, 282, 478, 240, 30, 268, 380, 142, 282, 44, 352, 114, 296, 58, 296, 58, 380, 142, 268, 30, 114, 352, 254, 16, 296, 58, 380, 142, 380, 142, 254, 16, 296, 58, 338, 100, 268, 30, 694, 456, 478, 240, 282, 44, 296, 58, 324, 86, 324, 86, 268, 30, 254, 16, 324, 86, 652, 414, 254, 16, 324, 86, 268, 30, 268, 30, 394, 156, 296, 58, 352, 114, 366, 128, 254, 16, 268, 30, 254, 16, 324, 86, 254, 16, 282, 44, 652, 414, 268, 30, 324, 86, 268, 30, 254, 16, 310, 72, 380, 142, 268, 30, 254, 16, 254, 16}
Correct solution!
Number of lables used:  34
Time taken: 0.21 seconds
Memory used: 38.62 MB
--------------------------------------------------

Trying with at most 33 labels...
Solution:
{736, 498, 680, 442, 16, 254, 170, 408, 170, 408, 526, 764, 282, 44, 680, 442, 736, 498, 282, 44, 324, 86, 478, 240, 366, 128, 254, 16, 16, 254, 394, 156, 324, 86, 86, 324, 324, 86, 324, 86, 128, 366, 442, 680, 282, 44, 86, 324, 324, 86, 16, 254, 394, 156, 736, 498, 16, 254, 254, 16, 254, 16, 254, 16, 394, 156, 324, 86, 254, 16, 324, 86, 240, 478, 282, 44, 44, 282, 44, 282, 324, 86, 394, 156, 694, 456, 680, 442, 366, 128, 764, 526, 254, 16, 680, 442, 240, 478, 442, 680, 694, 456, 324, 86, 366, 128, 366, 128, 366, 128, 16, 254, 282, 44, 498, 736, 282, 44, 324, 86, 170, 408, 408, 170, 324, 86, 324, 86, 128, 366, 324, 86, 694, 456, 170, 408, 282, 44, 324, 86, 680, 442, 156, 394, 282, 44, 694, 456, 394, 156, 156, 394, 282, 44, 394, 156, 282, 44, 736, 498, 156, 394, 324, 86, 44, 282, 764, 526, 16, 254, 282, 44, 254, 16, 498, 736, 282, 44, 324, 86, 764, 526, 694, 456, 324, 86, 282, 44, 324, 86, 324, 86, 170, 408, 394, 156, 324, 86, 324, 86}
Correct solution!
Number of lables used:  22
Time taken: 0.01 seconds
Memory used: 40.12 MB
--------------------------------------------------

Trying with at most 21 labels...
Solution:
{736, 498, 736, 498, 442, 680, 170, 408, 170, 408, 526, 764, 324, 86, 680, 442, 736, 498, 380, 142, 282, 44, 478, 240, 324, 86, 282, 44, 380, 142, 394, 156, 324, 86, 86, 324, 324, 86, 324, 86, 142, 380, 442, 680, 282, 44, 86, 324, 86, 324, 156, 394, 680, 442, 736, 498, 442, 680, 86, 324, 282, 44, 324, 86, 394, 156, 324, 86, 282, 44, 324, 86, 240, 478, 442, 680, 498, 736, 44, 282, 324, 86, 680, 442, 736, 498, 680, 442, 142, 380, 764, 526, 324, 86, 694, 456, 240, 478, 526, 764, 694, 456, 324, 86, 282, 44, 394, 156, 324, 86, 44, 282, 282, 44, 380, 142, 282, 44, 380, 142, 170, 408, 478, 240, 86, 324, 380, 142, 142, 380, 442, 680, 680, 442, 170, 408, 282, 44, 324, 86, 680, 442, 156, 394, 680, 442, 694, 456, 394, 156, 694, 456, 282, 44, 394, 156, 282, 44, 736, 498, 156, 394, 324, 86, 44, 282, 764, 526, 282, 44, 282, 44, 282, 44, 498, 736, 282, 44, 324, 86, 764, 526, 142, 380, 86, 324, 142, 380, 324, 86, 394, 156, 170, 408, 282, 44, 380, 142, 324, 86}
Correct solution!
Number of lables used:  20
Time taken: 0.01 seconds
Memory used: 40.25 MB
--------------------------------------------------

Trying with at most 19 labels...
Solution:
{736, 498, 736, 498, 324, 86, 170, 408, 170, 408, 792, 554, 324, 86, 680, 442, 736, 498, 380, 142, 282, 44, 380, 142, 764, 526, 736, 498, 380, 142, 44, 282, 324, 86, 86, 324, 324, 86, 324, 86, 142, 380, 442, 680, 282, 44, 86, 324, 86, 324, 282, 44, 694, 456, 498, 736, 442, 680, 86, 324, 142, 380, 324, 86, 44, 282, 324, 86, 282, 44, 324, 86, 170, 408, 44, 282, 498, 736, 44, 282, 324, 86, 680, 442, 736, 498, 680, 442, 142, 380, 526, 764, 324, 86, 792, 554, 408, 170, 526, 764, 694, 456, 44, 282, 282, 44, 380, 142, 86, 324, 44, 282, 282, 44, 456, 694, 282, 44, 380, 142, 170, 408, 408, 170, 86, 324, 324, 86, 142, 380, 442, 680, 680, 442, 170, 408, 282, 44, 44, 282, 680, 442, 86, 324, 680, 442, 694, 456, 792, 554, 694, 456, 282, 44, 380, 142, 282, 44, 498, 736, 380, 142, 324, 86, 44, 282, 526, 764, 282, 44, 380, 142, 86, 324, 442, 680, 282, 44, 680, 442, 764, 526, 142, 380, 86, 324, 142, 380, 324, 86, 792, 554, 170, 408, 44, 282, 380, 142, 324, 86}
Correct solution!
Number of lables used:  18
Time taken: 0.02 seconds
Memory used: 40.62 MB
--------------------------------------------------

Trying with at most 17 labels...
[runlim] sample:		10.0 time, 10.6 real, 71.7 MB
[runlim] sample:		20.0 time, 20.6 real, 71.7 MB
[runlim] sample:		30.0 time, 30.6 real, 72.5 MB
[runlim] sample:		40.0 time, 40.6 real, 99.5 MB
[runlim] sample:		50.0 time, 50.6 real, 100.4 MB
[runlim] sample:		60.0 time, 60.6 real, 100.8 MB
[runlim] sample:		70.0 time, 70.6 real, 101.0 MB
[runlim] sample:		80.0 time, 80.6 real, 101.8 MB
[runlim] sample:		90.0 time, 90.6 real, 102.2 MB
[runlim] sample:		100.0 time, 100.6 real, 109.5 MB
[runlim] sample:		110.0 time, 110.6 real, 109.5 MB
[runlim] sample:		120.0 time, 120.6 real, 109.5 MB
[runlim] sample:		130.0 time, 130.6 real, 109.5 MB
[runlim] sample:		140.0 time, 140.6 real, 109.5 MB
[runlim] sample:		150.0 time, 150.6 real, 109.5 MB
[runlim] sample:		160.0 time, 160.6 real, 109.5 MB
[runlim] sample:		170.0 time, 170.6 real, 109.5 MB
[runlim] sample:		180.0 time, 180.6 real, 109.5 MB
[runlim] sample:		190.0 time, 190.6 real, 109.5 MB
[runlim] sample:		200.0 time, 200.6 real, 109.5 MB
[runlim] sample:		210.0 time, 210.6 real, 109.5 MB
[runlim] sample:		220.0 time, 220.6 real, 109.5 MB
[runlim] sample:		230.0 time, 230.6 real, 109.5 MB
[runlim] sample:		240.0 time, 240.6 real, 109.5 MB
[runlim] sample:		250.0 time, 250.6 real, 109.5 MB
[runlim] sample:		260.0 time, 260.6 real, 109.5 MB
[runlim] sample:		270.0 time, 270.6 real, 109.6 MB
[runlim] sample:		280.0 time, 280.6 real, 109.6 MB
[runlim] sample:		290.0 time, 290.6 real, 109.6 MB
[runlim] sample:		300.0 time, 300.6 real, 109.6 MB
[runlim] sample:		310.0 time, 310.6 real, 109.6 MB
[runlim] sample:		320.0 time, 320.6 real, 109.6 MB
[runlim] sample:		330.0 time, 330.6 real, 109.6 MB
[runlim] sample:		340.0 time, 340.6 real, 141.1 MB
[runlim] sample:		350.0 time, 350.6 real, 139.8 MB
[runlim] sample:		360.0 time, 360.6 real, 109.6 MB
[runlim] sample:		370.0 time, 370.6 real, 109.6 MB
[runlim] sample:		380.0 time, 380.6 real, 109.6 MB
[runlim] sample:		390.0 time, 390.6 real, 109.6 MB
[runlim] sample:		400.0 time, 400.6 real, 142.1 MB
[runlim] sample:		410.0 time, 410.6 real, 140.4 MB
[runlim] sample:		420.0 time, 420.6 real, 109.6 MB
[runlim] sample:		430.0 time, 430.6 real, 109.6 MB
[runlim] sample:		440.0 time, 440.6 real, 109.6 MB
[runlim] sample:		450.0 time, 450.6 real, 142.4 MB
[runlim] sample:		460.0 time, 460.6 real, 139.9 MB
[runlim] sample:		470.0 time, 470.6 real, 109.6 MB
[runlim] sample:		480.0 time, 480.6 real, 109.6 MB
[runlim] sample:		490.0 time, 490.6 real, 143.6 MB
[runlim] sample:		500.0 time, 500.6 real, 139.9 MB
[runlim] sample:		510.0 time, 510.6 real, 109.5 MB
[runlim] sample:		520.0 time, 520.6 real, 145.3 MB
[runlim] sample:		530.0 time, 530.6 real, 140.2 MB
[runlim] sample:		540.0 time, 540.6 real, 109.5 MB
[runlim] sample:		550.0 time, 550.6 real, 109.5 MB
[runlim] sample:		560.0 time, 560.6 real, 142.3 MB
[runlim] sample:		570.0 time, 570.6 real, 109.5 MB
[runlim] sample:		580.0 time, 580.6 real, 109.5 MB
[runlim] sample:		590.0 time, 590.6 real, 142.4 MB
[runlim] end:			Tue Dec  2 10:26:32 2025
[runlim] status:		out of time
[runlim] result:		2
[runlim] children:		0
[runlim] real:			600.03 seconds
[runlim] time:			599.38 seconds
[runlim] space:			146.9 MB
[runlim] samples:		5994
