[runlim] version:		1.10
[runlim] time limit:		311040000 seconds
[runlim] real time limit:	600 seconds
[runlim] space limit:		512 MB
[runlim] argv[0]:		python3
[runlim] argv[1]:		-u
[runlim] argv[2]:		main.py
[runlim] argv[3]:		graph08
[runlim] start:			Tue Dec  2 10:36:32 2025
[runlim] main pid:		26596
Solve first problem:
Solution:
{324, 86, 652, 414, 324, 86, 352, 114, 366, 128, 380, 142, 380, 142, 652, 414, 652, 414, 352, 114, 380, 142, 380, 142, 114, 352, 30, 268, 310, 72, 652, 414, 254, 16, 142, 380, 478, 240, 652, 414, 792, 554, 352, 114, 310, 72, 296, 58, 86, 324, 408, 170, 30, 268, 338, 100, 652, 414, 366, 128, 352, 114, 394, 156, 114, 352, 352, 114, 254, 16, 352, 114, 652, 414, 338, 100, 254, 16, 694, 456, 324, 86, 324, 86, 282, 44, 142, 380, 338, 100, 380, 142, 58, 296, 268, 30, 86, 324, 268, 30, 296, 58, 86, 324, 296, 58, 254, 16, 750, 512, 282, 44, 254, 16, 254, 16, 380, 142, 254, 16, 666, 428, 296, 58, 380, 142, 338, 100, 142, 380, 282, 44, 380, 142, 296, 58, 380, 142, 296, 58, 100, 338, 58, 296, 394, 156, 72, 310, 764, 526, 324, 86, 16, 254, 708, 470, 282, 44, 722, 484, 310, 72, 296, 58, 338, 100, 512, 750, 114, 352, 156, 394, 114, 352, 352, 114, 58, 296, 680, 442, 282, 44, 254, 16, 652, 414, 268, 30, 254, 16, 128, 366, 792, 554, 778, 540, 254, 16, 324, 86, 296, 58, 324, 86, 296, 58, 764, 526, 254, 16, 666, 428, 764, 526, 778, 540, 142, 380, 736, 498, 352, 114, 310, 72, 394, 156, 86, 324, 310, 72, 338, 100, 722, 484, 366, 128, 680, 442, 324, 86, 268, 30, 254, 16, 708, 470, 156, 394, 310, 72, 254, 16, 478, 240, 352, 114, 296, 58, 680, 442, 366, 128, 394, 156, 268, 30, 352, 114, 338, 100, 324, 86, 296, 58, 394, 156, 268, 30, 666, 428, 380, 142, 268, 30, 114, 352, 338, 100, 366, 128, 394, 156, 338, 100, 764, 526, 156, 394, 324, 86, 352, 114, 680, 442, 324, 86, 254, 16, 30, 268, 366, 128, 380, 142, 666, 428, 254, 16, 380, 142, 142, 380, 268, 30, 366, 128, 310, 72, 324, 86, 380, 142, 778, 540, 58, 296, 170, 408, 268, 30, 380, 142, 380, 142, 324, 86, 268, 30, 764, 526, 254, 16, 310, 72, 296, 58, 324, 86, 380, 142, 30, 268, 310, 72, 254, 16, 254, 16, 296, 58, 380, 142, 170, 408, 254, 16, 666, 428, 268, 30, 128, 366, 254, 16, 380, 142, 708, 470, 680, 442, 296, 58, 680, 442, 324, 86, 296, 58, 296, 58, 708, 470, 268, 30, 254, 16, 296, 58, 296, 58, 268, 30, 652, 414, 366, 128, 366, 128, 296, 58, 380, 142, 750, 512, 268, 30, 310, 72, 324, 86, 254, 16, 114, 352, 338, 100, 310, 72, 708, 470, 268, 30, 254, 16, 156, 394, 764, 526, 310, 72, 324, 86, 310, 72, 268, 30, 268, 30, 324, 86, 268, 30, 296, 58, 282, 44, 310, 72, 268, 30, 268, 30, 478, 240, 268, 30, 380, 142, 254, 16, 708, 470, 666, 428, 296, 58, 338, 100, 352, 114, 310, 72, 296, 58, 254, 16, 666, 428, 324, 86, 736, 498, 282, 44, 142, 380, 310, 72, 282, 44, 708, 470, 296, 58, 254, 16, 394, 156, 296, 58, 366, 128, 254, 16, 254, 16, 666, 428, 352, 114, 282, 44, 408, 170, 268, 30, 86, 324, 254, 16, 268, 30, 394, 156, 366, 128, 254, 16, 268, 30, 268, 30, 324, 86, 324, 86, 254, 16, 268, 30, 254, 16, 366, 128, 694, 456, 282, 44, 268, 30, 268, 30, 324, 86, 296, 58, 338, 100, 282, 44, 324, 86, 254, 16, 254, 16, 380, 142, 366, 128, 380, 142, 268, 30, 254, 16, 310, 72, 338, 100, 352, 114, 268, 30, 310, 72, 254, 16, 268, 30, 254, 16, 268, 30, 380, 142, 408, 170, 666, 428, 366, 128, 254, 16, 380, 142, 324, 86, 296, 58, 338, 100, 268, 30, 296, 58, 282, 44, 338, 100, 282, 44, 254, 16, 338, 100, 254, 16, 254, 16, 268, 30, 282, 44, 268, 30, 282, 44, 324, 86, 310, 72, 268, 30, 254, 16, 282, 44, 268, 30, 254, 16, 268, 30, 254, 16, 296, 58, 254, 16}
Correct solution!
Number of lables used:  48
Time taken: 1.14 seconds
Memory used: 78.05 MB
--------------------------------------------------

Trying with at most 47 labels...
Solution:
{142, 380, 652, 414, 680, 442, 254, 16, 72, 310, 408, 170, 408, 170, 680, 442, 470, 708, 708, 470, 72, 310, 310, 72, 142, 380, 72, 310, 380, 142, 708, 470, 72, 310, 142, 380, 142, 380, 708, 470, 792, 554, 254, 16, 310, 72, 380, 142, 142, 380, 408, 170, 72, 310, 142, 380, 526, 764, 666, 428, 380, 142, 708, 470, 156, 394, 652, 414, 254, 16, 666, 428, 694, 456, 394, 156, 254, 16, 764, 526, 380, 142, 394, 156, 666, 428, 428, 666, 680, 442, 380, 142, 72, 310, 380, 142, 680, 442, 254, 16, 310, 72, 142, 380, 652, 414, 254, 16, 442, 680, 666, 428, 310, 72, 254, 16, 478, 240, 310, 72, 680, 442, 380, 142, 394, 156, 380, 142, 142, 380, 156, 394, 16, 254, 310, 72, 380, 142, 380, 142, 72, 310, 72, 310, 394, 156, 666, 428, 470, 708, 666, 428, 470, 708, 708, 470, 764, 526, 554, 792, 666, 428, 380, 142, 380, 142, 554, 792, 142, 380, 666, 428, 414, 652, 694, 456, 72, 310, 708, 470, 142, 380, 254, 16, 764, 526, 680, 442, 254, 16, 526, 764, 380, 142, 792, 554, 254, 16, 72, 310, 142, 380, 310, 72, 380, 142, 470, 708, 254, 16, 72, 310, 526, 764, 708, 470, 666, 428, 526, 764, 142, 380, 142, 380, 428, 666, 142, 380, 310, 72, 652, 414, 694, 456, 16, 254, 142, 380, 652, 414, 380, 142, 254, 16, 792, 554, 694, 456, 310, 72, 254, 16, 170, 408, 156, 394, 72, 310, 708, 470, 470, 708, 764, 526, 72, 310, 428, 666, 394, 156, 72, 310, 680, 442, 694, 456, 72, 310, 142, 380, 708, 470, 156, 394, 652, 414, 764, 526, 380, 142, 380, 142, 652, 414, 526, 764, 652, 414, 310, 72, 652, 414, 792, 554, 380, 142, 254, 16, 708, 470, 380, 142, 478, 240, 16, 254, 254, 16, 380, 142, 652, 414, 764, 526, 442, 680, 652, 414, 254, 16, 408, 170, 708, 470, 310, 72, 408, 170, 310, 72, 380, 142, 478, 240, 526, 764, 680, 442, 554, 792, 254, 16, 72, 310, 380, 142, 380, 142, 142, 380, 708, 470, 380, 142, 652, 414, 310, 72, 142, 380, 408, 170, 170, 408, 254, 16, 666, 428, 310, 72, 72, 310, 254, 16, 16, 254, 652, 414, 792, 554, 310, 72, 666, 428, 72, 310, 310, 72, 414, 652, 708, 470, 72, 310, 254, 16, 310, 72, 16, 254, 310, 72, 764, 526, 792, 554, 72, 310, 428, 666, 142, 380, 526, 764, 310, 72, 142, 380, 764, 526, 254, 16, 694, 456, 16, 254, 394, 156, 414, 652, 666, 428, 254, 16, 764, 526, 764, 526, 652, 414, 142, 380, 652, 414, 652, 414, 310, 72, 680, 442, 72, 310, 764, 526, 708, 470, 310, 72, 310, 72, 666, 428, 408, 170, 380, 142, 408, 170, 708, 470, 764, 526, 764, 526, 764, 526, 680, 442, 72, 310, 142, 380, 310, 72, 254, 16, 554, 792, 764, 526, 792, 554, 72, 310, 666, 428, 142, 380, 310, 72, 708, 470, 414, 652, 254, 16, 254, 16, 380, 142, 470, 708, 254, 16, 442, 680, 764, 526, 694, 456, 72, 310, 380, 142, 72, 310, 792, 554, 254, 16, 652, 414, 694, 456, 680, 442, 380, 142, 310, 72, 380, 142, 310, 72, 652, 414, 254, 16, 310, 72, 254, 16, 380, 142, 792, 554, 72, 310, 310, 72, 72, 310, 156, 394, 310, 72, 16, 254, 142, 380, 694, 456, 254, 16, 142, 380, 478, 240, 666, 428, 254, 16, 310, 72, 254, 16, 652, 414, 666, 428, 142, 380, 72, 310, 380, 142, 254, 16, 680, 442, 254, 16, 310, 72, 170, 408, 170, 408, 652, 414, 16, 254, 16, 254, 142, 380, 142, 380, 310, 72, 380, 142, 380, 142, 310, 72, 680, 442, 72, 310, 666, 428, 16, 254, 72, 310, 254, 16, 254, 16, 380, 142, 764, 526, 708, 470, 310, 72, 72, 310, 310, 72, 380, 142, 254, 16, 310, 72, 310, 72, 254, 16, 708, 470, 708, 470, 380, 142, 254, 16}
Correct solution!
Number of lables used:  26
Time taken: 0.04 seconds
Memory used: 80.68 MB
--------------------------------------------------

Trying with at most 25 labels...
Solution:
{142, 380, 652, 414, 554, 792, 254, 16, 72, 310, 408, 170, 408, 170, 694, 456, 428, 666, 708, 470, 72, 310, 310, 72, 142, 380, 72, 310, 380, 142, 708, 470, 72, 310, 142, 380, 142, 380, 708, 470, 470, 708, 254, 16, 310, 72, 380, 142, 142, 380, 408, 170, 72, 310, 142, 380, 526, 764, 666, 428, 380, 142, 708, 470, 156, 394, 652, 414, 254, 16, 666, 428, 694, 456, 394, 156, 254, 16, 764, 526, 380, 142, 394, 156, 666, 428, 428, 666, 694, 456, 380, 142, 72, 310, 380, 142, 764, 526, 254, 16, 310, 72, 554, 792, 652, 414, 254, 16, 456, 694, 666, 428, 310, 72, 254, 16, 478, 240, 310, 72, 666, 428, 380, 142, 394, 156, 380, 142, 142, 380, 156, 394, 16, 254, 310, 72, 380, 142, 380, 142, 72, 310, 72, 310, 394, 156, 666, 428, 470, 708, 666, 428, 470, 708, 792, 554, 764, 526, 554, 792, 666, 428, 380, 142, 380, 142, 554, 792, 764, 526, 666, 428, 414, 652, 694, 456, 72, 310, 708, 470, 142, 380, 254, 16, 764, 526, 666, 428, 254, 16, 526, 764, 380, 142, 792, 554, 254, 16, 72, 310, 142, 380, 310, 72, 380, 142, 428, 666, 254, 16, 72, 310, 526, 764, 708, 470, 666, 428, 526, 764, 142, 380, 142, 380, 156, 394, 72, 310, 380, 142, 652, 414, 694, 456, 16, 254, 142, 380, 652, 414, 380, 142, 254, 16, 666, 428, 694, 456, 310, 72, 254, 16, 170, 408, 156, 394, 72, 310, 708, 470, 526, 764, 764, 526, 72, 310, 428, 666, 394, 156, 72, 310, 666, 428, 694, 456, 72, 310, 142, 380, 708, 470, 414, 652, 652, 414, 764, 526, 380, 142, 380, 142, 652, 414, 526, 764, 694, 456, 310, 72, 652, 414, 792, 554, 380, 142, 254, 16, 708, 470, 380, 142, 478, 240, 16, 254, 254, 16, 380, 142, 652, 414, 764, 526, 456, 694, 652, 414, 254, 16, 408, 170, 708, 470, 310, 72, 408, 170, 310, 72, 380, 142, 478, 240, 526, 764, 694, 456, 554, 792, 254, 16, 72, 310, 380, 142, 380, 142, 142, 380, 708, 470, 380, 142, 652, 414, 310, 72, 142, 380, 408, 170, 170, 408, 254, 16, 666, 428, 310, 72, 72, 310, 254, 16, 16, 254, 652, 414, 792, 554, 310, 72, 666, 428, 72, 310, 310, 72, 414, 652, 708, 470, 72, 310, 254, 16, 310, 72, 16, 254, 254, 16, 764, 526, 792, 554, 156, 394, 428, 666, 142, 380, 666, 428, 310, 72, 142, 380, 764, 526, 254, 16, 694, 456, 16, 254, 394, 156, 414, 652, 666, 428, 254, 16, 428, 666, 764, 526, 652, 414, 142, 380, 652, 414, 652, 414, 310, 72, 708, 470, 72, 310, 764, 526, 708, 470, 310, 72, 310, 72, 666, 428, 408, 170, 380, 142, 408, 170, 708, 470, 764, 526, 764, 526, 554, 792, 694, 456, 72, 310, 142, 380, 310, 72, 254, 16, 554, 792, 764, 526, 792, 554, 72, 310, 666, 428, 142, 380, 310, 72, 708, 470, 414, 652, 254, 16, 526, 764, 380, 142, 470, 708, 254, 16, 470, 708, 764, 526, 694, 456, 72, 310, 380, 142, 72, 310, 792, 554, 254, 16, 652, 414, 694, 456, 708, 470, 380, 142, 310, 72, 380, 142, 310, 72, 652, 414, 254, 16, 310, 72, 254, 16, 380, 142, 792, 554, 72, 310, 310, 72, 72, 310, 156, 394, 310, 72, 16, 254, 142, 380, 694, 456, 254, 16, 142, 380, 478, 240, 666, 428, 254, 16, 310, 72, 16, 254, 652, 414, 666, 428, 142, 380, 72, 310, 380, 142, 254, 16, 694, 456, 254, 16, 310, 72, 170, 408, 170, 408, 414, 652, 16, 254, 16, 254, 142, 380, 142, 380, 310, 72, 380, 142, 380, 142, 310, 72, 254, 16, 72, 310, 666, 428, 16, 254, 72, 310, 254, 16, 254, 16, 380, 142, 764, 526, 708, 470, 310, 72, 72, 310, 310, 72, 380, 142, 254, 16, 310, 72, 310, 72, 394, 156, 708, 470, 708, 470, 380, 142, 254, 16}
Correct solution!
Number of lables used:  24
Time taken: 0.03 seconds
Memory used: 80.80 MB
--------------------------------------------------

Trying with at most 23 labels...
Solution:
{142, 380, 652, 414, 554, 792, 254, 16, 72, 310, 478, 240, 142, 380, 666, 428, 428, 666, 708, 470, 72, 310, 310, 72, 16, 254, 72, 310, 380, 142, 708, 470, 72, 310, 380, 142, 240, 478, 708, 470, 470, 708, 16, 254, 310, 72, 380, 142, 142, 380, 380, 142, 72, 310, 142, 380, 526, 764, 666, 428, 254, 16, 708, 470, 156, 394, 554, 792, 254, 16, 666, 428, 666, 428, 394, 156, 254, 16, 764, 526, 380, 142, 394, 156, 666, 428, 428, 666, 708, 470, 380, 142, 72, 310, 380, 142, 764, 526, 254, 16, 310, 72, 554, 792, 652, 414, 254, 16, 414, 652, 666, 428, 310, 72, 254, 16, 240, 478, 310, 72, 666, 428, 380, 142, 394, 156, 380, 142, 240, 478, 156, 394, 16, 254, 380, 142, 380, 142, 428, 666, 72, 310, 72, 310, 394, 156, 666, 428, 470, 708, 666, 428, 470, 708, 792, 554, 764, 526, 554, 792, 666, 428, 380, 142, 16, 254, 554, 792, 764, 526, 666, 428, 414, 652, 666, 428, 72, 310, 708, 470, 156, 394, 254, 16, 764, 526, 666, 428, 254, 16, 526, 764, 16, 254, 310, 72, 394, 156, 394, 156, 554, 792, 380, 142, 142, 380, 428, 666, 254, 16, 72, 310, 708, 470, 708, 470, 666, 428, 526, 764, 142, 380, 142, 380, 156, 394, 72, 310, 380, 142, 470, 708, 72, 310, 16, 254, 142, 380, 652, 414, 142, 380, 254, 16, 666, 428, 708, 470, 72, 310, 254, 16, 240, 478, 156, 394, 72, 310, 708, 470, 526, 764, 764, 526, 72, 310, 428, 666, 394, 156, 72, 310, 666, 428, 708, 470, 72, 310, 142, 380, 708, 470, 414, 652, 708, 470, 764, 526, 380, 142, 380, 142, 652, 414, 526, 764, 708, 470, 310, 72, 652, 414, 792, 554, 254, 16, 254, 16, 708, 470, 380, 142, 240, 478, 16, 254, 16, 254, 380, 142, 652, 414, 554, 792, 470, 708, 652, 414, 254, 16, 380, 142, 708, 470, 380, 142, 380, 142, 310, 72, 380, 142, 380, 142, 526, 764, 414, 652, 554, 792, 254, 16, 72, 310, 394, 156, 380, 142, 142, 380, 708, 470, 380, 142, 652, 414, 310, 72, 666, 428, 380, 142, 478, 240, 254, 16, 72, 310, 310, 72, 380, 142, 254, 16, 16, 254, 652, 414, 792, 554, 310, 72, 792, 554, 72, 310, 310, 72, 414, 652, 708, 470, 666, 428, 254, 16, 310, 72, 156, 394, 254, 16, 764, 526, 792, 554, 72, 310, 428, 666, 142, 380, 666, 428, 310, 72, 142, 380, 764, 526, 254, 16, 666, 428, 16, 254, 310, 72, 414, 652, 666, 428, 254, 16, 428, 666, 764, 526, 764, 526, 142, 380, 156, 394, 652, 414, 142, 380, 708, 470, 72, 310, 428, 666, 708, 470, 310, 72, 310, 72, 666, 428, 478, 240, 380, 142, 142, 380, 310, 72, 764, 526, 764, 526, 554, 792, 708, 470, 72, 310, 142, 380, 310, 72, 254, 16, 554, 792, 764, 526, 792, 554, 72, 310, 708, 470, 142, 380, 310, 72, 414, 652, 414, 652, 254, 16, 526, 764, 666, 428, 142, 380, 156, 394, 470, 708, 764, 526, 310, 72, 72, 310, 380, 142, 72, 310, 792, 554, 254, 16, 652, 414, 394, 156, 708, 470, 380, 142, 16, 254, 310, 72, 310, 72, 652, 414, 254, 16, 310, 72, 254, 16, 380, 142, 792, 554, 72, 310, 428, 666, 72, 310, 156, 394, 310, 72, 16, 254, 470, 708, 708, 470, 254, 16, 16, 254, 142, 380, 666, 428, 254, 16, 156, 394, 394, 156, 652, 414, 666, 428, 142, 380, 72, 310, 380, 142, 254, 16, 708, 470, 764, 526, 310, 72, 240, 478, 240, 478, 414, 652, 16, 254, 16, 254, 142, 380, 156, 394, 310, 72, 254, 16, 380, 142, 310, 72, 254, 16, 72, 310, 666, 428, 16, 254, 764, 526, 254, 16, 254, 16, 666, 428, 764, 526, 708, 470, 310, 72, 72, 310, 310, 72, 380, 142, 254, 16, 310, 72, 310, 72, 394, 156, 708, 470, 708, 470, 380, 142, 254, 16}
Correct solution!
Number of lables used:  20
Time taken: 0.03 seconds
Memory used: 81.18 MB
--------------------------------------------------

Trying with at most 19 labels...
Solution:
{142, 380, 652, 414, 554, 792, 394, 156, 72, 310, 380, 142, 142, 380, 652, 414, 142, 380, 708, 470, 72, 310, 254, 16, 44, 282, 72, 310, 380, 142, 708, 470, 44, 282, 380, 142, 240, 478, 708, 470, 470, 708, 16, 254, 394, 156, 708, 470, 142, 380, 380, 142, 554, 792, 470, 708, 156, 394, 792, 554, 254, 16, 708, 470, 156, 394, 16, 254, 142, 380, 72, 310, 652, 414, 254, 16, 254, 16, 554, 792, 652, 414, 310, 72, 652, 414, 470, 708, 708, 470, 380, 142, 44, 282, 310, 72, 142, 380, 254, 16, 310, 72, 792, 554, 652, 414, 254, 16, 16, 254, 708, 470, 310, 72, 254, 16, 240, 478, 310, 72, 142, 380, 380, 142, 394, 156, 72, 310, 240, 478, 72, 310, 142, 380, 380, 142, 478, 240, 470, 708, 254, 16, 72, 310, 394, 156, 142, 380, 380, 142, 792, 554, 470, 708, 792, 554, 254, 16, 554, 792, 380, 142, 254, 16, 44, 282, 254, 16, 792, 554, 708, 470, 414, 652, 44, 282, 72, 310, 708, 470, 44, 282, 254, 16, 282, 44, 708, 470, 16, 254, 394, 156, 792, 554, 310, 72, 394, 156, 470, 708, 792, 554, 380, 142, 142, 380, 72, 310, 254, 16, 72, 310, 380, 142, 142, 380, 310, 72, 414, 652, 708, 470, 142, 380, 142, 380, 652, 414, 380, 142, 470, 708, 156, 394, 16, 254, 142, 380, 652, 414, 142, 380, 254, 16, 708, 470, 708, 470, 792, 554, 254, 16, 240, 478, 156, 394, 72, 310, 72, 310, 310, 72, 652, 414, 72, 310, 470, 708, 414, 652, 72, 310, 652, 414, 470, 708, 142, 380, 156, 394, 792, 554, 414, 652, 708, 470, 254, 16, 310, 72, 380, 142, 652, 414, 554, 792, 652, 414, 310, 72, 652, 414, 156, 394, 254, 16, 282, 44, 792, 554, 380, 142, 240, 478, 652, 414, 708, 470, 478, 240, 254, 16, 554, 792, 470, 708, 652, 414, 254, 16, 478, 240, 414, 652, 380, 142, 478, 240, 310, 72, 380, 142, 380, 142, 44, 282, 708, 470, 44, 282, 254, 16, 44, 282, 554, 792, 394, 156, 142, 380, 470, 708, 380, 142, 652, 414, 156, 394, 380, 142, 380, 142, 142, 380, 254, 16, 310, 72, 310, 72, 72, 310, 254, 16, 16, 254, 156, 394, 792, 554, 310, 72, 792, 554, 72, 310, 72, 310, 414, 652, 554, 792, 708, 470, 254, 16, 414, 652, 156, 394, 282, 44, 792, 554, 792, 554, 72, 310, 792, 554, 142, 380, 282, 44, 652, 414, 142, 380, 470, 708, 254, 16, 142, 380, 652, 414, 310, 72, 414, 652, 142, 380, 254, 16, 254, 16, 44, 282, 652, 414, 142, 380, 652, 414, 652, 414, 142, 380, 708, 470, 72, 310, 254, 16, 708, 470, 652, 414, 310, 72, 708, 470, 478, 240, 380, 142, 142, 380, 380, 142, 282, 44, 72, 310, 554, 792, 708, 470, 72, 310, 44, 282, 310, 72, 254, 16, 554, 792, 310, 72, 652, 414, 72, 310, 708, 470, 142, 380, 44, 282, 470, 708, 470, 708, 254, 16, 470, 708, 554, 792, 414, 652, 156, 394, 16, 254, 470, 708, 44, 282, 72, 310, 142, 380, 72, 310, 16, 254, 254, 16, 652, 414, 142, 380, 708, 470, 380, 142, 156, 394, 142, 380, 310, 72, 652, 414, 380, 142, 310, 72, 254, 16, 380, 142, 554, 792, 72, 310, 142, 380, 44, 282, 652, 414, 44, 282, 16, 254, 470, 708, 72, 310, 394, 156, 16, 254, 142, 380, 310, 72, 394, 156, 44, 282, 380, 142, 652, 414, 708, 470, 652, 414, 282, 44, 394, 156, 254, 16, 708, 470, 282, 44, 310, 72, 240, 478, 478, 240, 72, 310, 156, 394, 16, 254, 240, 478, 310, 72, 282, 44, 652, 414, 72, 310, 44, 282, 394, 156, 394, 156, 470, 708, 310, 72, 282, 44, 16, 254, 792, 554, 470, 708, 310, 72, 554, 792, 282, 44, 414, 652, 414, 652, 380, 142, 470, 708, 394, 156, 254, 16, 310, 72, 380, 142, 792, 554, 708, 470, 254, 16}
Correct solution!
Number of lables used:  18
Time taken: 0.06 seconds
Memory used: 81.55 MB
--------------------------------------------------

Trying with at most 17 labels...
[runlim] sample:		10.0 time, 10.1 real, 87.1 MB
[runlim] sample:		20.0 time, 20.1 real, 93.0 MB
[runlim] sample:		30.0 time, 30.1 real, 149.0 MB
[runlim] sample:		40.0 time, 40.1 real, 153.3 MB
[runlim] sample:		50.0 time, 50.1 real, 123.6 MB
[runlim] sample:		60.0 time, 60.1 real, 152.5 MB
[runlim] sample:		70.0 time, 70.1 real, 167.5 MB
[runlim] sample:		80.0 time, 80.1 real, 171.7 MB
[runlim] sample:		90.0 time, 90.1 real, 171.7 MB
[runlim] sample:		100.0 time, 100.1 real, 171.7 MB
[runlim] sample:		110.0 time, 110.1 real, 171.7 MB
[runlim] sample:		120.0 time, 120.1 real, 171.7 MB
[runlim] sample:		130.0 time, 130.1 real, 171.7 MB
[runlim] sample:		140.0 time, 140.1 real, 171.7 MB
[runlim] sample:		150.0 time, 150.1 real, 171.7 MB
[runlim] sample:		160.0 time, 160.1 real, 171.7 MB
[runlim] sample:		170.0 time, 170.1 real, 171.7 MB
[runlim] sample:		180.0 time, 180.1 real, 171.7 MB
[runlim] sample:		190.0 time, 190.1 real, 171.7 MB
[runlim] sample:		200.0 time, 200.1 real, 171.7 MB
[runlim] sample:		210.0 time, 210.1 real, 171.7 MB
[runlim] sample:		220.0 time, 220.1 real, 171.7 MB
[runlim] sample:		230.0 time, 230.1 real, 171.7 MB
[runlim] sample:		240.0 time, 240.1 real, 171.7 MB
[runlim] sample:		250.0 time, 250.1 real, 171.7 MB
[runlim] sample:		260.0 time, 260.1 real, 171.7 MB
[runlim] sample:		270.0 time, 270.1 real, 171.7 MB
[runlim] sample:		280.0 time, 280.1 real, 171.7 MB
[runlim] sample:		290.0 time, 290.1 real, 171.7 MB
[runlim] sample:		300.0 time, 300.1 real, 171.7 MB
[runlim] sample:		310.0 time, 310.1 real, 171.7 MB
[runlim] sample:		320.0 time, 320.1 real, 171.7 MB
[runlim] sample:		330.0 time, 330.1 real, 171.7 MB
[runlim] sample:		340.0 time, 340.1 real, 171.7 MB
[runlim] sample:		350.0 time, 350.1 real, 171.7 MB
[runlim] sample:		360.0 time, 360.1 real, 171.7 MB
[runlim] sample:		370.0 time, 370.1 real, 124.8 MB
[runlim] sample:		380.0 time, 380.1 real, 131.8 MB
[runlim] sample:		390.0 time, 390.1 real, 127.3 MB
[runlim] sample:		400.0 time, 400.1 real, 133.4 MB
[runlim] sample:		410.0 time, 410.1 real, 127.3 MB
[runlim] sample:		420.0 time, 420.1 real, 131.7 MB
[runlim] sample:		430.0 time, 430.1 real, 136.7 MB
[runlim] sample:		440.0 time, 440.1 real, 130.7 MB
[runlim] sample:		450.0 time, 450.1 real, 136.4 MB
[runlim] sample:		460.0 time, 460.1 real, 130.6 MB
[runlim] sample:		470.0 time, 470.1 real, 136.6 MB
[runlim] sample:		480.0 time, 480.1 real, 131.3 MB
[runlim] sample:		490.0 time, 490.1 real, 136.4 MB
[runlim] sample:		500.0 time, 500.1 real, 129.5 MB
[runlim] sample:		510.0 time, 510.1 real, 134.8 MB
[runlim] sample:		520.0 time, 520.1 real, 127.5 MB
[runlim] sample:		530.0 time, 530.1 real, 134.7 MB
[runlim] sample:		540.0 time, 540.1 real, 127.1 MB
[runlim] sample:		550.0 time, 550.1 real, 133.5 MB
[runlim] sample:		560.0 time, 560.1 real, 138.6 MB
[runlim] sample:		570.0 time, 570.1 real, 130.6 MB
[runlim] sample:		580.0 time, 580.1 real, 136.6 MB
[runlim] sample:		590.0 time, 590.1 real, 127.6 MB
[runlim] sample:		600.0 time, 600.1 real, 134.7 MB
[runlim] end:			Tue Dec  2 10:46:32 2025
[runlim] status:		out of time
[runlim] result:		2
[runlim] children:		0
[runlim] real:			600.08 seconds
[runlim] time:			599.98 seconds
[runlim] space:			171.7 MB
[runlim] samples:		6000
