[runlim] version:		1.10
[runlim] time limit:		311040000 seconds
[runlim] real time limit:	600 seconds
[runlim] space limit:		512 MB
[runlim] argv[0]:		python3
[runlim] argv[1]:		-u
[runlim] argv[2]:		main.py
[runlim] argv[3]:		graph02
[runlim] start:			Tue Dec  2 10:26:32 2025
[runlim] main pid:		23217
Solve first problem:
Solution:
{666, 428, 100, 338, 268, 30, 324, 86, 652, 414, 394, 156, 694, 456, 310, 72, 282, 44, 296, 58, 142, 380, 366, 128, 268, 30, 324, 86, 156, 394, 114, 352, 380, 142, 666, 428, 86, 324, 380, 142, 324, 86, 254, 16, 680, 442, 338, 100, 310, 72, 44, 282, 380, 142, 296, 58, 666, 428, 310, 72, 128, 366, 310, 72, 30, 268, 652, 414, 254, 16, 380, 142, 16, 254, 254, 16, 394, 156, 282, 44, 310, 72, 156, 394, 694, 456, 86, 324, 156, 394, 268, 30, 324, 86, 666, 428, 128, 366, 310, 72, 324, 86, 380, 142, 16, 254, 352, 114, 282, 44, 296, 58, 30, 268, 338, 100, 114, 352, 380, 142, 338, 100, 324, 86, 268, 30, 338, 100, 380, 142, 324, 86, 680, 442, 380, 142, 324, 86, 282, 44, 352, 114, 680, 442, 282, 44, 352, 114, 58, 296, 338, 100, 254, 16, 380, 142, 652, 414, 310, 72, 708, 470, 380, 142, 352, 114, 310, 72, 324, 86, 338, 100, 296, 58, 680, 442, 156, 394, 380, 142, 268, 30, 694, 456, 282, 44, 652, 414, 380, 142, 680, 442, 128, 366, 324, 86, 296, 58, 310, 72, 156, 394, 268, 30, 324, 86, 338, 100, 310, 72, 268, 30, 478, 240, 366, 128, 254, 16, 268, 30, 352, 114, 324, 86, 254, 16, 408, 170, 310, 72, 16, 254, 366, 128, 282, 44, 268, 30, 338, 100, 296, 58, 338, 100, 666, 428, 380, 142, 324, 86, 16, 254, 58, 296, 380, 142, 310, 72, 380, 142, 254, 16, 380, 142, 380, 142, 44, 282, 282, 44, 268, 30, 296, 58, 254, 16, 310, 72, 666, 428, 366, 128, 268, 30, 380, 142, 254, 16, 324, 86, 380, 142, 380, 142, 338, 100, 380, 142, 408, 170, 282, 44, 652, 414, 268, 30, 296, 58, 380, 142, 380, 142, 380, 142, 296, 58, 408, 170, 310, 72, 380, 142, 338, 100, 310, 72, 282, 44, 268, 30, 268, 30, 268, 30, 254, 16, 282, 44, 380, 142, 296, 58, 254, 16, 310, 72, 310, 72, 380, 142, 380, 142, 254, 16, 268, 30, 324, 86, 338, 100, 338, 100, 268, 30, 268, 30, 254, 16, 282, 44, 254, 16, 324, 86, 254, 16, 254, 16, 282, 44, 268, 30, 254, 16, 268, 30, 268, 30, 254, 16, 254, 16, 254, 16, 268, 30, 324, 86, 268, 30}
Correct solution!
Number of lables used:  36
Time taken: 0.64 seconds
Memory used: 55.78 MB
--------------------------------------------------

Trying with at most 35 labels...
Solution:
{100, 338, 16, 254, 338, 100, 338, 100, 540, 778, 694, 456, 778, 540, 456, 694, 254, 16, 100, 338, 694, 456, 428, 666, 540, 778, 282, 44, 254, 16, 324, 86, 86, 324, 428, 666, 100, 338, 778, 540, 338, 100, 338, 100, 282, 44, 254, 16, 100, 338, 666, 428, 240, 478, 324, 86, 666, 428, 44, 282, 100, 338, 324, 86, 44, 282, 338, 100, 324, 86, 478, 240, 100, 338, 282, 44, 338, 100, 324, 86, 324, 86, 666, 428, 540, 778, 44, 282, 324, 86, 338, 100, 86, 324, 778, 540, 428, 666, 666, 428, 44, 282, 694, 456, 666, 428, 44, 282, 282, 44, 324, 86, 100, 338, 338, 100, 16, 254, 478, 240, 338, 100, 324, 86, 100, 338, 338, 100, 478, 240, 324, 86, 456, 694, 478, 240, 338, 100, 44, 282, 456, 694, 694, 456, 282, 44, 338, 100, 86, 324, 694, 456, 778, 540, 478, 240, 44, 282, 324, 86, 428, 666, 240, 478, 456, 694, 44, 282, 428, 666, 428, 666, 666, 428, 254, 16, 778, 540, 478, 240, 282, 44, 694, 456, 282, 44, 694, 456, 478, 240, 86, 324, 778, 540, 324, 86, 100, 338, 324, 86, 16, 254, 324, 86, 778, 540, 44, 282, 16, 254, 338, 100, 478, 240, 666, 428, 778, 540, 282, 44, 100, 338, 324, 86, 254, 16, 240, 478, 254, 16, 16, 254, 282, 44, 282, 44, 324, 86, 428, 666, 666, 428, 666, 428, 666, 428, 478, 240, 324, 86, 778, 540, 254, 16, 478, 240, 666, 428, 478, 240, 16, 254, 478, 240, 240, 478, 778, 540, 282, 44, 778, 540, 666, 428, 254, 16, 86, 324, 100, 338, 694, 456, 540, 778, 240, 478, 254, 16, 428, 666, 478, 240, 478, 240, 694, 456, 240, 478, 478, 240, 428, 666, 778, 540, 86, 324, 324, 86, 240, 478, 478, 240, 478, 240, 338, 100, 240, 478, 282, 44, 16, 254, 338, 100, 778, 540, 694, 456, 44, 282, 44, 282, 338, 100, 254, 16, 282, 44, 478, 240, 44, 282, 338, 100, 324, 86, 666, 428, 478, 240, 478, 240, 16, 254, 282, 44, 778, 540, 338, 100, 778, 540, 324, 86, 282, 44, 100, 338, 324, 86, 100, 338, 666, 428, 254, 16, 100, 338, 282, 44, 324, 86, 254, 16, 282, 44, 100, 338, 254, 16, 254, 16, 254, 16, 282, 44, 666, 428, 282, 44}
Correct solution!
Number of lables used:  16
Time taken: 0.02 seconds
Memory used: 57.65 MB
--------------------------------------------------

Trying with at most 15 labels...
Solution:
{100, 338, 16, 254, 338, 100, 324, 86, 540, 778, 540, 778, 778, 540, 428, 666, 86, 324, 100, 338, 666, 428, 324, 86, 540, 778, 282, 44, 338, 100, 324, 86, 86, 324, 778, 540, 100, 338, 778, 540, 254, 16, 338, 100, 282, 44, 428, 666, 100, 338, 540, 778, 240, 478, 324, 86, 666, 428, 44, 282, 100, 338, 324, 86, 666, 428, 338, 100, 338, 100, 478, 240, 338, 100, 282, 44, 338, 100, 324, 86, 44, 282, 666, 428, 540, 778, 44, 282, 100, 338, 338, 100, 666, 428, 428, 666, 428, 666, 778, 540, 44, 282, 540, 778, 778, 540, 44, 282, 282, 44, 324, 86, 100, 338, 338, 100, 16, 254, 478, 240, 338, 100, 324, 86, 86, 324, 324, 86, 478, 240, 324, 86, 44, 282, 240, 478, 338, 100, 282, 44, 666, 428, 666, 428, 778, 540, 338, 100, 86, 324, 44, 282, 778, 540, 478, 240, 338, 100, 324, 86, 428, 666, 240, 478, 254, 16, 666, 428, 428, 666, 428, 666, 666, 428, 254, 16, 778, 540, 478, 240, 282, 44, 666, 428, 282, 44, 100, 338, 478, 240, 86, 324, 778, 540, 282, 44, 100, 338, 338, 100, 16, 254, 324, 86, 778, 540, 44, 282, 16, 254, 338, 100, 478, 240, 666, 428, 428, 666, 282, 44, 100, 338, 324, 86, 254, 16, 240, 478, 254, 16, 16, 254, 282, 44, 666, 428, 324, 86, 16, 254, 44, 282, 778, 540, 778, 540, 478, 240, 324, 86, 778, 540, 254, 16, 240, 478, 666, 428, 478, 240, 16, 254, 478, 240, 240, 478, 86, 324, 338, 100, 778, 540, 666, 428, 254, 16, 86, 324, 100, 338, 540, 778, 778, 540, 240, 478, 282, 44, 428, 666, 478, 240, 478, 240, 428, 666, 240, 478, 478, 240, 44, 282, 778, 540, 86, 324, 324, 86, 240, 478, 478, 240, 478, 240, 324, 86, 240, 478, 666, 428, 324, 86, 666, 428, 778, 540, 44, 282, 44, 282, 44, 282, 338, 100, 254, 16, 282, 44, 478, 240, 428, 666, 86, 324, 324, 86, 666, 428, 478, 240, 478, 240, 16, 254, 282, 44, 778, 540, 338, 100, 282, 44, 428, 666, 282, 44, 100, 338, 324, 86, 100, 338, 666, 428, 254, 16, 324, 86, 778, 540, 324, 86, 254, 16, 100, 338, 282, 44, 254, 16, 254, 16, 44, 282, 282, 44, 428, 666, 282, 44}
Correct solution!
Number of lables used:  14
Time taken: 0.02 seconds
Memory used: 57.90 MB
--------------------------------------------------

Trying with at most 13 labels...
[runlim] sample:		10.0 time, 10.0 real, 82.2 MB
[runlim] sample:		20.0 time, 20.0 real, 106.5 MB
[runlim] sample:		30.0 time, 30.0 real, 106.6 MB
[runlim] sample:		40.0 time, 40.0 real, 106.6 MB
[runlim] sample:		50.0 time, 50.0 real, 106.7 MB
[runlim] sample:		60.0 time, 60.0 real, 107.5 MB
[runlim] sample:		70.0 time, 70.0 real, 108.0 MB
[runlim] sample:		80.0 time, 80.0 real, 108.5 MB
[runlim] sample:		90.0 time, 90.0 real, 109.0 MB
[runlim] sample:		100.0 time, 100.0 real, 109.3 MB
[runlim] sample:		110.0 time, 110.0 real, 110.1 MB
[runlim] sample:		120.0 time, 120.0 real, 110.5 MB
[runlim] sample:		130.0 time, 130.0 real, 110.5 MB
[runlim] sample:		140.0 time, 140.0 real, 110.7 MB
[runlim] sample:		150.0 time, 150.0 real, 118.1 MB
[runlim] sample:		160.0 time, 160.0 real, 119.8 MB
[runlim] sample:		170.0 time, 170.0 real, 120.5 MB
[runlim] sample:		180.0 time, 180.0 real, 121.3 MB
[runlim] sample:		190.0 time, 190.0 real, 122.3 MB
[runlim] sample:		200.0 time, 200.0 real, 123.1 MB
[runlim] sample:		210.0 time, 210.0 real, 123.8 MB
[runlim] sample:		220.0 time, 220.0 real, 124.2 MB
[runlim] sample:		230.0 time, 230.0 real, 124.6 MB
[runlim] sample:		240.0 time, 240.0 real, 125.3 MB
[runlim] sample:		250.0 time, 250.0 real, 126.0 MB
[runlim] sample:		260.0 time, 260.0 real, 138.3 MB
[runlim] sample:		270.0 time, 270.0 real, 144.8 MB
[runlim] sample:		280.0 time, 280.0 real, 144.8 MB
[runlim] sample:		290.0 time, 290.0 real, 144.8 MB
[runlim] sample:		300.0 time, 300.0 real, 144.8 MB
[runlim] sample:		310.0 time, 310.0 real, 144.8 MB
[runlim] sample:		320.0 time, 320.0 real, 144.8 MB
[runlim] sample:		330.0 time, 330.0 real, 144.8 MB
[runlim] sample:		340.0 time, 340.0 real, 144.8 MB
[runlim] sample:		350.0 time, 350.0 real, 144.8 MB
[runlim] sample:		360.0 time, 360.0 real, 144.8 MB
[runlim] sample:		370.0 time, 370.0 real, 144.8 MB
[runlim] sample:		380.0 time, 380.0 real, 144.8 MB
[runlim] sample:		390.0 time, 390.0 real, 144.8 MB
[runlim] sample:		400.0 time, 400.0 real, 144.8 MB
[runlim] sample:		410.0 time, 410.0 real, 144.8 MB
[runlim] sample:		420.0 time, 420.0 real, 144.8 MB
[runlim] sample:		430.0 time, 430.0 real, 144.8 MB
[runlim] sample:		440.0 time, 440.0 real, 144.8 MB
[runlim] sample:		450.0 time, 450.0 real, 144.8 MB
[runlim] sample:		460.0 time, 460.0 real, 144.8 MB
[runlim] sample:		470.0 time, 470.0 real, 144.8 MB
[runlim] sample:		480.0 time, 480.0 real, 144.8 MB
[runlim] sample:		490.0 time, 490.0 real, 144.8 MB
[runlim] sample:		500.0 time, 500.0 real, 144.8 MB
[runlim] sample:		510.0 time, 510.0 real, 144.8 MB
[runlim] sample:		520.0 time, 520.0 real, 144.8 MB
[runlim] sample:		530.0 time, 530.0 real, 144.8 MB
[runlim] sample:		540.0 time, 540.0 real, 144.8 MB
[runlim] sample:		550.0 time, 550.0 real, 144.8 MB
[runlim] sample:		560.0 time, 560.0 real, 144.8 MB
[runlim] sample:		570.0 time, 570.0 real, 144.8 MB
[runlim] sample:		580.0 time, 580.0 real, 144.8 MB
[runlim] sample:		590.0 time, 590.0 real, 144.8 MB
[runlim] sample:		600.0 time, 600.0 real, 144.8 MB
[runlim] end:			Tue Dec  2 10:36:32 2025
[runlim] status:		out of time
[runlim] result:		2
[runlim] children:		0
[runlim] real:			600.06 seconds
[runlim] time:			599.98 seconds
[runlim] space:			144.8 MB
[runlim] samples:		6000
