[runlim] version:		1.10
[runlim] time limit:		311040000 seconds
[runlim] real time limit:	600 seconds
[runlim] space limit:		512 MB
[runlim] argv[0]:		python3
[runlim] argv[1]:		-u
[runlim] argv[2]:		main.py
[runlim] argv[3]:		graph14
[runlim] start:			Tue Dec  2 10:56:32 2025
[runlim] main pid:		33107
Solve first problem:
Solution:
{394, 156, 652, 414, 652, 414, 352, 114, 394, 156, 338, 100, 142, 380, 254, 16, 394, 156, 310, 72, 694, 456, 296, 58, 338, 100, 296, 58, 352, 114, 352, 114, 394, 156, 310, 72, 380, 142, 254, 16, 352, 114, 16, 254, 16, 254, 652, 414, 352, 114, 338, 100, 652, 414, 338, 100, 100, 338, 268, 30, 282, 44, 338, 100, 282, 44, 268, 30, 254, 16, 394, 156, 324, 86, 366, 128, 338, 100, 380, 142, 324, 86, 666, 428, 380, 142, 338, 100, 380, 142, 352, 114, 114, 352, 254, 16, 128, 366, 268, 30, 310, 72, 652, 414, 652, 414, 394, 156, 338, 100, 366, 128, 128, 366, 58, 296, 652, 414, 324, 86, 296, 58, 352, 114, 282, 44, 652, 414, 394, 156, 338, 100, 380, 142, 394, 156, 310, 72, 324, 86, 282, 44, 394, 156, 114, 352, 338, 100, 338, 100, 652, 414, 296, 58, 394, 156, 282, 44, 352, 114, 268, 30, 310, 72, 666, 428, 652, 414, 394, 156, 380, 142, 114, 352, 380, 142, 282, 44, 338, 100, 296, 58, 352, 114, 296, 58, 394, 156, 282, 44, 394, 156, 282, 44, 16, 254, 352, 114, 366, 128, 324, 86, 324, 86, 310, 72, 352, 114, 310, 72, 380, 142, 366, 128, 366, 128, 652, 414, 394, 156, 352, 114, 380, 142, 268, 30, 366, 128, 296, 58, 338, 100, 282, 44, 366, 128, 366, 128, 394, 156, 380, 142, 254, 16, 652, 414, 296, 58, 338, 100, 156, 394, 394, 156, 254, 16, 268, 30, 142, 380, 268, 30, 352, 114, 380, 142, 282, 44, 282, 44, 324, 86, 86, 324, 366, 128, 380, 142, 366, 128, 366, 128, 114, 352, 338, 100, 652, 414, 352, 114, 254, 16, 338, 100, 268, 30, 366, 128, 142, 380, 352, 114, 324, 86, 282, 44, 352, 114, 254, 16, 282, 44, 394, 156, 366, 128, 268, 30, 338, 100, 324, 86, 282, 44, 324, 86, 282, 44, 352, 114, 268, 30, 380, 142, 338, 100, 16, 254, 310, 72, 282, 44, 16, 254, 338, 100, 652, 414, 394, 156, 352, 114, 338, 100, 296, 58, 366, 128, 254, 16, 366, 128, 338, 100, 352, 114, 296, 58, 296, 58, 352, 114, 254, 16, 282, 44, 282, 44, 254, 16, 254, 16, 282, 44, 338, 100, 268, 30, 268, 30, 380, 142, 282, 44, 254, 16, 324, 86, 156, 394, 338, 100, 254, 16, 282, 44, 324, 86, 282, 44, 268, 30, 324, 86, 282, 44, 296, 58, 268, 30, 338, 100, 338, 100, 352, 114, 380, 142, 268, 30, 268, 30, 352, 114, 666, 428, 268, 30, 380, 142, 338, 100, 268, 30, 338, 100, 296, 58, 338, 100, 254, 16, 394, 156, 366, 128, 268, 30, 254, 16, 282, 44, 380, 142, 338, 100, 282, 44, 366, 128, 380, 142, 324, 86, 352, 114, 282, 44, 268, 30, 310, 72, 268, 30, 338, 100, 310, 72, 268, 30, 324, 86, 324, 86, 282, 44, 268, 30, 268, 30, 72, 310, 282, 44, 282, 44, 324, 86, 254, 16, 310, 72, 394, 156, 352, 114, 324, 86, 254, 16, 310, 72, 268, 30, 254, 16, 324, 86, 254, 16, 310, 72, 268, 30, 16, 254, 310, 72, 366, 128, 282, 44, 282, 44, 268, 30, 58, 296, 296, 58, 282, 44, 282, 44, 324, 86, 282, 44, 254, 16, 282, 44, 254, 16, 268, 30, 268, 30, 310, 72, 296, 58, 366, 128, 296, 58, 352, 114, 282, 44, 268, 30, 338, 100, 254, 16, 268, 30, 324, 86, 282, 44, 268, 30, 282, 44, 310, 72, 268, 30, 268, 30, 310, 72, 296, 58, 324, 86, 254, 16, 254, 16, 352, 114, 268, 30, 338, 100, 282, 44, 296, 58, 324, 86, 324, 86, 282, 44, 338, 100, 338, 100, 296, 58, 282, 44, 338, 100, 310, 72, 324, 86, 254, 16, 254, 16, 324, 86, 296, 58, 324, 86, 310, 72, 310, 72, 366, 128, 338, 100, 268, 30, 254, 16, 366, 128, 338, 100, 380, 142, 352, 114, 310, 72, 268, 30, 268, 30, 268, 30, 268, 30, 380, 142, 352, 114, 310, 72, 254, 16, 366, 128, 268, 30, 268, 30, 324, 86, 310, 72, 254, 16, 268, 30, 268, 30, 338, 100, 296, 58, 324, 86, 268, 30, 268, 30, 268, 30, 296, 58, 268, 30, 268, 30, 268, 30, 310, 72, 254, 16, 254, 16, 296, 58, 282, 44, 310, 72, 254, 16, 268, 30, 296, 58, 380, 142, 352, 114, 268, 30, 268, 30, 296, 58, 310, 72, 310, 72, 268, 30, 268, 30, 282, 44, 352, 114, 352, 114, 254, 16, 282, 44, 310, 72, 338, 100, 296, 58, 268, 30, 268, 30, 310, 72, 366, 128, 310, 72, 324, 86, 268, 30, 310, 72, 338, 100, 268, 30, 324, 86, 282, 44, 268, 30, 268, 30, 296, 58, 268, 30, 296, 58, 352, 114, 268, 30, 310, 72, 268, 30, 324, 86, 296, 58, 268, 30, 268, 30, 352, 114, 268, 30, 296, 58, 338, 100, 268, 30, 310, 72, 268, 30, 268, 30, 268, 30, 352, 114, 268, 30, 310, 72, 394, 156, 268, 30, 254, 16, 268, 30, 282, 44, 296, 58, 394, 156, 254, 16, 268, 30, 128, 366, 254, 16, 310, 72, 352, 114, 310, 72, 268, 30, 352, 114, 296, 58, 324, 86, 282, 44, 72, 310, 268, 30, 296, 58, 254, 16, 338, 100, 338, 100, 338, 100, 254, 16, 268, 30, 254, 16, 338, 100, 296, 58, 268, 30}
Correct solution!
Number of lables used:  28
Time taken: 1.14 seconds
Memory used: 99.12 MB
--------------------------------------------------

Trying with at most 27 labels...
Solution:
{484, 722, 282, 44, 442, 680, 310, 72, 722, 484, 44, 282, 310, 72, 310, 72, 722, 484, 484, 722, 666, 428, 442, 680, 680, 442, 428, 666, 666, 428, 72, 310, 310, 72, 72, 310, 44, 282, 310, 72, 72, 310, 442, 680, 722, 484, 44, 282, 666, 428, 484, 722, 722, 484, 666, 428, 282, 44, 680, 442, 72, 310, 722, 484, 666, 428, 442, 680, 442, 680, 666, 428, 722, 484, 72, 310, 722, 484, 722, 484, 282, 44, 44, 282, 484, 722, 722, 484, 484, 722, 282, 44, 666, 428, 282, 44, 666, 428, 44, 282, 722, 484, 666, 428, 484, 722, 282, 44, 722, 484, 680, 442, 282, 44, 484, 722, 484, 722, 722, 484, 666, 428, 722, 484, 428, 666, 680, 442, 722, 484, 484, 722, 72, 310, 428, 666, 680, 442, 680, 442, 310, 72, 310, 72, 282, 44, 428, 666, 484, 722, 722, 484, 722, 484, 282, 44, 442, 680, 428, 666, 680, 442, 722, 484, 484, 722, 722, 484, 72, 310, 72, 310, 484, 722, 666, 428, 72, 310, 310, 72, 310, 72, 428, 666, 442, 680, 722, 484, 282, 44, 722, 484, 44, 282, 282, 44, 722, 484, 442, 680, 72, 310, 282, 44, 722, 484, 722, 484, 282, 44, 282, 44, 310, 72, 428, 666, 310, 72, 680, 442, 484, 722, 680, 442, 680, 442, 72, 310, 72, 310, 310, 72, 310, 72, 310, 72, 484, 722, 282, 44, 428, 666, 666, 428, 722, 484, 72, 310, 722, 484, 666, 428, 442, 680, 72, 310, 282, 44, 722, 484, 666, 428, 722, 484, 680, 442, 310, 72, 282, 44, 484, 722, 680, 442, 44, 282, 484, 722, 282, 44, 282, 44, 428, 666, 680, 442, 722, 484, 484, 722, 666, 428, 72, 310, 310, 72, 722, 484, 44, 282, 666, 428, 666, 428, 44, 282, 428, 666, 310, 72, 282, 44, 484, 722, 680, 442, 282, 44, 442, 680, 428, 666, 484, 722, 666, 428, 282, 44, 666, 428, 310, 72, 442, 680, 484, 722, 722, 484, 72, 310, 44, 282, 282, 44, 442, 680, 428, 666, 72, 310, 484, 722, 442, 680, 72, 310, 680, 442, 310, 72, 484, 722, 722, 484, 44, 282, 310, 72, 72, 310, 722, 484, 666, 428, 442, 680, 310, 72, 722, 484, 666, 428, 666, 428, 310, 72, 72, 310, 282, 44, 428, 666, 428, 666, 282, 44, 72, 310, 282, 44, 72, 310, 442, 680, 680, 442, 428, 666, 666, 428, 282, 44, 310, 72, 282, 44, 310, 72, 680, 442, 722, 484, 484, 722, 310, 72, 428, 666, 484, 722, 428, 666, 442, 680, 484, 722, 428, 666, 72, 310, 666, 428, 666, 428, 722, 484, 310, 72, 72, 310, 680, 442, 722, 484, 282, 44, 44, 282, 310, 72, 484, 722, 72, 310, 72, 310, 282, 44, 310, 72, 310, 72, 282, 44, 310, 72, 310, 72, 484, 722, 666, 428, 310, 72, 72, 310, 72, 310, 442, 680, 442, 680, 680, 442, 282, 44, 282, 44, 72, 310, 282, 44, 44, 282, 484, 722, 442, 680, 680, 442, 428, 666, 722, 484, 310, 72, 680, 442, 680, 442, 680, 442, 428, 666, 72, 310, 680, 442, 282, 44, 666, 428, 44, 282, 44, 282, 44, 282, 282, 44, 282, 44, 44, 282, 484, 722, 722, 484, 72, 310, 428, 666, 44, 282, 484, 722, 310, 72, 722, 484, 722, 484, 722, 484, 666, 428, 282, 44, 428, 666, 666, 428, 72, 310, 282, 44, 282, 44, 282, 44, 666, 428, 722, 484, 666, 428, 680, 442, 722, 484, 680, 442, 44, 282, 666, 428, 680, 442, 310, 72, 282, 44, 484, 722, 282, 44, 666, 428, 680, 442, 666, 428, 442, 680, 680, 442, 72, 310, 282, 44, 484, 722, 72, 310, 666, 428, 44, 282, 442, 680, 310, 72, 666, 428, 666, 428, 680, 442, 428, 666, 72, 310, 442, 680, 484, 722, 722, 484, 282, 44, 666, 428, 72, 310, 442, 680, 666, 428, 442, 680, 282, 44, 72, 310, 310, 72, 442, 680, 484, 722, 310, 72, 310, 72, 722, 484, 310, 72, 666, 428, 282, 44, 44, 282, 666, 428, 72, 310, 442, 680, 282, 44, 282, 44, 44, 282, 72, 310, 428, 666, 680, 442, 484, 722, 44, 282, 428, 666, 428, 666, 428, 666, 666, 428, 484, 722, 428, 666, 666, 428, 722, 484, 722, 484, 44, 282, 666, 428, 310, 72, 310, 72, 428, 666, 310, 72, 44, 282, 310, 72, 282, 44, 722, 484, 310, 72, 442, 680, 282, 44, 484, 722, 310, 72, 722, 484, 722, 484, 722, 484, 442, 680, 428, 666, 72, 310, 666, 428, 680, 442, 44, 282, 722, 484, 310, 72, 680, 442, 310, 72, 44, 282, 72, 310, 722, 484, 722, 484, 722, 484, 310, 72, 666, 428, 282, 44, 442, 680, 442, 680, 666, 428, 282, 44, 310, 72, 282, 44, 282, 44, 72, 310, 722, 484, 44, 282, 442, 680, 310, 72, 722, 484, 72, 310, 282, 44, 680, 442, 442, 680, 282, 44, 484, 722, 722, 484, 722, 484, 428, 666, 44, 282, 484, 722, 722, 484, 666, 428, 44, 282, 722, 484, 428, 666, 428, 666, 72, 310, 484, 722, 282, 44, 722, 484, 442, 680, 310, 72, 484, 722, 484, 722, 428, 666, 680, 442, 44, 282, 442, 680, 282, 44, 722, 484, 310, 72, 722, 484, 44, 282, 310, 72, 442, 680, 72, 310, 72, 310, 44, 282, 484, 722, 72, 310, 442, 680, 722, 484, 666, 428, 282, 44, 666, 428, 72, 310}
Correct solution!
Number of lables used:  10
Time taken: 0.06 seconds
Memory used: 102.29 MB
--------------------------------------------------

Trying with at most 9 labels...
Solution:
{142, 380, 310, 72, 142, 380, 72, 310, 380, 142, 554, 792, 792, 554, 310, 72, 456, 694, 310, 72, 694, 456, 142, 380, 142, 380, 142, 380, 456, 694, 310, 72, 694, 456, 456, 694, 694, 456, 694, 456, 380, 142, 694, 456, 694, 456, 72, 310, 792, 554, 792, 554, 380, 142, 694, 456, 792, 554, 380, 142, 310, 72, 72, 310, 380, 142, 456, 694, 554, 792, 456, 694, 694, 456, 380, 142, 456, 694, 72, 310, 554, 792, 456, 694, 792, 554, 792, 554, 380, 142, 72, 310, 310, 72, 554, 792, 694, 456, 380, 142, 554, 792, 554, 792, 792, 554, 72, 310, 142, 380, 72, 310, 694, 456, 792, 554, 554, 792, 72, 310, 456, 694, 72, 310, 310, 72, 72, 310, 142, 380, 380, 142, 380, 142, 72, 310, 310, 72, 554, 792, 694, 456, 792, 554, 456, 694, 72, 310, 310, 72, 554, 792, 142, 380, 310, 72, 694, 456, 380, 142, 72, 310, 694, 456, 554, 792, 792, 554, 694, 456, 310, 72, 142, 380, 456, 694, 456, 694, 554, 792, 142, 380, 792, 554, 792, 554, 72, 310, 694, 456, 380, 142, 72, 310, 792, 554, 310, 72, 142, 380, 792, 554, 456, 694, 792, 554, 554, 792, 310, 72, 380, 142, 456, 694, 72, 310, 694, 456, 380, 142, 72, 310, 694, 456, 380, 142, 456, 694, 694, 456, 792, 554, 694, 456, 694, 456, 456, 694, 142, 380, 142, 380, 456, 694, 792, 554, 310, 72, 142, 380, 310, 72, 554, 792, 792, 554, 456, 694, 72, 310, 142, 380, 694, 456, 72, 310, 142, 380, 694, 456, 792, 554, 142, 380, 310, 72, 142, 380, 694, 456, 694, 456, 456, 694, 694, 456, 142, 380, 792, 554, 792, 554, 310, 72, 380, 142, 142, 380, 310, 72, 456, 694, 554, 792, 310, 72, 554, 792, 554, 792, 72, 310, 380, 142, 792, 554, 380, 142, 554, 792, 456, 694, 554, 792, 72, 310, 72, 310, 456, 694, 456, 694, 142, 380, 142, 380, 310, 72, 554, 792, 380, 142, 380, 142, 792, 554, 792, 554, 694, 456, 554, 792, 792, 554, 72, 310, 310, 72, 792, 554, 72, 310, 310, 72, 380, 142, 554, 792, 142, 380, 72, 310, 554, 792, 380, 142, 310, 72, 792, 554, 792, 554, 456, 694, 72, 310, 456, 694, 310, 72, 456, 694, 72, 310, 72, 310, 72, 310, 456, 694, 142, 380, 310, 72, 380, 142, 694, 456, 380, 142, 310, 72, 310, 72, 380, 142, 792, 554, 380, 142, 554, 792, 380, 142, 72, 310, 72, 310, 142, 380, 380, 142, 310, 72, 792, 554, 310, 72, 694, 456, 142, 380, 72, 310, 456, 694, 142, 380, 72, 310, 554, 792, 456, 694, 380, 142, 310, 72, 694, 456, 142, 380, 456, 694, 792, 554, 72, 310, 72, 310, 380, 142, 554, 792, 310, 72, 380, 142, 380, 142, 380, 142, 694, 456, 554, 792, 554, 792, 142, 380, 380, 142, 310, 72, 456, 694, 310, 72, 694, 456, 792, 554, 72, 310, 72, 310, 142, 380, 554, 792, 380, 142, 554, 792, 380, 142, 554, 792, 72, 310, 142, 380, 456, 694, 694, 456, 554, 792, 456, 694, 792, 554, 72, 310, 792, 554, 694, 456, 310, 72, 310, 72, 142, 380, 72, 310, 554, 792, 310, 72, 72, 310, 142, 380, 554, 792, 310, 72, 554, 792, 72, 310, 380, 142, 694, 456, 694, 456, 142, 380, 554, 792, 142, 380, 554, 792, 72, 310, 554, 792, 456, 694, 310, 72, 72, 310, 142, 380, 554, 792, 72, 310, 142, 380, 72, 310, 72, 310, 456, 694, 142, 380, 792, 554, 310, 72, 554, 792, 554, 792, 310, 72, 456, 694, 380, 142, 142, 380, 456, 694, 380, 142, 310, 72, 554, 792, 456, 694, 694, 456, 554, 792, 72, 310, 142, 380, 142, 380, 456, 694, 554, 792, 792, 554, 792, 554, 554, 792, 792, 554, 792, 554, 792, 554, 554, 792, 554, 792, 380, 142, 310, 72, 142, 380, 72, 310, 792, 554, 792, 554, 456, 694, 554, 792, 456, 694, 456, 694, 380, 142, 72, 310, 310, 72, 72, 310, 456, 694, 792, 554, 694, 456, 142, 380, 72, 310, 792, 554, 554, 792, 792, 554, 694, 456, 72, 310, 380, 142, 792, 554, 72, 310, 694, 456, 456, 694, 694, 456, 142, 380, 694, 456, 142, 380, 792, 554, 792, 554, 792, 554, 456, 694, 694, 456, 694, 456, 694, 456, 554, 792, 142, 380, 456, 694, 554, 792, 310, 72, 456, 694, 142, 380, 792, 554, 72, 310, 792, 554, 694, 456, 72, 310, 142, 380, 142, 380, 72, 310, 792, 554, 694, 456, 310, 72, 792, 554, 310, 72, 456, 694, 310, 72, 456, 694, 694, 456, 142, 380, 380, 142, 380, 142, 792, 554, 72, 310, 694, 456, 310, 72, 72, 310, 380, 142, 694, 456, 310, 72, 694, 456, 142, 380, 694, 456, 142, 380, 380, 142, 456, 694, 456, 694, 792, 554, 72, 310, 380, 142, 310, 72, 694, 456, 456, 694, 380, 142, 380, 142, 792, 554, 142, 380, 380, 142, 456, 694, 554, 792, 694, 456, 380, 142, 310, 72, 694, 456, 554, 792, 142, 380, 694, 456, 142, 380, 792, 554, 792, 554, 142, 380, 142, 380, 142, 380, 142, 380, 142, 380, 310, 72, 142, 380, 694, 456, 310, 72, 694, 456, 456, 694, 792, 554, 694, 456, 456, 694, 792, 554, 456, 694, 380, 142, 310, 72, 554, 792, 380, 142, 554, 792, 456, 694, 554, 792, 142, 380}
Correct solution!
Number of lables used:  8
Time taken: 1.41 seconds
Memory used: 109.47 MB
--------------------------------------------------

Trying with at most 7 labels...
[runlim] sample:		10.0 time, 10.1 real, 114.2 MB
[runlim] sample:		20.0 time, 20.1 real, 111.5 MB
[runlim] sample:		30.0 time, 30.1 real, 117.4 MB
[runlim] sample:		40.0 time, 40.1 real, 114.1 MB
[runlim] sample:		50.0 time, 50.1 real, 118.3 MB
[runlim] sample:		60.0 time, 60.1 real, 121.9 MB
[runlim] sample:		70.0 time, 70.1 real, 115.9 MB
[runlim] sample:		80.0 time, 80.1 real, 118.8 MB
[runlim] sample:		90.0 time, 90.1 real, 114.1 MB
[runlim] sample:		100.0 time, 100.1 real, 116.8 MB
Cannot find solution.
No more solutions found.
Optimal number of labels used:  8
[runlim] end:			Tue Dec  2 10:58:18 2025
[runlim] status:		ok
[runlim] result:		0
[runlim] children:		0
[runlim] real:			106.41 seconds
[runlim] time:			106.18 seconds
[runlim] space:			139.7 MB
[runlim] samples:		1062
