[runlim] version:		1.10
[runlim] time limit:		311040000 seconds
[runlim] real time limit:	600 seconds
[runlim] space limit:		512 MB
[runlim] argv[0]:		python3
[runlim] argv[1]:		-u
[runlim] argv[2]:		main.py
[runlim] argv[3]:		scen11
[runlim] start:			Tue Dec  2 11:38:37 2025
[runlim] main pid:		44301
Solve first problem:
Solution:
{652, 414, 128, 366, 254, 16, 652, 414, 268, 30, 142, 380, 142, 380, 352, 114, 352, 114, 310, 72, 16, 254, 338, 100, 694, 456, 156, 394, 282, 44, 254, 16, 268, 30, 680, 442, 352, 114, 652, 414, 366, 128, 254, 16, 296, 58, 282, 44, 268, 30, 254, 16, 268, 30, 128, 366, 764, 526, 142, 380, 310, 72, 652, 414, 526, 764, 414, 652, 750, 512, 652, 414, 114, 352, 366, 128, 268, 30, 352, 114, 142, 380, 394, 156, 736, 498, 324, 86, 254, 16, 352, 114, 268, 30, 338, 100, 254, 16, 282, 44, 324, 86, 128, 366, 58, 296, 254, 16, 296, 58, 296, 58, 254, 16, 338, 100, 750, 512, 338, 100, 72, 310, 324, 86, 254, 16, 254, 16, 352, 114, 324, 86, 254, 16, 16, 254, 380, 142, 792, 554, 456, 694, 484, 722, 394, 156, 512, 750, 268, 30, 16, 254, 254, 16, 254, 16, 324, 86, 408, 170, 324, 86, 254, 16, 352, 114, 282, 44, 722, 484, 394, 156, 338, 100, 86, 324, 128, 366, 254, 16, 324, 86, 254, 16, 156, 394, 254, 16, 666, 428, 338, 100, 254, 16, 666, 428, 58, 296, 394, 156, 254, 16, 694, 456, 736, 498, 100, 338, 30, 268, 394, 156, 680, 442, 30, 268, 750, 512, 44, 282, 268, 30, 666, 428, 338, 100, 268, 30, 380, 142, 310, 72, 142, 380, 310, 72, 142, 380, 282, 44, 666, 428, 736, 498, 352, 114, 380, 142, 666, 428, 366, 128, 352, 114, 338, 100, 128, 366, 44, 282, 394, 156, 380, 142, 708, 470, 366, 128, 114, 352, 268, 30, 324, 86, 338, 100, 338, 100, 268, 30, 352, 114, 366, 128, 366, 128, 338, 100, 254, 16, 100, 338, 254, 16, 16, 254, 380, 142, 310, 72, 268, 30, 114, 352, 296, 58, 268, 30, 128, 366, 254, 16, 114, 352, 338, 100, 338, 100, 352, 114, 352, 114, 254, 16, 268, 30, 310, 72, 268, 30, 254, 16, 366, 128, 268, 30, 338, 100, 338, 100, 296, 58, 268, 30, 254, 16, 282, 44, 254, 16, 310, 72, 254, 16, 268, 30, 310, 72, 254, 16, 338, 100, 254, 16, 254, 16, 254, 16, 128, 366, 666, 428, 58, 296, 380, 142, 666, 428, 114, 352, 44, 282, 352, 114, 338, 100, 268, 30, 114, 352, 366, 128, 352, 114, 352, 114, 666, 428, 338, 100, 254, 16, 366, 128, 352, 114, 114, 352, 296, 58, 268, 30, 142, 380, 282, 44, 268, 30, 268, 30, 338, 100, 254, 16, 366, 128, 100, 338, 282, 44, 268, 30, 352, 114, 338, 100, 338, 100, 268, 30, 352, 114, 282, 44, 268, 30, 282, 44, 268, 30, 282, 44, 268, 30, 380, 142, 338, 100, 296, 58, 338, 100, 254, 16, 254, 16, 394, 156, 366, 128, 268, 30, 254, 16, 114, 352, 338, 100, 268, 30, 338, 100, 268, 30, 338, 100, 268, 30, 338, 100, 268, 30, 268, 30, 254, 16, 324, 86, 352, 114, 254, 16, 44, 282, 394, 156, 324, 86, 254, 16, 324, 86, 254, 16, 310, 72, 268, 30, 268, 30, 310, 72, 268, 30, 268, 30, 268, 30, 44, 282, 268, 30, 324, 86, 268, 30, 338, 100, 268, 30, 268, 30, 338, 100, 268, 30, 268, 30, 268, 30, 254, 16, 296, 58, 268, 30, 338, 100, 254, 16, 338, 100, 268, 30, 254, 16, 268, 30, 338, 100, 268, 30, 338, 100, 268, 30, 352, 114, 282, 44, 268, 30, 268, 30, 338, 100, 268, 30, 254, 16, 338, 100, 268, 30, 338, 100, 268, 30, 338, 100, 268, 30, 114, 352, 282, 44, 324, 86, 254, 16, 254, 16, 30, 268, 282, 44, 44, 282, 268, 30, 128, 366, 114, 352, 338, 100, 324, 86, 338, 100, 352, 114, 352, 114, 268, 30, 352, 114, 254, 16, 16, 254, 338, 100, 282, 44, 324, 86, 268, 30, 282, 44, 380, 142, 338, 100, 324, 86, 282, 44, 268, 30, 268, 30, 268, 30, 338, 100, 268, 30, 254, 16, 254, 16, 254, 16, 268, 30, 254, 16}
Correct solution!
Number of lables used:  44
Time taken: 0.86 seconds
Memory used: 82.90 MB
--------------------------------------------------

Trying with at most 43 labels...
Solution:
{694, 456, 128, 366, 268, 30, 652, 414, 268, 30, 428, 666, 680, 442, 366, 128, 366, 128, 324, 86, 16, 254, 366, 128, 694, 456, 296, 58, 296, 58, 254, 16, 296, 58, 394, 156, 736, 498, 680, 442, 366, 128, 268, 30, 156, 394, 296, 58, 296, 58, 268, 30, 666, 428, 414, 652, 554, 792, 156, 394, 324, 86, 652, 414, 526, 764, 736, 498, 526, 764, 792, 554, 722, 484, 394, 156, 296, 58, 394, 156, 156, 394, 394, 156, 708, 470, 324, 86, 254, 16, 324, 86, 394, 156, 338, 100, 268, 30, 296, 58, 254, 16, 58, 296, 428, 666, 338, 100, 338, 100, 296, 58, 254, 16, 338, 100, 456, 694, 338, 100, 694, 456, 324, 86, 254, 16, 254, 16, 366, 128, 366, 128, 254, 16, 338, 100, 470, 708, 792, 554, 456, 694, 484, 722, 394, 156, 156, 394, 554, 792, 16, 254, 268, 30, 268, 30, 324, 86, 478, 240, 680, 442, 268, 30, 366, 128, 694, 456, 722, 484, 394, 156, 338, 100, 86, 324, 254, 16, 792, 554, 128, 366, 268, 30, 680, 442, 254, 16, 680, 442, 16, 254, 296, 58, 666, 428, 86, 324, 652, 414, 254, 16, 694, 456, 736, 498, 324, 86, 58, 296, 652, 414, 708, 470, 30, 268, 764, 526, 58, 296, 268, 30, 680, 442, 338, 100, 666, 428, 30, 268, 324, 86, 456, 694, 324, 86, 680, 442, 296, 58, 498, 736, 736, 498, 366, 128, 666, 428, 666, 428, 366, 128, 366, 128, 680, 442, 666, 428, 58, 296, 708, 470, 680, 442, 456, 694, 666, 428, 526, 764, 268, 30, 338, 100, 366, 128, 338, 100, 268, 30, 366, 128, 366, 128, 694, 456, 366, 128, 268, 30, 128, 366, 296, 58, 16, 254, 128, 366, 324, 86, 268, 30, 128, 366, 296, 58, 268, 30, 666, 428, 254, 16, 128, 366, 338, 100, 366, 128, 366, 128, 666, 428, 254, 16, 268, 30, 324, 86, 268, 30, 268, 30, 394, 156, 268, 30, 338, 100, 338, 100, 324, 86, 296, 58, 268, 30, 296, 58, 268, 30, 324, 86, 268, 30, 296, 58, 324, 86, 268, 30, 338, 100, 268, 30, 268, 30, 268, 30, 128, 366, 708, 470, 86, 324, 680, 442, 498, 736, 128, 366, 58, 296, 366, 128, 338, 100, 268, 30, 736, 498, 394, 156, 366, 128, 366, 128, 666, 428, 338, 100, 254, 16, 394, 156, 366, 128, 694, 456, 324, 86, 680, 442, 666, 428, 296, 58, 268, 30, 268, 30, 736, 498, 268, 30, 666, 428, 666, 428, 666, 428, 268, 30, 100, 338, 338, 100, 338, 100, 268, 30, 366, 128, 366, 128, 268, 30, 338, 100, 268, 30, 296, 58, 268, 30, 666, 428, 100, 338, 324, 86, 366, 128, 268, 30, 268, 30, 16, 254, 394, 156, 324, 86, 268, 30, 128, 366, 338, 100, 268, 30, 338, 100, 268, 30, 338, 100, 268, 30, 338, 100, 268, 30, 86, 324, 268, 30, 338, 100, 16, 254, 268, 30, 394, 156, 324, 86, 30, 268, 100, 338, 338, 100, 268, 30, 324, 86, 268, 30, 268, 30, 324, 86, 268, 30, 268, 30, 296, 58, 58, 296, 268, 30, 338, 100, 268, 30, 338, 100, 268, 30, 268, 30, 338, 100, 268, 30, 268, 30, 268, 30, 268, 30, 324, 86, 268, 30, 338, 100, 268, 30, 338, 100, 268, 30, 268, 30, 30, 268, 338, 100, 268, 30, 338, 100, 268, 30, 366, 128, 296, 58, 268, 30, 268, 30, 338, 100, 128, 366, 268, 30, 338, 100, 268, 30, 338, 100, 268, 30, 338, 100, 268, 30, 128, 366, 296, 58, 338, 100, 268, 30, 268, 30, 30, 268, 296, 58, 86, 324, 296, 58, 652, 414, 156, 394, 366, 128, 338, 100, 338, 100, 366, 128, 366, 128, 268, 30, 366, 128, 268, 30, 16, 254, 366, 128, 296, 58, 338, 100, 268, 30, 296, 58, 666, 428, 338, 100, 338, 100, 296, 58, 268, 30, 268, 30, 268, 30, 338, 100, 268, 30, 268, 30, 268, 30, 268, 30, 268, 30, 268, 30}
Correct solution!
Number of lables used:  34
Time taken: 0.02 seconds
Memory used: 86.40 MB
--------------------------------------------------

Trying with at most 33 labels...
Solution:
{694, 456, 128, 366, 268, 30, 652, 414, 268, 30, 428, 666, 666, 428, 366, 128, 366, 128, 324, 86, 16, 254, 366, 128, 694, 456, 296, 58, 296, 58, 254, 16, 296, 58, 394, 156, 736, 498, 694, 456, 366, 128, 268, 30, 156, 394, 296, 58, 296, 58, 268, 30, 666, 428, 414, 652, 554, 792, 156, 394, 324, 86, 652, 414, 526, 764, 736, 498, 526, 764, 792, 554, 722, 484, 394, 156, 296, 58, 394, 156, 156, 394, 394, 156, 708, 470, 324, 86, 254, 16, 324, 86, 394, 156, 338, 100, 268, 30, 296, 58, 254, 16, 58, 296, 428, 666, 338, 100, 338, 100, 296, 58, 254, 16, 338, 100, 498, 736, 338, 100, 694, 456, 324, 86, 254, 16, 254, 16, 366, 128, 366, 128, 254, 16, 338, 100, 470, 708, 792, 554, 456, 694, 484, 722, 394, 156, 156, 394, 554, 792, 16, 254, 268, 30, 268, 30, 324, 86, 478, 240, 694, 456, 268, 30, 366, 128, 694, 456, 722, 484, 394, 156, 338, 100, 86, 324, 254, 16, 792, 554, 128, 366, 268, 30, 694, 456, 254, 16, 708, 470, 16, 254, 296, 58, 666, 428, 86, 324, 652, 414, 254, 16, 694, 456, 736, 498, 324, 86, 58, 296, 652, 414, 722, 484, 30, 268, 764, 526, 58, 296, 268, 30, 694, 456, 338, 100, 666, 428, 30, 268, 324, 86, 456, 694, 324, 86, 694, 456, 296, 58, 498, 736, 736, 498, 366, 128, 666, 428, 666, 428, 366, 128, 366, 128, 498, 736, 666, 428, 58, 296, 708, 470, 694, 456, 456, 694, 666, 428, 526, 764, 268, 30, 338, 100, 366, 128, 338, 100, 268, 30, 366, 128, 366, 128, 694, 456, 366, 128, 268, 30, 128, 366, 296, 58, 16, 254, 128, 366, 324, 86, 268, 30, 128, 366, 296, 58, 268, 30, 666, 428, 254, 16, 128, 366, 338, 100, 366, 128, 366, 128, 666, 428, 254, 16, 268, 30, 324, 86, 268, 30, 268, 30, 394, 156, 268, 30, 338, 100, 338, 100, 324, 86, 296, 58, 268, 30, 296, 58, 268, 30, 324, 86, 268, 30, 296, 58, 324, 86, 268, 30, 338, 100, 268, 30, 268, 30, 268, 30, 128, 366, 722, 484, 86, 324, 694, 456, 498, 736, 128, 366, 58, 296, 366, 128, 338, 100, 268, 30, 736, 498, 394, 156, 366, 128, 366, 128, 666, 428, 338, 100, 254, 16, 394, 156, 366, 128, 708, 470, 324, 86, 694, 456, 666, 428, 296, 58, 268, 30, 268, 30, 736, 498, 268, 30, 666, 428, 666, 428, 666, 428, 268, 30, 100, 338, 338, 100, 338, 100, 268, 30, 366, 128, 366, 128, 268, 30, 338, 100, 268, 30, 296, 58, 268, 30, 666, 428, 100, 338, 324, 86, 366, 128, 268, 30, 268, 30, 16, 254, 394, 156, 324, 86, 268, 30, 128, 366, 338, 100, 268, 30, 338, 100, 268, 30, 338, 100, 268, 30, 338, 100, 268, 30, 86, 324, 268, 30, 338, 100, 16, 254, 268, 30, 394, 156, 324, 86, 30, 268, 100, 338, 338, 100, 268, 30, 324, 86, 268, 30, 268, 30, 324, 86, 268, 30, 268, 30, 296, 58, 58, 296, 268, 30, 338, 100, 268, 30, 338, 100, 268, 30, 268, 30, 338, 100, 268, 30, 268, 30, 268, 30, 268, 30, 324, 86, 268, 30, 338, 100, 268, 30, 338, 100, 268, 30, 268, 30, 30, 268, 338, 100, 268, 30, 338, 100, 268, 30, 366, 128, 296, 58, 268, 30, 268, 30, 338, 100, 128, 366, 268, 30, 338, 100, 268, 30, 338, 100, 268, 30, 338, 100, 268, 30, 128, 366, 296, 58, 338, 100, 268, 30, 268, 30, 30, 268, 296, 58, 86, 324, 296, 58, 652, 414, 156, 394, 366, 128, 338, 100, 338, 100, 366, 128, 366, 128, 268, 30, 366, 128, 268, 30, 16, 254, 366, 128, 296, 58, 338, 100, 268, 30, 296, 58, 666, 428, 338, 100, 338, 100, 296, 58, 268, 30, 268, 30, 268, 30, 338, 100, 268, 30, 268, 30, 268, 30, 268, 30, 268, 30, 268, 30}
Correct solution!
Number of lables used:  32
Time taken: 0.02 seconds
Memory used: 86.40 MB
--------------------------------------------------

Trying with at most 31 labels...
Solution:
{722, 484, 254, 16, 324, 86, 554, 792, 268, 30, 470, 708, 484, 722, 394, 156, 254, 16, 254, 16, 156, 394, 86, 324, 554, 792, 394, 156, 694, 456, 254, 16, 156, 394, 394, 156, 722, 484, 86, 324, 352, 114, 268, 30, 156, 394, 792, 554, 156, 394, 268, 30, 694, 456, 414, 652, 554, 792, 652, 414, 764, 526, 254, 16, 652, 414, 764, 526, 156, 394, 792, 554, 414, 652, 324, 86, 394, 156, 394, 156, 114, 352, 156, 394, 708, 470, 324, 86, 254, 16, 324, 86, 394, 156, 16, 254, 324, 86, 268, 30, 442, 680, 30, 268, 652, 414, 352, 114, 666, 428, 694, 456, 394, 156, 394, 156, 428, 666, 86, 324, 722, 484, 324, 86, 268, 30, 394, 156, 414, 652, 254, 16, 156, 394, 16, 254, 526, 764, 394, 156, 470, 708, 554, 792, 86, 324, 708, 470, 142, 380, 16, 254, 268, 30, 268, 30, 156, 394, 142, 380, 666, 428, 268, 30, 764, 526, 324, 86, 792, 554, 394, 156, 394, 156, 764, 526, 694, 456, 792, 554, 16, 254, 394, 156, 652, 414, 254, 16, 722, 484, 86, 324, 324, 86, 652, 414, 16, 254, 652, 414, 254, 16, 722, 484, 394, 156, 456, 694, 30, 268, 666, 428, 694, 456, 30, 268, 526, 764, 526, 764, 268, 30, 708, 470, 428, 666, 694, 456, 30, 268, 324, 86, 456, 694, 324, 86, 666, 428, 428, 666, 86, 324, 484, 722, 456, 694, 722, 484, 114, 352, 694, 456, 394, 156, 470, 708, 86, 324, 694, 456, 764, 526, 652, 414, 442, 680, 778, 540, 526, 764, 268, 30, 324, 86, 694, 456, 428, 666, 30, 268, 456, 694, 694, 456, 792, 554, 470, 708, 268, 30, 456, 694, 254, 16, 16, 254, 764, 526, 666, 428, 268, 30, 86, 324, 324, 86, 268, 30, 666, 428, 254, 16, 694, 456, 86, 324, 268, 30, 470, 708, 708, 470, 394, 156, 268, 30, 324, 86, 268, 30, 324, 86, 352, 114, 114, 352, 694, 456, 764, 526, 86, 324, 708, 470, 156, 394, 254, 16, 268, 30, 324, 86, 268, 30, 324, 86, 16, 254, 268, 30, 254, 16, 268, 30, 268, 30, 268, 30, 680, 442, 694, 456, 86, 324, 540, 778, 86, 324, 708, 470, 86, 324, 764, 526, 778, 540, 30, 268, 722, 484, 16, 254, 394, 156, 394, 156, 666, 428, 394, 156, 268, 30, 394, 156, 526, 764, 540, 778, 324, 86, 526, 764, 526, 764, 428, 666, 268, 30, 268, 30, 352, 114, 268, 30, 680, 442, 114, 352, 324, 86, 456, 694, 722, 484, 352, 114, 324, 86, 268, 30, 268, 30, 352, 114, 268, 30, 694, 456, 268, 30, 394, 156, 30, 268, 114, 352, 268, 30, 324, 86, 254, 16, 254, 16, 268, 30, 16, 254, 394, 156, 16, 254, 254, 16, 708, 470, 86, 324, 268, 30, 86, 324, 268, 30, 86, 324, 268, 30, 86, 324, 268, 30, 86, 324, 268, 30, 394, 156, 86, 324, 254, 16, 540, 778, 30, 268, 114, 352, 722, 484, 324, 86, 254, 16, 324, 86, 268, 30, 324, 86, 324, 86, 268, 30, 540, 778, 484, 722, 764, 526, 694, 456, 694, 456, 268, 30, 764, 526, 268, 30, 268, 30, 352, 114, 268, 30, 268, 30, 268, 30, 268, 30, 324, 86, 268, 30, 352, 114, 268, 30, 324, 86, 268, 30, 268, 30, 86, 324, 352, 114, 268, 30, 764, 526, 694, 456, 30, 268, 694, 456, 268, 30, 86, 324, 268, 30, 86, 324, 156, 394, 268, 30, 352, 114, 86, 324, 268, 30, 694, 456, 268, 30, 694, 456, 30, 268, 722, 484, 394, 156, 268, 30, 694, 456, 324, 86, 694, 456, 324, 86, 792, 554, 764, 526, 694, 456, 394, 156, 86, 324, 394, 156, 394, 156, 268, 30, 694, 456, 268, 30, 694, 456, 694, 456, 324, 86, 86, 324, 268, 30, 324, 86, 764, 526, 694, 456, 694, 456, 324, 86, 268, 30, 268, 30, 30, 268, 86, 324, 268, 30, 268, 30, 268, 30, 254, 16, 30, 268, 268, 30}
Correct solution!
Number of lables used:  30
Time taken: 0.05 seconds
Memory used: 86.53 MB
--------------------------------------------------

Trying with at most 29 labels...
Solution:
{792, 554, 254, 16, 324, 86, 554, 792, 268, 30, 470, 708, 484, 722, 268, 30, 254, 16, 254, 16, 470, 708, 156, 394, 498, 736, 394, 156, 708, 470, 254, 16, 156, 394, 156, 394, 708, 470, 86, 324, 778, 540, 652, 414, 30, 268, 366, 128, 156, 394, 268, 30, 708, 470, 498, 736, 30, 268, 16, 254, 540, 778, 100, 338, 540, 778, 652, 414, 778, 540, 778, 540, 414, 652, 394, 156, 792, 554, 156, 394, 142, 380, 380, 142, 708, 470, 324, 86, 254, 16, 254, 16, 324, 86, 16, 254, 324, 86, 268, 30, 268, 30, 394, 156, 16, 254, 652, 414, 652, 414, 324, 86, 394, 156, 394, 156, 324, 86, 380, 142, 722, 484, 324, 86, 268, 30, 394, 156, 708, 470, 254, 16, 156, 394, 338, 100, 414, 652, 324, 86, 470, 708, 554, 792, 86, 324, 16, 254, 142, 380, 254, 16, 324, 86, 86, 324, 470, 708, 142, 380, 554, 792, 268, 30, 484, 722, 324, 86, 792, 554, 394, 156, 414, 652, 324, 86, 338, 100, 484, 722, 16, 254, 394, 156, 540, 778, 156, 394, 792, 554, 86, 324, 254, 16, 652, 414, 86, 324, 652, 414, 254, 16, 470, 708, 366, 128, 736, 498, 100, 338, 554, 792, 708, 470, 30, 268, 540, 778, 484, 722, 268, 30, 338, 100, 100, 338, 708, 470, 30, 268, 324, 86, 484, 722, 324, 86, 30, 268, 338, 100, 30, 268, 484, 722, 338, 100, 778, 540, 100, 338, 100, 338, 470, 708, 540, 778, 86, 324, 142, 380, 778, 540, 652, 414, 128, 366, 708, 470, 128, 366, 268, 30, 324, 86, 722, 484, 708, 470, 708, 470, 268, 30, 86, 324, 778, 540, 470, 708, 268, 30, 86, 324, 254, 16, 254, 16, 708, 470, 484, 722, 268, 30, 86, 324, 324, 86, 268, 30, 778, 540, 254, 16, 30, 268, 540, 778, 778, 540, 470, 708, 708, 470, 394, 156, 268, 30, 268, 30, 324, 86, 324, 86, 366, 128, 30, 268, 708, 470, 722, 484, 86, 324, 778, 540, 156, 394, 254, 16, 268, 30, 324, 86, 268, 30, 394, 156, 16, 254, 254, 16, 254, 16, 268, 30, 16, 254, 254, 16, 736, 498, 142, 380, 86, 324, 540, 778, 86, 324, 722, 484, 30, 268, 722, 484, 736, 498, 30, 268, 380, 142, 16, 254, 16, 254, 394, 156, 128, 366, 394, 156, 324, 86, 394, 156, 142, 380, 470, 708, 324, 86, 484, 722, 484, 722, 470, 708, 268, 30, 268, 30, 142, 380, 254, 16, 708, 470, 268, 30, 324, 86, 470, 708, 722, 484, 100, 338, 324, 86, 268, 30, 268, 30, 268, 30, 324, 86, 470, 708, 268, 30, 394, 156, 30, 268, 128, 366, 268, 30, 324, 86, 254, 16, 394, 156, 16, 254, 16, 254, 16, 254, 554, 792, 254, 16, 708, 470, 86, 324, 268, 30, 86, 324, 268, 30, 86, 324, 268, 30, 86, 324, 268, 30, 86, 324, 254, 16, 394, 156, 484, 722, 254, 16, 254, 16, 394, 156, 30, 268, 652, 414, 324, 86, 254, 16, 366, 128, 30, 268, 30, 268, 324, 86, 268, 30, 540, 778, 554, 792, 722, 484, 708, 470, 540, 778, 268, 30, 736, 498, 324, 86, 142, 380, 324, 86, 30, 268, 86, 324, 268, 30, 324, 86, 652, 414, 484, 722, 16, 254, 268, 30, 324, 86, 268, 30, 156, 394, 30, 268, 142, 380, 324, 86, 484, 722, 708, 470, 30, 268, 708, 470, 268, 30, 86, 324, 268, 30, 708, 470, 722, 484, 128, 366, 338, 100, 86, 324, 268, 30, 722, 484, 268, 30, 708, 470, 540, 778, 792, 554, 156, 394, 268, 30, 708, 470, 324, 86, 652, 414, 324, 86, 484, 722, 792, 554, 708, 470, 394, 156, 86, 324, 394, 156, 394, 156, 268, 30, 778, 540, 268, 30, 652, 414, 722, 484, 708, 470, 86, 324, 324, 86, 324, 86, 540, 778, 470, 708, 778, 540, 324, 86, 268, 30, 268, 30, 722, 484, 86, 324, 268, 30, 268, 30, 16, 254, 16, 254, 30, 268, 254, 16}
Correct solution!
Number of lables used:  26
Time taken: 0.03 seconds
Memory used: 87.03 MB
--------------------------------------------------

Trying with at most 25 labels...
Solution:
{792, 554, 254, 16, 324, 86, 554, 792, 268, 30, 470, 708, 484, 722, 268, 30, 254, 16, 254, 16, 470, 708, 156, 394, 540, 778, 394, 156, 708, 470, 254, 16, 156, 394, 156, 394, 708, 470, 86, 324, 778, 540, 652, 414, 30, 268, 100, 338, 156, 394, 268, 30, 708, 470, 414, 652, 338, 100, 16, 254, 540, 778, 100, 338, 540, 778, 652, 414, 778, 540, 778, 540, 414, 652, 268, 30, 652, 414, 156, 394, 142, 380, 156, 394, 708, 470, 324, 86, 254, 16, 254, 16, 324, 86, 16, 254, 324, 86, 268, 30, 268, 30, 394, 156, 16, 254, 652, 414, 652, 414, 324, 86, 394, 156, 394, 156, 324, 86, 380, 142, 722, 484, 324, 86, 268, 30, 394, 156, 708, 470, 254, 16, 156, 394, 338, 100, 414, 652, 324, 86, 470, 708, 554, 792, 86, 324, 16, 254, 142, 380, 254, 16, 324, 86, 86, 324, 470, 708, 142, 380, 554, 792, 268, 30, 484, 722, 324, 86, 792, 554, 394, 156, 414, 652, 324, 86, 554, 792, 484, 722, 16, 254, 394, 156, 540, 778, 156, 394, 792, 554, 86, 324, 254, 16, 722, 484, 86, 324, 652, 414, 254, 16, 470, 708, 324, 86, 394, 156, 100, 338, 554, 792, 708, 470, 30, 268, 778, 540, 484, 722, 268, 30, 338, 100, 100, 338, 708, 470, 30, 268, 324, 86, 484, 722, 324, 86, 30, 268, 338, 100, 30, 268, 722, 484, 338, 100, 778, 540, 100, 338, 100, 338, 470, 708, 540, 778, 86, 324, 142, 380, 778, 540, 652, 414, 366, 128, 708, 470, 366, 128, 268, 30, 324, 86, 722, 484, 708, 470, 708, 470, 268, 30, 86, 324, 778, 540, 470, 708, 268, 30, 30, 268, 254, 16, 254, 16, 708, 470, 484, 722, 268, 30, 86, 324, 324, 86, 268, 30, 778, 540, 254, 16, 30, 268, 540, 778, 778, 540, 708, 470, 708, 470, 394, 156, 268, 30, 268, 30, 324, 86, 324, 86, 366, 128, 30, 268, 708, 470, 722, 484, 86, 324, 778, 540, 156, 394, 254, 16, 268, 30, 324, 86, 268, 30, 394, 156, 16, 254, 254, 16, 254, 16, 268, 30, 16, 254, 254, 16, 778, 540, 142, 380, 86, 324, 540, 778, 30, 268, 722, 484, 30, 268, 722, 484, 778, 540, 30, 268, 470, 708, 16, 254, 16, 254, 394, 156, 128, 366, 394, 156, 324, 86, 394, 156, 142, 380, 470, 708, 324, 86, 484, 722, 484, 722, 470, 708, 268, 30, 268, 30, 142, 380, 254, 16, 708, 470, 268, 30, 324, 86, 470, 708, 722, 484, 100, 338, 324, 86, 268, 30, 268, 30, 268, 30, 324, 86, 470, 708, 268, 30, 394, 156, 30, 268, 100, 338, 268, 30, 324, 86, 254, 16, 394, 156, 16, 254, 16, 254, 16, 254, 380, 142, 254, 16, 708, 470, 86, 324, 268, 30, 86, 324, 268, 30, 86, 324, 268, 30, 86, 324, 268, 30, 86, 324, 254, 16, 394, 156, 484, 722, 254, 16, 254, 16, 394, 156, 30, 268, 652, 414, 324, 86, 254, 16, 366, 128, 30, 268, 30, 268, 324, 86, 268, 30, 540, 778, 554, 792, 722, 484, 708, 470, 540, 778, 268, 30, 722, 484, 324, 86, 142, 380, 324, 86, 30, 268, 86, 324, 268, 30, 324, 86, 652, 414, 484, 722, 16, 254, 268, 30, 324, 86, 268, 30, 156, 394, 30, 268, 142, 380, 324, 86, 484, 722, 708, 470, 30, 268, 708, 470, 268, 30, 86, 324, 268, 30, 708, 470, 722, 484, 128, 366, 338, 100, 86, 324, 268, 30, 722, 484, 268, 30, 708, 470, 540, 778, 792, 554, 394, 156, 268, 30, 708, 470, 324, 86, 652, 414, 324, 86, 484, 722, 792, 554, 708, 470, 394, 156, 86, 324, 394, 156, 394, 156, 268, 30, 778, 540, 268, 30, 652, 414, 722, 484, 708, 470, 86, 324, 324, 86, 324, 86, 540, 778, 470, 708, 778, 540, 324, 86, 268, 30, 268, 30, 722, 484, 86, 324, 268, 30, 268, 30, 16, 254, 128, 366, 30, 268, 254, 16}
Correct solution!
Number of lables used:  24
Time taken: 0.02 seconds
Memory used: 87.15 MB
--------------------------------------------------

Trying with at most 23 labels...
Solution:
{554, 792, 254, 16, 324, 86, 554, 792, 86, 324, 456, 694, 778, 540, 282, 44, 282, 44, 254, 16, 456, 694, 156, 394, 540, 778, 394, 156, 142, 380, 282, 44, 156, 394, 414, 652, 86, 324, 114, 352, 778, 540, 44, 282, 394, 156, 16, 254, 156, 394, 282, 44, 694, 456, 352, 114, 394, 156, 394, 156, 540, 778, 86, 324, 156, 394, 792, 554, 652, 414, 414, 652, 16, 254, 352, 114, 16, 254, 156, 394, 380, 142, 142, 380, 16, 254, 254, 16, 324, 86, 792, 554, 282, 44, 16, 254, 324, 86, 282, 44, 254, 16, 694, 456, 324, 86, 114, 352, 156, 394, 86, 324, 380, 142, 394, 156, 324, 86, 352, 114, 722, 484, 352, 114, 282, 44, 394, 156, 652, 414, 254, 16, 156, 394, 254, 16, 394, 156, 414, 652, 778, 540, 792, 554, 86, 324, 652, 414, 44, 282, 44, 282, 324, 86, 86, 324, 456, 694, 142, 380, 778, 540, 282, 44, 484, 722, 156, 394, 792, 554, 114, 352, 414, 652, 16, 254, 44, 282, 792, 554, 16, 254, 394, 156, 540, 778, 156, 394, 792, 554, 86, 324, 282, 44, 652, 414, 86, 324, 652, 414, 282, 44, 456, 694, 540, 778, 380, 142, 86, 324, 792, 554, 44, 282, 380, 142, 484, 722, 694, 456, 324, 86, 778, 540, 44, 282, 380, 142, 44, 282, 324, 86, 456, 694, 352, 114, 44, 282, 324, 86, 282, 44, 352, 114, 484, 722, 778, 540, 142, 380, 694, 456, 156, 394, 142, 380, 44, 282, 694, 456, 778, 540, 652, 414, 282, 44, 694, 456, 324, 86, 282, 44, 324, 86, 722, 484, 694, 456, 694, 456, 352, 114, 456, 694, 456, 694, 694, 456, 282, 44, 282, 44, 254, 16, 156, 394, 694, 456, 484, 722, 282, 44, 86, 324, 324, 86, 282, 44, 778, 540, 254, 16, 352, 114, 484, 722, 722, 484, 540, 778, 380, 142, 394, 156, 282, 44, 282, 44, 324, 86, 324, 86, 282, 44, 380, 142, 694, 456, 722, 484, 44, 282, 778, 540, 156, 394, 254, 16, 282, 44, 352, 114, 282, 44, 394, 156, 16, 254, 282, 44, 282, 44, 324, 86, 16, 254, 394, 156, 142, 380, 142, 380, 86, 324, 694, 456, 540, 778, 722, 484, 380, 142, 722, 484, 778, 540, 380, 142, 778, 540, 16, 254, 16, 254, 282, 44, 86, 324, 394, 156, 324, 86, 394, 156, 114, 352, 456, 694, 324, 86, 484, 722, 484, 722, 456, 694, 282, 44, 282, 44, 722, 484, 282, 44, 694, 456, 282, 44, 114, 352, 456, 694, 86, 324, 722, 484, 114, 352, 282, 44, 282, 44, 282, 44, 324, 86, 456, 694, 282, 44, 394, 156, 380, 142, 694, 456, 114, 352, 324, 86, 282, 44, 394, 156, 16, 254, 16, 254, 16, 254, 380, 142, 282, 44, 694, 456, 86, 324, 282, 44, 86, 324, 282, 44, 86, 324, 282, 44, 86, 324, 282, 44, 394, 156, 282, 44, 394, 156, 722, 484, 282, 44, 282, 44, 352, 114, 16, 254, 694, 456, 352, 114, 282, 44, 324, 86, 282, 44, 352, 114, 324, 86, 282, 44, 484, 722, 540, 778, 694, 456, 694, 456, 484, 722, 282, 44, 380, 142, 324, 86, 778, 540, 282, 44, 380, 142, 86, 324, 282, 44, 554, 792, 652, 414, 282, 44, 324, 86, 254, 16, 282, 44, 44, 282, 114, 352, 86, 324, 456, 694, 324, 86, 456, 694, 114, 352, 44, 282, 694, 456, 540, 778, 456, 694, 44, 282, 324, 86, 16, 254, 114, 352, 484, 722, 86, 324, 282, 44, 114, 352, 282, 44, 142, 380, 456, 694, 484, 722, 484, 722, 254, 16, 694, 456, 352, 114, 652, 414, 394, 156, 484, 722, 114, 352, 694, 456, 380, 142, 324, 86, 652, 414, 394, 156, 44, 282, 380, 142, 254, 16, 652, 414, 352, 114, 694, 456, 324, 86, 282, 44, 324, 86, 540, 778, 456, 694, 380, 142, 324, 86, 282, 44, 44, 282, 722, 484, 114, 352, 282, 44, 254, 16, 86, 324, 778, 540, 86, 324, 254, 16}
Correct solution!
Number of lables used:  22
Time taken: 0.23 seconds
Memory used: 89.15 MB
--------------------------------------------------

Trying with at most 21 labels...
[runlim] sample:		10.0 time, 10.4 real, 126.8 MB
[runlim] sample:		20.0 time, 20.4 real, 129.0 MB
[runlim] sample:		30.0 time, 30.4 real, 165.1 MB
[runlim] sample:		40.0 time, 40.4 real, 159.9 MB
[runlim] sample:		50.0 time, 50.4 real, 160.6 MB
[runlim] sample:		60.0 time, 60.4 real, 160.6 MB
[runlim] sample:		70.0 time, 70.4 real, 168.5 MB
[runlim] sample:		80.0 time, 80.4 real, 160.7 MB
[runlim] sample:		90.0 time, 90.4 real, 171.7 MB
[runlim] sample:		100.0 time, 100.4 real, 161.4 MB
[runlim] sample:		110.0 time, 110.4 real, 161.8 MB
[runlim] sample:		120.0 time, 120.4 real, 164.4 MB
[runlim] sample:		130.0 time, 130.4 real, 162.3 MB
[runlim] sample:		140.0 time, 140.4 real, 162.7 MB
[runlim] sample:		150.0 time, 150.4 real, 169.8 MB
[runlim] sample:		160.0 time, 160.4 real, 165.4 MB
[runlim] sample:		170.0 time, 170.4 real, 170.7 MB
[runlim] sample:		180.0 time, 180.4 real, 164.3 MB
[runlim] sample:		190.0 time, 190.4 real, 169.1 MB
[runlim] sample:		200.0 time, 200.4 real, 165.3 MB
[runlim] sample:		210.0 time, 210.4 real, 168.9 MB
[runlim] sample:		220.0 time, 220.4 real, 171.9 MB
[runlim] sample:		230.0 time, 230.4 real, 166.9 MB
[runlim] sample:		240.0 time, 240.4 real, 170.2 MB
[runlim] sample:		250.0 time, 250.4 real, 169.3 MB
[runlim] sample:		260.0 time, 260.4 real, 170.6 MB
[runlim] sample:		270.0 time, 270.4 real, 171.9 MB
[runlim] sample:		280.0 time, 280.4 real, 172.9 MB
[runlim] sample:		290.0 time, 290.4 real, 174.5 MB
[runlim] sample:		300.0 time, 300.4 real, 176.4 MB
[runlim] sample:		310.0 time, 310.4 real, 176.9 MB
[runlim] sample:		320.0 time, 320.4 real, 177.0 MB
[runlim] sample:		330.0 time, 330.4 real, 176.8 MB
[runlim] sample:		340.0 time, 340.4 real, 176.8 MB
[runlim] sample:		350.0 time, 350.4 real, 175.6 MB
[runlim] sample:		360.0 time, 360.4 real, 174.9 MB
[runlim] sample:		370.0 time, 370.4 real, 173.2 MB
[runlim] sample:		380.0 time, 380.4 real, 171.5 MB
[runlim] sample:		390.0 time, 390.4 real, 170.9 MB
[runlim] sample:		400.0 time, 400.4 real, 171.1 MB
[runlim] sample:		410.0 time, 410.4 real, 170.3 MB
[runlim] sample:		420.0 time, 420.4 real, 169.0 MB
[runlim] sample:		430.0 time, 430.4 real, 182.7 MB
[runlim] sample:		440.0 time, 440.4 real, 179.6 MB
[runlim] sample:		450.0 time, 450.4 real, 174.4 MB
[runlim] sample:		460.0 time, 460.4 real, 171.3 MB
[runlim] sample:		470.0 time, 470.4 real, 181.8 MB
[runlim] sample:		480.0 time, 480.4 real, 179.0 MB
[runlim] sample:		490.0 time, 490.4 real, 174.5 MB
[runlim] sample:		500.0 time, 500.4 real, 170.6 MB
[runlim] sample:		510.0 time, 510.4 real, 182.3 MB
[runlim] sample:		520.0 time, 520.4 real, 179.2 MB
Cannot find solution.
No more solutions found.
Optimal number of labels used:  22
[runlim] end:			Tue Dec  2 11:47:27 2025
[runlim] status:		ok
[runlim] result:		0
[runlim] children:		0
[runlim] real:			530.35 seconds
[runlim] time:			529.86 seconds
[runlim] space:			222.8 MB
[runlim] samples:		5299
