[runlim] version:		1.10
[runlim] time limit:		311040000 seconds
[runlim] real time limit:	600 seconds
[runlim] space limit:		512 MB
[runlim] argv[0]:		python3
[runlim] argv[1]:		-u
[runlim] argv[2]:		main.py
[runlim] argv[3]:		scen02
[runlim] start:			Tue Dec  2 11:08:18 2025
[runlim] main pid:		37034
Solve first problem:
Solution:
{268, 30, 268, 30, 268, 30, 254, 16, 268, 30, 680, 442, 352, 114, 352, 114, 254, 16, 254, 16, 254, 16, 254, 16, 666, 428, 338, 100, 352, 114, 254, 16, 352, 114, 338, 100, 254, 16, 352, 114, 352, 114, 44, 282, 44, 282, 352, 114, 268, 30, 282, 44, 254, 16, 324, 86, 666, 428, 338, 100, 156, 394, 254, 16, 666, 428, 338, 100, 254, 16, 30, 268, 30, 268, 338, 100, 30, 268, 296, 58, 282, 44, 268, 30, 268, 30, 338, 100, 128, 366, 666, 428, 58, 296, 366, 128, 100, 338, 324, 86, 352, 114, 666, 428, 324, 86, 254, 16, 366, 128, 352, 114, 114, 352, 296, 58, 268, 30, 142, 380, 282, 44, 268, 30, 268, 30, 338, 100, 100, 338, 282, 44, 268, 30, 338, 100, 268, 30, 282, 44, 268, 30, 282, 44, 268, 30, 296, 58, 254, 16, 254, 16, 394, 156, 366, 128, 254, 16, 352, 114, 44, 282, 394, 156, 324, 86, 254, 16, 44, 282, 268, 30, 324, 86, 268, 30, 254, 16, 296, 58, 254, 16, 268, 30, 338, 100, 268, 30, 338, 100, 268, 30, 352, 114, 282, 44, 268, 30, 268, 30}
Correct solution!
Number of lables used:  24
Time taken: 0.28 seconds
Memory used: 42.05 MB
--------------------------------------------------

Trying with at most 23 labels...
Solution:
{512, 750, 498, 736, 254, 16, 708, 470, 310, 72, 764, 526, 16, 254, 310, 72, 666, 428, 72, 310, 72, 310, 254, 16, 114, 352, 428, 666, 666, 428, 254, 16, 554, 792, 352, 114, 254, 16, 792, 554, 792, 554, 254, 16, 254, 16, 792, 554, 428, 666, 16, 254, 722, 484, 254, 16, 708, 470, 254, 16, 540, 778, 470, 708, 428, 666, 16, 254, 254, 16, 666, 428, 666, 428, 310, 72, 470, 708, 736, 498, 750, 512, 428, 666, 484, 722, 750, 512, 72, 310, 484, 722, 428, 666, 764, 526, 778, 540, 254, 16, 254, 16, 512, 750, 666, 428, 254, 16, 16, 254, 778, 540, 470, 708, 114, 352, 498, 736, 526, 764, 708, 470, 736, 498, 750, 512, 470, 708, 540, 778, 736, 498, 750, 512, 428, 666, 778, 540, 736, 498, 750, 512, 750, 512, 114, 352, 310, 72, 254, 16, 254, 16, 666, 428, 792, 554, 254, 16, 778, 540, 254, 16, 722, 484, 470, 708, 114, 352, 484, 722, 722, 484, 72, 310, 750, 512, 708, 470, 16, 254, 114, 352, 540, 778, 470, 708, 540, 778, 736, 498, 512, 750, 764, 526, 484, 722, 512, 750, 750, 512}
Correct solution!
Number of lables used:  22
Time taken: 0.02 seconds
Memory used: 43.93 MB
--------------------------------------------------

Trying with at most 21 labels...
Solution:
{512, 750, 512, 750, 254, 16, 708, 470, 310, 72, 764, 526, 16, 254, 310, 72, 708, 470, 72, 310, 72, 310, 254, 16, 114, 352, 470, 708, 778, 540, 254, 16, 554, 792, 114, 352, 16, 254, 792, 554, 792, 554, 254, 16, 254, 16, 792, 554, 484, 722, 16, 254, 722, 484, 254, 16, 708, 470, 254, 16, 540, 778, 470, 708, 470, 708, 16, 254, 254, 16, 722, 484, 722, 484, 310, 72, 484, 722, 750, 512, 764, 526, 114, 352, 484, 722, 750, 512, 72, 310, 484, 722, 310, 72, 764, 526, 778, 540, 254, 16, 254, 16, 512, 750, 352, 114, 254, 16, 16, 254, 778, 540, 470, 708, 114, 352, 114, 352, 526, 764, 708, 470, 722, 484, 750, 512, 470, 708, 540, 778, 764, 526, 750, 512, 708, 470, 778, 540, 708, 470, 750, 512, 750, 512, 114, 352, 72, 310, 254, 16, 254, 16, 708, 470, 792, 554, 254, 16, 792, 554, 254, 16, 722, 484, 470, 708, 114, 352, 526, 764, 722, 484, 72, 310, 750, 512, 708, 470, 16, 254, 72, 310, 540, 778, 470, 708, 540, 778, 722, 484, 512, 750, 764, 526, 484, 722, 512, 750, 750, 512}
Correct solution!
Number of lables used:  18
Time taken: 0.00 seconds
Memory used: 43.93 MB
--------------------------------------------------

Trying with at most 17 labels...
Solution:
{254, 16, 254, 16, 254, 16, 722, 484, 310, 72, 792, 554, 16, 254, 708, 470, 128, 366, 72, 310, 72, 310, 254, 16, 442, 680, 470, 708, 366, 128, 254, 16, 554, 792, 128, 366, 16, 254, 792, 554, 792, 554, 254, 16, 254, 16, 792, 554, 484, 722, 16, 254, 722, 484, 254, 16, 708, 470, 254, 16, 722, 484, 142, 380, 470, 708, 16, 254, 254, 16, 722, 484, 722, 484, 310, 72, 484, 722, 708, 470, 722, 484, 128, 366, 484, 722, 484, 722, 72, 310, 708, 470, 484, 722, 722, 484, 366, 128, 254, 16, 254, 16, 442, 680, 708, 470, 792, 554, 16, 254, 380, 142, 680, 442, 128, 366, 366, 128, 680, 442, 708, 470, 708, 470, 708, 470, 470, 708, 722, 484, 722, 484, 708, 470, 708, 470, 484, 722, 484, 722, 72, 310, 708, 470, 680, 442, 72, 310, 254, 16, 254, 16, 722, 484, 72, 310, 254, 16, 792, 554, 254, 16, 722, 484, 470, 708, 72, 310, 310, 72, 310, 72, 128, 366, 722, 484, 708, 470, 554, 792, 16, 254, 722, 484, 442, 680, 128, 366, 722, 484, 470, 708, 722, 484, 470, 708, 128, 366, 708, 470}
Correct solution!
Number of lables used:  16
Time taken: 0.05 seconds
Memory used: 44.80 MB
--------------------------------------------------

Trying with at most 15 labels...
Solution:
{254, 16, 254, 16, 254, 16, 722, 484, 310, 72, 792, 554, 16, 254, 708, 470, 72, 310, 72, 310, 72, 310, 254, 16, 470, 708, 484, 722, 380, 142, 254, 16, 554, 792, 142, 380, 16, 254, 792, 554, 792, 554, 254, 16, 254, 16, 792, 554, 484, 722, 16, 254, 722, 484, 254, 16, 708, 470, 254, 16, 722, 484, 142, 380, 470, 708, 16, 254, 254, 16, 722, 484, 722, 484, 310, 72, 470, 708, 708, 470, 722, 484, 142, 380, 484, 722, 484, 722, 72, 310, 708, 470, 442, 680, 722, 484, 484, 722, 254, 16, 254, 16, 442, 680, 708, 470, 792, 554, 16, 254, 680, 442, 680, 442, 142, 380, 380, 142, 680, 442, 708, 470, 708, 470, 708, 470, 470, 708, 722, 484, 722, 484, 708, 470, 310, 72, 484, 722, 484, 722, 72, 310, 722, 484, 142, 380, 72, 310, 254, 16, 254, 16, 722, 484, 72, 310, 254, 16, 792, 554, 254, 16, 722, 484, 470, 708, 72, 310, 310, 72, 310, 72, 380, 142, 722, 484, 708, 470, 554, 792, 16, 254, 722, 484, 442, 680, 72, 310, 722, 484, 470, 708, 722, 484, 470, 708, 380, 142, 708, 470}
Correct solution!
Number of lables used:  14
Time taken: 0.00 seconds
Memory used: 44.80 MB
--------------------------------------------------

Trying with at most 13 labels...
[runlim] sample:		10.0 time, 10.0 real, 79.5 MB
[runlim] sample:		20.0 time, 20.0 real, 86.0 MB
[runlim] sample:		30.0 time, 30.0 real, 84.7 MB
[runlim] sample:		40.0 time, 40.0 real, 90.0 MB
[runlim] sample:		50.0 time, 50.0 real, 91.0 MB
[runlim] sample:		60.0 time, 60.0 real, 92.0 MB
[runlim] sample:		70.0 time, 70.0 real, 93.5 MB
[runlim] sample:		80.0 time, 80.0 real, 94.1 MB
[runlim] sample:		90.0 time, 90.0 real, 95.5 MB
[runlim] sample:		100.0 time, 100.0 real, 96.6 MB
[runlim] sample:		110.0 time, 110.0 real, 97.5 MB
[runlim] sample:		120.0 time, 120.0 real, 98.0 MB
[runlim] sample:		130.0 time, 130.0 real, 98.8 MB
[runlim] sample:		140.0 time, 140.0 real, 98.8 MB
[runlim] sample:		150.0 time, 150.0 real, 98.8 MB
[runlim] sample:		160.0 time, 160.0 real, 98.8 MB
[runlim] sample:		170.0 time, 170.0 real, 98.8 MB
[runlim] sample:		180.0 time, 180.0 real, 129.6 MB
[runlim] sample:		190.0 time, 190.0 real, 98.8 MB
[runlim] sample:		200.0 time, 200.0 real, 98.8 MB
[runlim] sample:		210.0 time, 210.0 real, 98.7 MB
[runlim] sample:		220.0 time, 220.0 real, 107.5 MB
[runlim] sample:		230.0 time, 230.0 real, 143.4 MB
[runlim] sample:		240.0 time, 240.0 real, 110.3 MB
[runlim] sample:		250.0 time, 250.0 real, 110.3 MB
[runlim] sample:		260.0 time, 260.0 real, 143.1 MB
[runlim] sample:		270.0 time, 270.0 real, 147.7 MB
[runlim] sample:		280.0 time, 280.0 real, 110.3 MB
[runlim] sample:		290.0 time, 290.0 real, 110.3 MB
[runlim] sample:		300.0 time, 300.0 real, 140.7 MB
[runlim] sample:		310.0 time, 310.0 real, 143.7 MB
[runlim] sample:		320.0 time, 320.0 real, 142.7 MB
[runlim] sample:		330.0 time, 330.0 real, 144.7 MB
[runlim] sample:		340.0 time, 340.0 real, 145.1 MB
[runlim] sample:		350.0 time, 350.0 real, 145.3 MB
[runlim] sample:		360.0 time, 360.0 real, 146.6 MB
[runlim] sample:		370.0 time, 370.0 real, 147.1 MB
[runlim] sample:		380.0 time, 380.0 real, 147.5 MB
[runlim] sample:		390.0 time, 390.0 real, 148.5 MB
[runlim] sample:		400.0 time, 400.0 real, 149.7 MB
[runlim] sample:		410.0 time, 410.0 real, 149.1 MB
[runlim] sample:		420.0 time, 420.0 real, 148.1 MB
[runlim] sample:		430.0 time, 430.0 real, 148.1 MB
[runlim] sample:		440.0 time, 440.0 real, 148.7 MB
[runlim] sample:		450.0 time, 450.0 real, 148.0 MB
[runlim] sample:		460.0 time, 460.0 real, 146.7 MB
[runlim] sample:		470.0 time, 470.0 real, 144.5 MB
[runlim] sample:		480.0 time, 480.0 real, 140.6 MB
[runlim] sample:		490.0 time, 490.0 real, 157.1 MB
[runlim] sample:		500.0 time, 500.0 real, 154.0 MB
[runlim] sample:		510.0 time, 510.0 real, 152.6 MB
[runlim] sample:		520.0 time, 520.0 real, 151.2 MB
[runlim] sample:		530.0 time, 530.0 real, 149.9 MB
[runlim] sample:		540.0 time, 540.0 real, 146.8 MB
[runlim] sample:		550.0 time, 550.0 real, 141.9 MB
[runlim] sample:		560.0 time, 560.0 real, 158.9 MB
[runlim] sample:		570.0 time, 570.0 real, 156.4 MB
[runlim] sample:		580.0 time, 580.0 real, 152.5 MB
[runlim] sample:		590.0 time, 590.0 real, 149.1 MB
[runlim] sample:		600.0 time, 600.0 real, 145.6 MB
[runlim] end:			Tue Dec  2 11:18:18 2025
[runlim] status:		out of time
[runlim] result:		2
[runlim] children:		0
[runlim] real:			600.05 seconds
[runlim] time:			599.97 seconds
[runlim] space:			161.1 MB
[runlim] samples:		6000
