[runlim] version:		1.10
[runlim] time limit:		311040000 seconds
[runlim] real time limit:	600 seconds
[runlim] space limit:		512 MB
[runlim] argv[0]:		python3
[runlim] argv[1]:		-u
[runlim] argv[2]:		main.py
[runlim] argv[3]:		scen01
[runlim] start:			Tue Dec  2 10:58:18 2025
[runlim] main pid:		33742
Solve first problem:
Solution:
{652, 414, 736, 498, 268, 30, 128, 366, 254, 16, 366, 128, 254, 16, 254, 16, 156, 394, 764, 526, 142, 380, 142, 380, 352, 114, 352, 114, 414, 652, 268, 30, 554, 792, 708, 470, 352, 114, 442, 680, 142, 380, 736, 498, 352, 114, 652, 414, 310, 72, 16, 254, 338, 100, 366, 128, 324, 86, 310, 72, 254, 16, 324, 86, 254, 16, 722, 484, 652, 414, 282, 44, 254, 16, 366, 128, 352, 114, 254, 16, 268, 30, 680, 442, 352, 114, 652, 414, 310, 72, 366, 128, 254, 16, 296, 58, 282, 44, 680, 442, 394, 156, 282, 44, 254, 16, 268, 30, 352, 114, 394, 156, 268, 30, 310, 72, 750, 512, 722, 484, 282, 44, 254, 16, 128, 366, 142, 380, 310, 72, 380, 142, 282, 44, 44, 282, 338, 100, 268, 30, 408, 170, 324, 86, 324, 86, 666, 428, 128, 366, 708, 470, 366, 128, 652, 414, 44, 282, 338, 100, 268, 30, 268, 30, 268, 30, 282, 44, 324, 86, 352, 114, 324, 86, 666, 428, 394, 156, 142, 380, 394, 156, 694, 456, 324, 86, 254, 16, 282, 44, 366, 128, 296, 58, 338, 100, 254, 16, 282, 44, 352, 114, 254, 16, 254, 16, 296, 58, 58, 296, 58, 296, 254, 16, 296, 58, 296, 58, 254, 16, 268, 30, 282, 44, 254, 16, 268, 30, 324, 86, 338, 100, 666, 428, 338, 100, 694, 456, 254, 16, 352, 114, 352, 114, 338, 100, 268, 30, 268, 30, 380, 142, 254, 16, 324, 86, 282, 44, 254, 16, 254, 16, 352, 114, 324, 86, 254, 16, 352, 114, 352, 114, 44, 282, 44, 282, 352, 114, 394, 156, 282, 44, 282, 44, 366, 128, 254, 16, 254, 16, 324, 86, 408, 170, 254, 16, 254, 16, 366, 128, 282, 44, 680, 442, 352, 114, 30, 268, 338, 100, 254, 16, 254, 16, 254, 16, 324, 86, 254, 16, 254, 16, 254, 16, 666, 428, 338, 100, 254, 16, 666, 428, 338, 100, 394, 156, 254, 16, 352, 114, 30, 268, 30, 268, 394, 156, 324, 86, 380, 142, 30, 268, 736, 498, 44, 282, 268, 30, 666, 428, 338, 100, 268, 30, 380, 142, 310, 72, 142, 380, 310, 72, 142, 380, 282, 44, 86, 324, 736, 498, 352, 114, 380, 142, 666, 428, 366, 128, 352, 114, 338, 100, 128, 366, 44, 282, 394, 156, 380, 142, 114, 352, 366, 128, 114, 352, 254, 16, 268, 30, 324, 86, 338, 100, 338, 100, 268, 30, 352, 114, 352, 114, 310, 72, 310, 72, 310, 72, 268, 30, 268, 30, 268, 30, 366, 128, 254, 16, 366, 128, 338, 100, 254, 16, 310, 72, 254, 16, 100, 338, 254, 16, 254, 16, 16, 254, 380, 142, 310, 72, 268, 30, 114, 352, 296, 58, 268, 30, 128, 366, 254, 16, 114, 352, 338, 100, 268, 30, 352, 114, 352, 114, 352, 114, 254, 16, 254, 16, 268, 30, 310, 72, 268, 30, 268, 30, 338, 100, 324, 86, 30, 268, 254, 16, 142, 380, 338, 100, 254, 16, 338, 100, 268, 30, 366, 128, 268, 30, 338, 100, 268, 30, 338, 100, 296, 58, 268, 30, 254, 16, 254, 16, 282, 44, 254, 16, 310, 72, 254, 16, 268, 30, 310, 72, 254, 16, 338, 100, 254, 16, 254, 16, 254, 16, 128, 366, 666, 428, 58, 296, 352, 114, 666, 428, 114, 352, 44, 282, 352, 114, 338, 100, 268, 30, 114, 352, 366, 128, 352, 114, 352, 114, 666, 428, 338, 100, 254, 16, 366, 128, 352, 114, 114, 352, 296, 58, 268, 30, 142, 380, 282, 44, 268, 30, 268, 30, 338, 100, 254, 16, 366, 128, 100, 338, 282, 44, 268, 30, 352, 114, 338, 100, 338, 100, 268, 30, 352, 114, 282, 44, 268, 30, 282, 44, 268, 30, 282, 44, 268, 30, 380, 142, 338, 100, 268, 30, 268, 30, 254, 16, 254, 16, 254, 16, 338, 100, 324, 86, 254, 16, 254, 16, 394, 156, 366, 128, 268, 30, 254, 16, 254, 16, 324, 86, 254, 16, 114, 352, 338, 100, 268, 30, 338, 100, 268, 30, 338, 100, 268, 30, 338, 100, 268, 30, 310, 72, 254, 16, 254, 16, 254, 16, 268, 30, 254, 16, 268, 30, 254, 16, 324, 86, 352, 114, 254, 16, 44, 282, 394, 156, 324, 86, 254, 16, 254, 16, 254, 16, 310, 72, 268, 30, 268, 30, 310, 72, 268, 30, 268, 30, 268, 30, 44, 282, 268, 30, 324, 86, 268, 30, 338, 100, 268, 30, 268, 30, 338, 100, 268, 30, 268, 30, 268, 30, 254, 16, 296, 58, 268, 30, 338, 100, 254, 16, 338, 100, 254, 16, 254, 16, 254, 16, 268, 30, 254, 16, 268, 30, 338, 100, 268, 30, 338, 100, 268, 30, 352, 114, 282, 44, 268, 30, 268, 30, 338, 100, 268, 30, 254, 16, 338, 100, 268, 30, 338, 100, 268, 30, 338, 100, 268, 30, 114, 352, 282, 44, 324, 86, 254, 16, 254, 16, 254, 16, 380, 142, 282, 44, 44, 282, 268, 30, 128, 366, 114, 352, 338, 100, 324, 86, 30, 268, 338, 100, 268, 30, 254, 16, 338, 100, 352, 114, 352, 114, 268, 30, 352, 114, 254, 16, 16, 254, 254, 16, 324, 86, 282, 44, 310, 72, 268, 30, 282, 44, 380, 142, 338, 100, 324, 86, 282, 44, 268, 30, 268, 30, 268, 30, 338, 100, 268, 30, 254, 16, 254, 16, 268, 30, 254, 16, 254, 16, 268, 30, 254, 16}
Correct solution!
Number of lables used:  44
Time taken: 1.23 seconds
Memory used: 100.18 MB
--------------------------------------------------

Trying with at most 43 labels...
Solution:
{526, 764, 498, 736, 254, 16, 142, 380, 254, 16, 254, 16, 680, 442, 750, 512, 394, 156, 526, 764, 498, 736, 498, 736, 380, 142, 394, 156, 296, 58, 442, 680, 680, 442, 554, 792, 526, 764, 296, 58, 764, 526, 554, 792, 114, 352, 296, 58, 310, 72, 442, 680, 394, 156, 156, 394, 352, 114, 310, 72, 58, 296, 352, 114, 254, 16, 764, 526, 694, 456, 282, 44, 296, 58, 484, 722, 142, 380, 254, 16, 282, 44, 554, 792, 442, 680, 394, 156, 512, 750, 442, 680, 296, 58, 352, 114, 310, 72, 442, 680, 142, 380, 310, 72, 296, 58, 380, 142, 352, 114, 380, 142, 296, 58, 352, 114, 394, 156, 498, 736, 282, 44, 156, 394, 778, 540, 156, 394, 44, 282, 380, 142, 722, 484, 142, 380, 736, 498, 282, 44, 380, 142, 722, 484, 394, 156, 778, 540, 282, 44, 484, 722, 16, 254, 484, 722, 72, 310, 380, 142, 296, 58, 484, 722, 484, 722, 380, 142, 72, 310, 58, 296, 352, 114, 722, 484, 680, 442, 310, 72, 142, 380, 764, 526, 352, 114, 254, 16, 282, 44, 442, 680, 394, 156, 380, 142, 296, 58, 722, 484, 540, 778, 352, 114, 722, 484, 750, 512, 44, 282, 380, 142, 296, 58, 722, 484, 694, 456, 156, 394, 310, 72, 282, 44, 296, 58, 310, 72, 352, 114, 680, 442, 456, 694, 380, 142, 736, 498, 310, 72, 380, 142, 380, 142, 694, 456, 156, 394, 296, 58, 408, 170, 352, 114, 380, 142, 394, 156, 254, 16, 282, 44, 394, 156, 352, 114, 282, 44, 498, 736, 380, 142, 512, 750, 512, 750, 16, 254, 380, 142, 352, 114, 352, 114, 694, 456, 282, 44, 310, 72, 352, 114, 408, 170, 394, 156, 296, 58, 764, 526, 694, 456, 722, 484, 380, 142, 44, 282, 352, 114, 694, 456, 694, 456, 282, 44, 156, 394, 296, 58, 694, 456, 694, 456, 736, 498, 380, 142, 254, 16, 680, 442, 44, 282, 394, 156, 296, 58, 16, 254, 456, 694, 456, 694, 394, 156, 792, 554, 722, 484, 58, 296, 764, 526, 72, 310, 44, 282, 694, 456, 352, 114, 680, 442, 44, 282, 352, 114, 282, 44, 352, 114, 498, 736, 380, 142, 352, 114, 750, 512, 764, 526, 380, 142, 442, 680, 694, 456, 352, 114, 282, 44, 142, 380, 44, 282, 680, 442, 680, 442, 282, 44, 750, 512, 680, 442, 296, 58, 282, 44, 114, 352, 380, 142, 380, 142, 44, 282, 722, 484, 394, 156, 352, 114, 282, 44, 142, 380, 296, 58, 352, 114, 296, 58, 380, 142, 296, 58, 156, 394, 114, 352, 296, 58, 352, 114, 58, 296, 512, 750, 310, 72, 296, 58, 72, 310, 680, 442, 142, 380, 296, 58, 694, 456, 282, 44, 114, 352, 722, 484, 282, 44, 680, 442, 44, 282, 58, 296, 722, 484, 722, 484, 394, 156, 736, 498, 296, 58, 296, 58, 352, 114, 296, 58, 282, 44, 58, 296, 380, 142, 142, 380, 114, 352, 694, 456, 16, 254, 282, 44, 114, 352, 296, 58, 282, 44, 282, 44, 296, 58, 310, 72, 694, 456, 352, 114, 296, 58, 296, 58, 296, 58, 282, 44, 296, 58, 352, 114, 296, 58, 380, 142, 352, 114, 394, 156, 394, 156, 296, 58, 394, 156, 394, 156, 722, 484, 736, 498, 72, 310, 680, 442, 456, 694, 680, 442, 72, 310, 380, 142, 352, 114, 722, 484, 680, 442, 394, 156, 394, 156, 394, 156, 680, 442, 44, 282, 352, 114, 380, 142, 680, 442, 680, 442, 310, 72, 694, 456, 722, 484, 282, 44, 296, 58, 296, 58, 352, 114, 352, 114, 694, 456, 722, 484, 442, 680, 296, 58, 778, 540, 380, 142, 380, 142, 296, 58, 722, 484, 282, 44, 310, 72, 310, 72, 296, 58, 310, 72, 296, 58, 498, 736, 44, 282, 310, 72, 736, 498, 296, 58, 394, 156, 72, 310, 352, 114, 310, 72, 722, 484, 296, 58, 394, 156, 114, 352, 310, 72, 296, 58, 296, 58, 394, 156, 296, 58, 722, 484, 352, 114, 58, 296, 352, 114, 58, 296, 352, 114, 722, 484, 72, 310, 296, 58, 352, 114, 296, 58, 296, 58, 296, 58, 156, 394, 296, 58, 296, 58, 394, 156, 114, 352, 380, 142, 394, 156, 512, 750, 58, 296, 394, 156, 792, 554, 296, 58, 296, 58, 352, 114, 296, 58, 296, 58, 352, 114, 296, 58, 296, 58, 310, 72, 722, 484, 310, 72, 114, 352, 296, 58, 722, 484, 296, 58, 296, 58, 72, 310, 296, 58, 296, 58, 296, 58, 310, 72, 380, 142, 296, 58, 394, 156, 296, 58, 114, 352, 156, 394, 394, 156, 394, 156, 296, 58, 296, 58, 58, 296, 352, 114, 58, 296, 352, 114, 722, 484, 58, 296, 310, 72, 296, 58, 58, 296, 352, 114, 72, 310, 58, 296, 352, 114, 722, 484, 72, 310, 296, 58, 72, 310, 296, 58, 750, 512, 352, 114, 142, 380, 296, 58, 296, 58, 296, 58, 58, 296, 310, 72, 142, 380, 310, 72, 512, 750, 498, 736, 722, 484, 394, 156, 58, 296, 722, 484, 114, 352, 58, 296, 72, 310, 394, 156, 394, 156, 296, 58, 722, 484, 296, 58, 156, 394, 296, 58, 722, 484, 310, 72, 352, 114, 296, 58, 310, 72, 498, 736, 352, 114, 352, 114, 310, 72, 296, 58, 296, 58, 722, 484, 72, 310, 296, 58, 296, 58, 296, 58, 296, 58, 72, 310, 296, 58, 296, 58, 296, 58}
Correct solution!
Number of lables used:  32
Time taken: 0.05 seconds
Memory used: 104.08 MB
--------------------------------------------------

Trying with at most 31 labels...
Solution:
{526, 764, 498, 736, 254, 16, 142, 380, 254, 16, 254, 16, 750, 512, 750, 512, 394, 156, 526, 764, 498, 736, 498, 736, 380, 142, 394, 156, 296, 58, 498, 736, 142, 380, 554, 792, 526, 764, 296, 58, 764, 526, 554, 792, 114, 352, 296, 58, 310, 72, 156, 394, 792, 554, 156, 394, 352, 114, 310, 72, 58, 296, 352, 114, 254, 16, 764, 526, 694, 456, 282, 44, 296, 58, 484, 722, 142, 380, 254, 16, 282, 44, 554, 792, 456, 694, 394, 156, 512, 750, 484, 722, 296, 58, 352, 114, 310, 72, 554, 792, 142, 380, 310, 72, 296, 58, 380, 142, 352, 114, 380, 142, 296, 58, 352, 114, 394, 156, 498, 736, 282, 44, 156, 394, 778, 540, 156, 394, 44, 282, 380, 142, 722, 484, 142, 380, 736, 498, 282, 44, 380, 142, 722, 484, 394, 156, 778, 540, 282, 44, 484, 722, 16, 254, 484, 722, 72, 310, 380, 142, 296, 58, 484, 722, 484, 722, 380, 142, 72, 310, 58, 296, 352, 114, 736, 498, 694, 456, 310, 72, 142, 380, 764, 526, 352, 114, 254, 16, 282, 44, 722, 484, 394, 156, 380, 142, 296, 58, 722, 484, 540, 778, 352, 114, 722, 484, 750, 512, 44, 282, 380, 142, 296, 58, 722, 484, 694, 456, 156, 394, 310, 72, 282, 44, 296, 58, 310, 72, 352, 114, 694, 456, 498, 736, 380, 142, 736, 498, 310, 72, 380, 142, 380, 142, 694, 456, 156, 394, 296, 58, 408, 170, 352, 114, 380, 142, 394, 156, 254, 16, 282, 44, 394, 156, 352, 114, 282, 44, 498, 736, 380, 142, 512, 750, 512, 750, 16, 254, 380, 142, 352, 114, 352, 114, 694, 456, 282, 44, 310, 72, 352, 114, 408, 170, 394, 156, 296, 58, 764, 526, 694, 456, 722, 484, 380, 142, 44, 282, 352, 114, 722, 484, 722, 484, 282, 44, 156, 394, 296, 58, 694, 456, 694, 456, 736, 498, 380, 142, 254, 16, 694, 456, 44, 282, 394, 156, 296, 58, 16, 254, 456, 694, 456, 694, 394, 156, 792, 554, 722, 484, 58, 296, 764, 526, 72, 310, 44, 282, 694, 456, 352, 114, 526, 764, 44, 282, 352, 114, 282, 44, 352, 114, 498, 736, 380, 142, 352, 114, 750, 512, 764, 526, 380, 142, 142, 380, 694, 456, 352, 114, 282, 44, 142, 380, 44, 282, 764, 526, 722, 484, 282, 44, 764, 526, 456, 694, 296, 58, 282, 44, 114, 352, 380, 142, 380, 142, 44, 282, 722, 484, 394, 156, 352, 114, 282, 44, 142, 380, 296, 58, 352, 114, 296, 58, 380, 142, 296, 58, 156, 394, 114, 352, 296, 58, 352, 114, 58, 296, 512, 750, 310, 72, 296, 58, 72, 310, 694, 456, 142, 380, 296, 58, 694, 456, 282, 44, 114, 352, 722, 484, 282, 44, 694, 456, 44, 282, 58, 296, 722, 484, 722, 484, 394, 156, 736, 498, 296, 58, 296, 58, 352, 114, 296, 58, 282, 44, 58, 296, 380, 142, 142, 380, 456, 694, 694, 456, 16, 254, 282, 44, 114, 352, 296, 58, 282, 44, 282, 44, 296, 58, 310, 72, 694, 456, 352, 114, 296, 58, 296, 58, 296, 58, 282, 44, 296, 58, 352, 114, 296, 58, 380, 142, 352, 114, 394, 156, 394, 156, 296, 58, 394, 156, 394, 156, 722, 484, 736, 498, 72, 310, 694, 456, 456, 694, 694, 456, 72, 310, 380, 142, 352, 114, 722, 484, 694, 456, 394, 156, 394, 156, 394, 156, 694, 456, 44, 282, 352, 114, 380, 142, 694, 456, 750, 512, 310, 72, 694, 456, 722, 484, 282, 44, 296, 58, 296, 58, 352, 114, 352, 114, 694, 456, 722, 484, 750, 512, 296, 58, 778, 540, 380, 142, 380, 142, 296, 58, 722, 484, 282, 44, 310, 72, 310, 72, 296, 58, 310, 72, 296, 58, 498, 736, 44, 282, 310, 72, 736, 498, 296, 58, 394, 156, 72, 310, 352, 114, 310, 72, 722, 484, 296, 58, 394, 156, 114, 352, 310, 72, 296, 58, 296, 58, 394, 156, 296, 58, 722, 484, 352, 114, 58, 296, 352, 114, 58, 296, 352, 114, 722, 484, 72, 310, 296, 58, 352, 114, 296, 58, 296, 58, 296, 58, 156, 394, 296, 58, 296, 58, 394, 156, 114, 352, 380, 142, 394, 156, 512, 750, 58, 296, 394, 156, 792, 554, 296, 58, 296, 58, 352, 114, 296, 58, 296, 58, 352, 114, 296, 58, 296, 58, 310, 72, 722, 484, 310, 72, 114, 352, 296, 58, 722, 484, 296, 58, 296, 58, 72, 310, 296, 58, 296, 58, 296, 58, 310, 72, 380, 142, 296, 58, 394, 156, 296, 58, 114, 352, 156, 394, 394, 156, 394, 156, 296, 58, 296, 58, 58, 296, 352, 114, 58, 296, 352, 114, 722, 484, 58, 296, 310, 72, 296, 58, 58, 296, 352, 114, 72, 310, 58, 296, 352, 114, 722, 484, 72, 310, 296, 58, 72, 310, 296, 58, 750, 512, 352, 114, 142, 380, 296, 58, 296, 58, 296, 58, 58, 296, 310, 72, 142, 380, 310, 72, 512, 750, 498, 736, 722, 484, 394, 156, 58, 296, 722, 484, 114, 352, 58, 296, 72, 310, 394, 156, 394, 156, 296, 58, 722, 484, 296, 58, 156, 394, 296, 58, 722, 484, 310, 72, 352, 114, 296, 58, 310, 72, 498, 736, 352, 114, 352, 114, 310, 72, 296, 58, 296, 58, 722, 484, 72, 310, 296, 58, 296, 58, 296, 58, 296, 58, 72, 310, 296, 58, 296, 58, 296, 58}
Correct solution!
Number of lables used:  30
Time taken: 0.02 seconds
Memory used: 104.10 MB
--------------------------------------------------

Trying with at most 29 labels...
Solution:
{554, 792, 498, 736, 394, 156, 498, 736, 156, 394, 554, 792, 750, 512, 750, 512, 394, 156, 526, 764, 498, 736, 540, 778, 380, 142, 394, 156, 296, 58, 498, 736, 142, 380, 554, 792, 526, 764, 296, 58, 764, 526, 554, 792, 114, 352, 296, 58, 310, 72, 156, 394, 792, 554, 282, 44, 352, 114, 310, 72, 58, 296, 352, 114, 764, 526, 764, 526, 694, 456, 282, 44, 296, 58, 498, 736, 142, 380, 142, 380, 282, 44, 554, 792, 456, 694, 394, 156, 512, 750, 512, 750, 296, 58, 352, 114, 310, 72, 554, 792, 142, 380, 310, 72, 296, 58, 380, 142, 352, 114, 380, 142, 296, 58, 352, 114, 394, 156, 498, 736, 282, 44, 694, 456, 778, 540, 456, 694, 44, 282, 380, 142, 736, 498, 142, 380, 736, 498, 282, 44, 380, 142, 750, 512, 394, 156, 778, 540, 282, 44, 310, 72, 114, 352, 498, 736, 72, 310, 380, 142, 296, 58, 380, 142, 498, 736, 380, 142, 72, 310, 58, 296, 352, 114, 736, 498, 694, 456, 380, 142, 142, 380, 764, 526, 58, 296, 380, 142, 282, 44, 736, 498, 394, 156, 380, 142, 296, 58, 764, 526, 540, 778, 352, 114, 778, 540, 750, 512, 44, 282, 44, 282, 394, 156, 694, 456, 694, 456, 156, 394, 310, 72, 282, 44, 296, 58, 310, 72, 352, 114, 694, 456, 498, 736, 380, 142, 736, 498, 310, 72, 380, 142, 380, 142, 694, 456, 156, 394, 296, 58, 408, 170, 352, 114, 380, 142, 394, 156, 282, 44, 282, 44, 394, 156, 352, 114, 282, 44, 540, 778, 352, 114, 526, 764, 526, 764, 282, 44, 380, 142, 694, 456, 694, 456, 694, 456, 282, 44, 310, 72, 394, 156, 408, 170, 394, 156, 296, 58, 764, 526, 694, 456, 750, 512, 380, 142, 44, 282, 352, 114, 394, 156, 394, 156, 282, 44, 156, 394, 296, 58, 750, 512, 778, 540, 750, 512, 380, 142, 380, 142, 694, 456, 44, 282, 394, 156, 296, 58, 58, 296, 540, 778, 456, 694, 394, 156, 792, 554, 72, 310, 58, 296, 764, 526, 72, 310, 44, 282, 380, 142, 352, 114, 526, 764, 44, 282, 352, 114, 282, 44, 352, 114, 310, 72, 380, 142, 352, 114, 764, 526, 764, 526, 380, 142, 142, 380, 694, 456, 352, 114, 282, 44, 142, 380, 44, 282, 778, 540, 736, 498, 282, 44, 764, 526, 456, 694, 296, 58, 282, 44, 114, 352, 380, 142, 380, 142, 44, 282, 750, 512, 394, 156, 352, 114, 282, 44, 142, 380, 296, 58, 352, 114, 296, 58, 380, 142, 296, 58, 156, 394, 114, 352, 296, 58, 352, 114, 58, 296, 512, 750, 310, 72, 296, 58, 72, 310, 694, 456, 142, 380, 296, 58, 694, 456, 282, 44, 114, 352, 694, 456, 282, 44, 694, 456, 44, 282, 58, 296, 456, 694, 736, 498, 394, 156, 694, 456, 296, 58, 296, 58, 352, 114, 296, 58, 282, 44, 310, 72, 380, 142, 456, 694, 456, 694, 142, 380, 58, 296, 282, 44, 114, 352, 456, 694, 282, 44, 282, 44, 296, 58, 310, 72, 380, 142, 352, 114, 296, 58, 296, 58, 296, 58, 282, 44, 296, 58, 352, 114, 296, 58, 380, 142, 352, 114, 394, 156, 394, 156, 296, 58, 394, 156, 394, 156, 142, 380, 736, 498, 72, 310, 694, 456, 456, 694, 694, 456, 72, 310, 380, 142, 352, 114, 694, 456, 380, 142, 394, 156, 394, 156, 394, 156, 736, 498, 44, 282, 352, 114, 380, 142, 694, 456, 764, 526, 310, 72, 694, 456, 694, 456, 282, 44, 296, 58, 296, 58, 282, 44, 352, 114, 380, 142, 750, 512, 750, 512, 296, 58, 778, 540, 380, 142, 380, 142, 296, 58, 694, 456, 282, 44, 310, 72, 310, 72, 296, 58, 310, 72, 296, 58, 694, 456, 750, 512, 310, 72, 736, 498, 296, 58, 394, 156, 72, 310, 352, 114, 310, 72, 750, 512, 296, 58, 394, 156, 114, 352, 296, 58, 296, 58, 296, 58, 394, 156, 296, 58, 736, 498, 352, 114, 58, 296, 352, 114, 58, 296, 352, 114, 736, 498, 72, 310, 296, 58, 352, 114, 296, 58, 296, 58, 296, 58, 156, 394, 296, 58, 296, 58, 394, 156, 114, 352, 352, 114, 394, 156, 526, 764, 456, 694, 394, 156, 310, 72, 296, 58, 296, 58, 352, 114, 296, 58, 296, 58, 352, 114, 296, 58, 296, 58, 310, 72, 736, 498, 310, 72, 114, 352, 296, 58, 736, 498, 296, 58, 296, 58, 72, 310, 296, 58, 296, 58, 296, 58, 310, 72, 380, 142, 296, 58, 394, 156, 282, 44, 114, 352, 156, 394, 394, 156, 394, 156, 296, 58, 296, 58, 58, 296, 352, 114, 58, 296, 352, 114, 736, 498, 58, 296, 310, 72, 296, 58, 58, 296, 352, 114, 72, 310, 58, 296, 352, 114, 694, 456, 72, 310, 296, 58, 72, 310, 296, 58, 750, 512, 352, 114, 114, 352, 296, 58, 296, 58, 296, 58, 58, 296, 310, 72, 142, 380, 310, 72, 526, 764, 512, 750, 736, 498, 394, 156, 58, 296, 498, 736, 114, 352, 58, 296, 72, 310, 394, 156, 394, 156, 296, 58, 736, 498, 296, 58, 156, 394, 296, 58, 736, 498, 310, 72, 352, 114, 296, 58, 310, 72, 512, 750, 352, 114, 352, 114, 310, 72, 296, 58, 296, 58, 736, 498, 72, 310, 296, 58, 296, 58, 296, 58, 296, 58, 72, 310, 296, 58, 296, 58, 296, 58}
Correct solution!
Number of lables used:  26
Time taken: 0.03 seconds
Memory used: 104.17 MB
--------------------------------------------------

Trying with at most 25 labels...
Solution:
{512, 750, 526, 764, 394, 156, 498, 736, 156, 394, 526, 764, 750, 512, 750, 512, 394, 156, 498, 736, 498, 736, 526, 764, 380, 142, 394, 156, 352, 114, 526, 764, 142, 380, 526, 764, 498, 736, 58, 296, 736, 498, 380, 142, 526, 764, 296, 58, 310, 72, 156, 394, 764, 526, 352, 114, 352, 114, 310, 72, 44, 282, 352, 114, 764, 526, 764, 526, 694, 456, 282, 44, 310, 72, 498, 736, 142, 380, 142, 380, 282, 44, 526, 764, 456, 694, 394, 156, 512, 750, 736, 498, 526, 764, 352, 114, 310, 72, 310, 72, 156, 394, 310, 72, 296, 58, 380, 142, 352, 114, 296, 58, 58, 296, 352, 114, 394, 156, 498, 736, 282, 44, 694, 456, 58, 296, 456, 694, 282, 44, 114, 352, 736, 498, 142, 380, 736, 498, 282, 44, 380, 142, 750, 512, 394, 156, 512, 750, 282, 44, 310, 72, 114, 352, 456, 694, 72, 310, 380, 142, 282, 44, 380, 142, 498, 736, 380, 142, 456, 694, 44, 282, 352, 114, 736, 498, 694, 456, 380, 142, 142, 380, 764, 526, 58, 296, 380, 142, 694, 456, 736, 498, 394, 156, 380, 142, 750, 512, 764, 526, 456, 694, 694, 456, 736, 498, 750, 512, 156, 394, 156, 394, 282, 44, 694, 456, 694, 456, 156, 394, 310, 72, 282, 44, 352, 114, 310, 72, 352, 114, 694, 456, 498, 736, 380, 142, 736, 498, 310, 72, 380, 142, 380, 142, 694, 456, 156, 394, 296, 58, 408, 170, 310, 72, 380, 142, 394, 156, 282, 44, 282, 44, 394, 156, 352, 114, 282, 44, 352, 114, 352, 114, 526, 764, 526, 764, 282, 44, 380, 142, 694, 456, 694, 456, 694, 456, 282, 44, 310, 72, 394, 156, 408, 170, 394, 156, 310, 72, 764, 526, 694, 456, 750, 512, 380, 142, 44, 282, 352, 114, 394, 156, 394, 156, 282, 44, 694, 456, 310, 72, 750, 512, 750, 512, 750, 512, 380, 142, 380, 142, 694, 456, 44, 282, 394, 156, 296, 58, 58, 296, 142, 380, 498, 736, 394, 156, 764, 526, 72, 310, 58, 296, 764, 526, 72, 310, 44, 282, 380, 142, 352, 114, 526, 764, 44, 282, 352, 114, 282, 44, 352, 114, 310, 72, 380, 142, 296, 58, 764, 526, 764, 526, 380, 142, 142, 380, 694, 456, 352, 114, 282, 44, 142, 380, 44, 282, 526, 764, 736, 498, 282, 44, 764, 526, 456, 694, 296, 58, 282, 44, 114, 352, 380, 142, 380, 142, 44, 282, 750, 512, 394, 156, 352, 114, 282, 44, 142, 380, 296, 58, 352, 114, 296, 58, 380, 142, 296, 58, 156, 394, 114, 352, 296, 58, 352, 114, 58, 296, 512, 750, 296, 58, 310, 72, 72, 310, 694, 456, 142, 380, 282, 44, 694, 456, 282, 44, 114, 352, 694, 456, 282, 44, 694, 456, 456, 694, 72, 310, 456, 694, 44, 282, 394, 156, 694, 456, 296, 58, 296, 58, 352, 114, 282, 44, 282, 44, 310, 72, 380, 142, 456, 694, 456, 694, 142, 380, 44, 282, 114, 352, 456, 694, 526, 764, 310, 72, 282, 44, 296, 58, 310, 72, 380, 142, 352, 114, 282, 44, 296, 58, 44, 282, 282, 44, 352, 114, 352, 114, 296, 58, 380, 142, 380, 142, 394, 156, 394, 156, 282, 44, 394, 156, 394, 156, 142, 380, 736, 498, 72, 310, 694, 456, 456, 694, 694, 456, 72, 310, 380, 142, 352, 114, 694, 456, 380, 142, 394, 156, 394, 156, 394, 156, 736, 498, 44, 282, 352, 114, 380, 142, 694, 456, 764, 526, 310, 72, 694, 456, 694, 456, 282, 44, 296, 58, 296, 58, 282, 44, 352, 114, 380, 142, 750, 512, 750, 512, 296, 58, 44, 282, 380, 142, 380, 142, 296, 58, 694, 456, 282, 44, 310, 72, 310, 72, 352, 114, 310, 72, 296, 58, 694, 456, 750, 512, 310, 72, 114, 352, 296, 58, 394, 156, 72, 310, 380, 142, 310, 72, 750, 512, 296, 58, 394, 156, 114, 352, 296, 58, 352, 114, 282, 44, 142, 380, 282, 44, 736, 498, 352, 114, 72, 310, 352, 114, 58, 296, 352, 114, 736, 498, 72, 310, 296, 58, 394, 156, 296, 58, 296, 58, 296, 58, 156, 394, 296, 58, 296, 58, 310, 72, 114, 352, 352, 114, 394, 156, 526, 764, 456, 694, 394, 156, 310, 72, 282, 44, 282, 44, 352, 114, 296, 58, 310, 72, 352, 114, 296, 58, 296, 58, 352, 114, 736, 498, 310, 72, 114, 352, 310, 72, 736, 498, 296, 58, 296, 58, 72, 310, 296, 58, 296, 58, 296, 58, 310, 72, 380, 142, 296, 58, 394, 156, 282, 44, 114, 352, 44, 282, 310, 72, 310, 72, 114, 352, 44, 282, 58, 296, 352, 114, 58, 296, 352, 114, 736, 498, 58, 296, 310, 72, 296, 58, 44, 282, 352, 114, 72, 310, 58, 296, 352, 114, 694, 456, 72, 310, 296, 58, 72, 310, 296, 58, 750, 512, 352, 114, 114, 352, 512, 750, 282, 44, 296, 58, 58, 296, 310, 72, 142, 380, 310, 72, 526, 764, 512, 750, 736, 498, 394, 156, 58, 296, 498, 736, 114, 352, 44, 282, 72, 310, 394, 156, 394, 156, 296, 58, 736, 498, 296, 58, 156, 394, 296, 58, 736, 498, 310, 72, 352, 114, 296, 58, 310, 72, 512, 750, 352, 114, 352, 114, 310, 72, 282, 44, 296, 58, 736, 498, 72, 310, 296, 58, 296, 58, 296, 58, 44, 282, 456, 694, 296, 58, 310, 72, 282, 44}
Correct solution!
Number of lables used:  22
Time taken: 0.03 seconds
Memory used: 104.22 MB
--------------------------------------------------

Trying with at most 21 labels...
Solution:
{498, 736, 30, 268, 268, 30, 498, 736, 114, 352, 526, 764, 764, 526, 764, 526, 142, 380, 764, 526, 498, 736, 526, 764, 380, 142, 380, 142, 268, 30, 736, 498, 736, 498, 114, 352, 764, 526, 526, 764, 30, 268, 352, 114, 736, 498, 142, 380, 310, 72, 142, 380, 764, 526, 352, 114, 142, 380, 268, 30, 72, 310, 30, 268, 764, 526, 764, 526, 310, 72, 310, 72, 268, 30, 498, 736, 30, 268, 142, 380, 30, 268, 142, 380, 498, 736, 380, 142, 16, 254, 736, 498, 526, 764, 352, 114, 310, 72, 352, 114, 380, 142, 142, 380, 268, 30, 380, 142, 352, 114, 310, 72, 114, 352, 310, 72, 352, 114, 778, 540, 736, 498, 72, 310, 498, 736, 268, 30, 736, 498, 72, 310, 764, 526, 142, 380, 736, 498, 268, 30, 142, 380, 268, 30, 268, 30, 30, 268, 526, 764, 526, 764, 114, 352, 268, 30, 352, 114, 380, 142, 736, 498, 352, 114, 352, 114, 380, 142, 30, 268, 30, 268, 268, 30, 526, 764, 736, 498, 324, 86, 86, 324, 254, 16, 114, 352, 380, 142, 142, 380, 736, 498, 72, 310, 352, 114, 736, 498, 764, 526, 778, 540, 380, 142, 142, 380, 254, 16, 30, 268, 30, 268, 142, 380, 736, 498, 310, 72, 764, 526, 310, 72, 352, 114, 352, 114, 310, 72, 310, 72, 268, 30, 526, 764, 380, 142, 324, 86, 268, 30, 310, 72, 310, 72, 736, 498, 380, 142, 380, 142, 170, 408, 380, 142, 380, 142, 310, 72, 310, 72, 268, 30, 380, 142, 498, 736, 268, 30, 352, 114, 352, 114, 526, 764, 526, 764, 324, 86, 380, 142, 310, 72, 778, 540, 310, 72, 352, 114, 380, 142, 498, 736, 142, 380, 380, 142, 310, 72, 498, 736, 114, 352, 526, 764, 254, 16, 498, 736, 268, 30, 380, 142, 380, 142, 268, 30, 736, 498, 310, 72, 764, 526, 764, 526, 764, 526, 30, 268, 380, 142, 526, 764, 72, 310, 380, 142, 310, 72, 736, 498, 498, 736, 526, 764, 142, 380, 778, 540, 352, 114, 30, 268, 498, 736, 72, 310, 30, 268, 352, 114, 352, 114, 526, 764, 30, 268, 380, 142, 380, 142, 352, 114, 268, 30, 764, 526, 498, 736, 142, 380, 736, 498, 30, 268, 310, 72, 526, 764, 498, 736, 268, 30, 142, 380, 352, 114, 498, 736, 526, 764, 380, 142, 526, 764, 526, 764, 310, 72, 268, 30, 114, 352, 30, 268, 380, 142, 72, 310, 736, 498, 72, 310, 352, 114, 310, 72, 142, 380, 142, 380, 352, 114, 352, 114, 380, 142, 310, 72, 114, 352, 764, 526, 72, 310, 310, 72, 30, 268, 498, 736, 352, 114, 310, 72, 764, 526, 380, 142, 268, 30, 310, 72, 736, 498, 268, 30, 114, 352, 498, 736, 352, 114, 736, 498, 526, 764, 114, 352, 540, 778, 540, 778, 310, 72, 736, 498, 268, 30, 268, 30, 352, 114, 310, 72, 268, 30, 352, 114, 352, 114, 736, 498, 142, 380, 142, 380, 526, 764, 114, 352, 142, 380, 736, 498, 310, 72, 736, 498, 72, 310, 380, 142, 380, 142, 352, 114, 310, 72, 310, 72, 114, 352, 352, 114, 310, 72, 380, 142, 310, 72, 380, 142, 736, 498, 380, 142, 114, 352, 268, 30, 352, 114, 380, 142, 142, 380, 324, 86, 72, 310, 736, 498, 736, 498, 736, 498, 72, 310, 268, 30, 310, 72, 380, 142, 310, 72, 268, 30, 72, 310, 268, 30, 736, 498, 30, 268, 310, 72, 380, 142, 736, 498, 764, 526, 526, 764, 380, 142, 310, 72, 352, 114, 352, 114, 310, 72, 30, 268, 352, 114, 736, 498, 778, 540, 498, 736, 310, 72, 142, 380, 380, 142, 310, 72, 268, 30, 764, 526, 764, 526, 380, 142, 310, 72, 380, 142, 310, 72, 380, 142, 30, 268, 498, 736, 310, 72, 142, 380, 310, 72, 114, 352, 142, 380, 86, 324, 540, 778, 254, 16, 114, 352, 310, 72, 498, 736, 764, 526, 352, 114, 268, 30, 142, 380, 268, 30, 764, 526, 352, 114, 72, 310, 352, 114, 72, 310, 352, 114, 736, 498, 72, 310, 526, 764, 736, 498, 380, 142, 310, 72, 310, 72, 72, 310, 380, 142, 310, 72, 540, 778, 114, 352, 352, 114, 352, 114, 526, 764, 16, 254, 268, 30, 380, 142, 498, 736, 498, 736, 30, 268, 498, 736, 310, 72, 352, 114, 310, 72, 736, 498, 268, 30, 736, 498, 142, 380, 526, 764, 310, 72, 764, 526, 310, 72, 352, 114, 72, 310, 352, 114, 72, 310, 310, 72, 310, 72, 352, 114, 268, 30, 380, 142, 352, 114, 142, 380, 764, 526, 268, 30, 268, 30, 114, 352, 16, 254, 310, 72, 526, 764, 736, 498, 380, 142, 736, 498, 114, 352, 380, 142, 72, 310, 72, 310, 352, 114, 526, 764, 72, 310, 352, 114, 736, 498, 142, 380, 310, 72, 142, 380, 310, 72, 526, 764, 30, 268, 72, 310, 380, 142, 352, 114, 352, 114, 30, 268, 736, 498, 310, 72, 736, 498, 526, 764, 142, 380, 736, 498, 310, 72, 114, 352, 30, 268, 764, 526, 114, 352, 114, 352, 352, 114, 380, 142, 310, 72, 736, 498, 114, 352, 142, 380, 268, 30, 736, 498, 310, 72, 380, 142, 352, 114, 310, 72, 380, 142, 310, 72, 352, 114, 268, 30, 310, 72, 310, 72, 764, 526, 310, 72, 142, 380, 310, 72, 268, 30, 736, 498, 778, 540, 380, 142, 310, 72, 268, 30}
Correct solution!
Number of lables used:  20
Time taken: 0.06 seconds
Memory used: 104.83 MB
--------------------------------------------------

Trying with at most 19 labels...
Solution:
{498, 736, 30, 268, 268, 30, 498, 736, 114, 352, 526, 764, 380, 142, 324, 86, 142, 380, 764, 526, 498, 736, 526, 764, 380, 142, 380, 142, 268, 30, 736, 498, 736, 498, 114, 352, 764, 526, 526, 764, 30, 268, 352, 114, 736, 498, 142, 380, 310, 72, 142, 380, 764, 526, 352, 114, 142, 380, 268, 30, 72, 310, 30, 268, 764, 526, 764, 526, 310, 72, 310, 72, 268, 30, 498, 736, 30, 268, 142, 380, 30, 268, 142, 380, 498, 736, 380, 142, 114, 352, 736, 498, 526, 764, 352, 114, 310, 72, 352, 114, 380, 142, 142, 380, 268, 30, 380, 142, 352, 114, 310, 72, 114, 352, 310, 72, 352, 114, 268, 30, 736, 498, 72, 310, 442, 680, 268, 30, 736, 498, 72, 310, 764, 526, 142, 380, 736, 498, 268, 30, 142, 380, 268, 30, 268, 30, 30, 268, 526, 764, 764, 526, 114, 352, 268, 30, 142, 380, 380, 142, 736, 498, 352, 114, 352, 114, 380, 142, 30, 268, 30, 268, 268, 30, 526, 764, 736, 498, 324, 86, 86, 324, 680, 442, 114, 352, 380, 142, 142, 380, 736, 498, 72, 310, 352, 114, 736, 498, 764, 526, 680, 442, 380, 142, 142, 380, 736, 498, 30, 268, 30, 268, 142, 380, 736, 498, 310, 72, 764, 526, 310, 72, 352, 114, 352, 114, 310, 72, 310, 72, 268, 30, 526, 764, 380, 142, 324, 86, 268, 30, 310, 72, 310, 72, 736, 498, 380, 142, 380, 142, 170, 408, 380, 142, 380, 142, 310, 72, 310, 72, 268, 30, 380, 142, 498, 736, 268, 30, 30, 268, 30, 268, 526, 764, 526, 764, 442, 680, 380, 142, 310, 72, 380, 142, 310, 72, 352, 114, 380, 142, 498, 736, 142, 380, 380, 142, 310, 72, 498, 736, 114, 352, 526, 764, 442, 680, 498, 736, 268, 30, 380, 142, 380, 142, 268, 30, 736, 498, 310, 72, 268, 30, 268, 30, 764, 526, 30, 268, 380, 142, 526, 764, 72, 310, 380, 142, 310, 72, 764, 526, 526, 764, 526, 764, 352, 114, 442, 680, 352, 114, 30, 268, 498, 736, 72, 310, 30, 268, 352, 114, 352, 114, 526, 764, 30, 268, 380, 142, 380, 142, 352, 114, 268, 30, 764, 526, 498, 736, 142, 380, 736, 498, 526, 764, 310, 72, 380, 142, 498, 736, 268, 30, 142, 380, 352, 114, 442, 680, 526, 764, 310, 72, 526, 764, 526, 764, 310, 72, 268, 30, 114, 352, 30, 268, 380, 142, 72, 310, 736, 498, 72, 310, 352, 114, 310, 72, 142, 380, 142, 380, 352, 114, 352, 114, 380, 142, 310, 72, 114, 352, 764, 526, 72, 310, 310, 72, 30, 268, 498, 736, 352, 114, 310, 72, 764, 526, 380, 142, 268, 30, 310, 72, 736, 498, 268, 30, 114, 352, 498, 736, 352, 114, 736, 498, 268, 30, 114, 352, 442, 680, 764, 526, 310, 72, 736, 498, 268, 30, 268, 30, 352, 114, 310, 72, 268, 30, 352, 114, 352, 114, 680, 442, 142, 380, 142, 380, 526, 764, 114, 352, 142, 380, 736, 498, 310, 72, 736, 498, 72, 310, 380, 142, 380, 142, 352, 114, 310, 72, 310, 72, 86, 324, 352, 114, 310, 72, 380, 142, 310, 72, 380, 142, 736, 498, 380, 142, 30, 268, 268, 30, 352, 114, 380, 142, 142, 380, 442, 680, 72, 310, 736, 498, 736, 498, 736, 498, 72, 310, 268, 30, 310, 72, 380, 142, 310, 72, 268, 30, 72, 310, 268, 30, 736, 498, 30, 268, 310, 72, 380, 142, 736, 498, 498, 736, 526, 764, 380, 142, 310, 72, 352, 114, 352, 114, 310, 72, 324, 86, 352, 114, 736, 498, 72, 310, 498, 736, 310, 72, 72, 310, 380, 142, 310, 72, 268, 30, 764, 526, 764, 526, 380, 142, 310, 72, 380, 142, 310, 72, 380, 142, 736, 498, 30, 268, 310, 72, 142, 380, 310, 72, 114, 352, 142, 380, 86, 324, 680, 442, 498, 736, 114, 352, 310, 72, 764, 526, 324, 86, 352, 114, 268, 30, 142, 380, 268, 30, 764, 526, 352, 114, 72, 310, 352, 114, 72, 310, 352, 114, 736, 498, 72, 310, 526, 764, 736, 498, 380, 142, 310, 72, 310, 72, 72, 310, 380, 142, 310, 72, 442, 680, 114, 352, 442, 680, 352, 114, 526, 764, 72, 310, 268, 30, 352, 114, 526, 764, 526, 764, 30, 268, 498, 736, 310, 72, 352, 114, 310, 72, 736, 498, 268, 30, 736, 498, 142, 380, 526, 764, 310, 72, 764, 526, 310, 72, 352, 114, 72, 310, 352, 114, 72, 310, 310, 72, 30, 268, 352, 114, 380, 142, 30, 268, 352, 114, 142, 380, 764, 526, 268, 30, 268, 30, 114, 352, 30, 268, 72, 310, 526, 764, 736, 498, 380, 142, 736, 498, 114, 352, 380, 142, 72, 310, 72, 310, 352, 114, 526, 764, 72, 310, 352, 114, 736, 498, 142, 380, 310, 72, 142, 380, 310, 72, 526, 764, 380, 142, 72, 310, 310, 72, 352, 114, 352, 114, 30, 268, 736, 498, 310, 72, 736, 498, 526, 764, 142, 380, 736, 498, 310, 72, 114, 352, 30, 268, 764, 526, 114, 352, 114, 352, 352, 114, 380, 142, 310, 72, 736, 498, 114, 352, 142, 380, 268, 30, 736, 498, 310, 72, 380, 142, 352, 114, 310, 72, 380, 142, 310, 72, 352, 114, 268, 30, 310, 72, 310, 72, 764, 526, 310, 72, 142, 380, 310, 72, 268, 30, 764, 526, 680, 442, 380, 142, 310, 72, 268, 30}
Correct solution!
Number of lables used:  18
Time taken: 0.03 seconds
Memory used: 104.81 MB
--------------------------------------------------

Trying with at most 17 labels...
Solution:
{498, 736, 380, 142, 296, 58, 498, 736, 114, 352, 526, 764, 380, 142, 296, 58, 114, 352, 764, 526, 498, 736, 526, 764, 380, 142, 380, 142, 296, 58, 380, 142, 380, 142, 680, 442, 736, 498, 526, 764, 58, 296, 352, 114, 736, 498, 442, 680, 310, 72, 142, 380, 764, 526, 296, 58, 142, 380, 310, 72, 58, 296, 58, 296, 764, 526, 764, 526, 310, 72, 310, 72, 310, 72, 442, 680, 72, 310, 142, 380, 58, 296, 296, 58, 498, 736, 380, 142, 498, 736, 736, 498, 526, 764, 442, 680, 310, 72, 296, 58, 352, 114, 114, 352, 296, 58, 380, 142, 352, 114, 680, 442, 114, 352, 310, 72, 764, 526, 352, 114, 736, 498, 72, 310, 442, 680, 680, 442, 380, 142, 352, 114, 764, 526, 142, 380, 736, 498, 296, 58, 170, 408, 296, 58, 352, 114, 58, 296, 526, 764, 526, 764, 72, 310, 58, 296, 142, 380, 442, 680, 310, 72, 310, 72, 310, 72, 380, 142, 296, 58, 296, 58, 296, 58, 526, 764, 736, 498, 58, 296, 352, 114, 680, 442, 114, 352, 380, 142, 142, 380, 680, 442, 58, 296, 764, 526, 736, 498, 764, 526, 680, 442, 310, 72, 296, 58, 736, 498, 114, 352, 114, 352, 296, 58, 736, 498, 736, 498, 764, 526, 310, 72, 352, 114, 352, 114, 296, 58, 310, 72, 58, 296, 58, 296, 380, 142, 380, 142, 72, 310, 310, 72, 310, 72, 736, 498, 380, 142, 380, 142, 142, 380, 310, 72, 380, 142, 526, 764, 310, 72, 352, 114, 380, 142, 498, 736, 352, 114, 380, 142, 380, 142, 526, 764, 526, 764, 380, 142, 380, 142, 310, 72, 310, 72, 310, 72, 352, 114, 380, 142, 498, 736, 142, 380, 72, 310, 310, 72, 380, 142, 498, 736, 526, 764, 296, 58, 498, 736, 352, 114, 764, 526, 764, 526, 310, 72, 736, 498, 310, 72, 296, 58, 296, 58, 764, 526, 58, 296, 380, 142, 526, 764, 442, 680, 380, 142, 310, 72, 764, 526, 526, 764, 526, 764, 352, 114, 442, 680, 310, 72, 310, 72, 142, 380, 72, 310, 72, 310, 352, 114, 352, 114, 526, 764, 58, 296, 380, 142, 72, 310, 58, 296, 58, 296, 380, 142, 526, 764, 142, 380, 736, 498, 526, 764, 736, 498, 380, 142, 498, 736, 296, 58, 142, 380, 352, 114, 442, 680, 526, 764, 380, 142, 526, 764, 142, 380, 310, 72, 296, 58, 142, 380, 310, 72, 380, 142, 296, 58, 736, 498, 72, 310, 352, 114, 142, 380, 142, 380, 142, 380, 352, 114, 352, 114, 296, 58, 310, 72, 380, 142, 764, 526, 310, 72, 296, 58, 72, 310, 498, 736, 352, 114, 310, 72, 764, 526, 380, 142, 442, 680, 310, 72, 736, 498, 352, 114, 296, 58, 498, 736, 352, 114, 736, 498, 142, 380, 736, 498, 442, 680, 764, 526, 296, 58, 736, 498, 296, 58, 296, 58, 352, 114, 310, 72, 296, 58, 296, 58, 380, 142, 680, 442, 310, 72, 114, 352, 526, 764, 72, 310, 352, 114, 736, 498, 114, 352, 736, 498, 72, 310, 380, 142, 380, 142, 352, 114, 310, 72, 310, 72, 72, 310, 352, 114, 310, 72, 352, 114, 142, 380, 380, 142, 736, 498, 380, 142, 58, 296, 72, 310, 72, 310, 352, 114, 680, 442, 442, 680, 72, 310, 736, 498, 310, 72, 736, 498, 72, 310, 296, 58, 310, 72, 380, 142, 680, 442, 680, 442, 72, 310, 296, 58, 736, 498, 72, 310, 296, 58, 380, 142, 736, 498, 498, 736, 526, 764, 380, 142, 310, 72, 352, 114, 380, 142, 310, 72, 352, 114, 352, 114, 736, 498, 72, 310, 764, 526, 310, 72, 142, 380, 764, 526, 310, 72, 142, 380, 764, 526, 764, 526, 380, 142, 680, 442, 380, 142, 310, 72, 380, 142, 114, 352, 58, 296, 310, 72, 142, 380, 310, 72, 142, 380, 380, 142, 72, 310, 58, 296, 498, 736, 114, 352, 310, 72, 764, 526, 380, 142, 352, 114, 352, 114, 142, 380, 72, 310, 764, 526, 352, 114, 72, 310, 352, 114, 72, 310, 352, 114, 736, 498, 72, 310, 526, 764, 736, 498, 380, 142, 310, 72, 310, 72, 72, 310, 380, 142, 310, 72, 72, 310, 114, 352, 380, 142, 142, 380, 526, 764, 72, 310, 352, 114, 736, 498, 526, 764, 526, 764, 72, 310, 142, 380, 310, 72, 352, 114, 310, 72, 736, 498, 680, 442, 736, 498, 142, 380, 526, 764, 310, 72, 764, 526, 310, 72, 380, 142, 72, 310, 352, 114, 72, 310, 310, 72, 142, 380, 352, 114, 142, 380, 352, 114, 526, 764, 114, 352, 764, 526, 142, 380, 142, 380, 72, 310, 72, 310, 72, 310, 526, 764, 736, 498, 380, 142, 736, 498, 114, 352, 680, 442, 380, 142, 72, 310, 352, 114, 526, 764, 72, 310, 352, 114, 736, 498, 142, 380, 736, 498, 142, 380, 310, 72, 526, 764, 736, 498, 352, 114, 380, 142, 352, 114, 352, 114, 114, 352, 736, 498, 310, 72, 736, 498, 526, 764, 142, 380, 736, 498, 310, 72, 442, 680, 114, 352, 764, 526, 310, 72, 114, 352, 352, 114, 380, 142, 310, 72, 736, 498, 114, 352, 142, 380, 310, 72, 736, 498, 310, 72, 380, 142, 352, 114, 310, 72, 380, 142, 310, 72, 680, 442, 352, 114, 310, 72, 310, 72, 764, 526, 310, 72, 142, 380, 310, 72, 352, 114, 764, 526, 736, 498, 72, 310, 380, 142, 310, 72}
Correct solution!
Number of lables used:  16
Time taken: 0.04 seconds
Memory used: 105.27 MB
--------------------------------------------------

Trying with at most 15 labels...
[runlim] sample:		10.0 time, 10.4 real, 117.1 MB
[runlim] sample:		20.0 time, 20.4 real, 118.6 MB
[runlim] sample:		30.0 time, 30.4 real, 121.7 MB
[runlim] sample:		40.0 time, 40.4 real, 118.7 MB
[runlim] sample:		50.0 time, 50.4 real, 116.7 MB
[runlim] sample:		60.0 time, 60.4 real, 123.8 MB
[runlim] sample:		70.0 time, 70.4 real, 121.9 MB
[runlim] sample:		80.0 time, 80.4 real, 118.3 MB
[runlim] sample:		90.0 time, 90.4 real, 123.7 MB
[runlim] sample:		100.0 time, 100.4 real, 118.1 MB
[runlim] sample:		110.0 time, 110.4 real, 123.7 MB
[runlim] sample:		120.0 time, 120.4 real, 119.1 MB
[runlim] sample:		130.0 time, 130.4 real, 125.5 MB
[runlim] sample:		140.0 time, 140.4 real, 118.6 MB
[runlim] sample:		150.0 time, 150.4 real, 125.3 MB
[runlim] sample:		160.0 time, 160.4 real, 119.2 MB
[runlim] sample:		170.0 time, 170.4 real, 125.2 MB
[runlim] sample:		180.0 time, 180.4 real, 130.9 MB
[runlim] sample:		190.0 time, 190.4 real, 122.9 MB
[runlim] sample:		200.0 time, 200.4 real, 128.5 MB
[runlim] sample:		210.0 time, 210.4 real, 119.8 MB
[runlim] sample:		220.0 time, 220.4 real, 126.7 MB
[runlim] sample:		230.0 time, 230.4 real, 133.4 MB
[runlim] sample:		240.0 time, 240.4 real, 123.9 MB
[runlim] sample:		250.0 time, 250.4 real, 129.3 MB
[runlim] sample:		260.0 time, 260.4 real, 135.3 MB
[runlim] sample:		270.0 time, 270.4 real, 125.7 MB
[runlim] sample:		280.0 time, 280.4 real, 131.6 MB
[runlim] sample:		290.0 time, 290.4 real, 137.3 MB
[runlim] sample:		300.0 time, 300.4 real, 126.6 MB
[runlim] sample:		310.0 time, 310.4 real, 131.9 MB
[runlim] sample:		320.0 time, 320.4 real, 136.9 MB
[runlim] sample:		330.0 time, 330.4 real, 125.3 MB
[runlim] sample:		340.0 time, 340.4 real, 131.0 MB
[runlim] sample:		350.0 time, 350.4 real, 135.6 MB
[runlim] sample:		360.0 time, 360.4 real, 123.7 MB
[runlim] sample:		370.0 time, 370.4 real, 129.2 MB
[runlim] sample:		380.0 time, 380.4 real, 132.7 MB
[runlim] sample:		390.0 time, 390.4 real, 137.7 MB
[runlim] sample:		400.0 time, 400.4 real, 124.3 MB
[runlim] sample:		410.0 time, 410.4 real, 129.6 MB
[runlim] sample:		420.0 time, 420.4 real, 134.0 MB
[runlim] sample:		430.0 time, 430.4 real, 138.6 MB
[runlim] sample:		440.0 time, 440.4 real, 125.5 MB
[runlim] sample:		450.0 time, 450.4 real, 130.8 MB
[runlim] sample:		460.0 time, 460.4 real, 126.6 MB
[runlim] sample:		470.0 time, 470.4 real, 132.0 MB
[runlim] sample:		480.0 time, 480.4 real, 127.1 MB
[runlim] sample:		490.0 time, 490.4 real, 132.5 MB
[runlim] sample:		500.0 time, 500.4 real, 127.8 MB
[runlim] sample:		510.0 time, 510.4 real, 132.4 MB
[runlim] sample:		520.0 time, 520.4 real, 127.4 MB
[runlim] sample:		530.0 time, 530.4 real, 132.6 MB
[runlim] sample:		540.0 time, 540.4 real, 136.6 MB
[runlim] sample:		550.0 time, 550.4 real, 131.8 MB
[runlim] sample:		560.0 time, 560.4 real, 137.0 MB
[runlim] sample:		570.0 time, 570.4 real, 131.1 MB
[runlim] sample:		580.0 time, 580.4 real, 136.0 MB
[runlim] sample:		590.0 time, 590.4 real, 131.2 MB
[runlim] end:			Tue Dec  2 11:08:18 2025
[runlim] status:		out of time
[runlim] result:		2
[runlim] children:		0
[runlim] real:			600.03 seconds
[runlim] time:			599.56 seconds
[runlim] space:			173.1 MB
[runlim] samples:		5996
