[runlim] version:		1.10
[runlim] time limit:		311040000 seconds
[runlim] real time limit:	600 seconds
[runlim] space limit:		512 MB
[runlim] argv[0]:		python3
[runlim] argv[1]:		-u
[runlim] argv[2]:		main.py
[runlim] argv[3]:		scen03
[runlim] start:			Tue Dec  2 11:18:18 2025
[runlim] main pid:		40285
Solve first problem:
Solution:
{254, 16, 254, 16, 142, 380, 310, 72, 16, 254, 338, 100, 156, 394, 254, 16, 254, 16, 268, 30, 680, 442, 352, 114, 268, 30, 254, 16, 750, 512, 708, 470, 142, 380, 310, 72, 666, 428, 254, 16, 764, 526, 694, 456, 652, 414, 30, 268, 156, 394, 380, 142, 736, 498, 366, 128, 296, 58, 254, 16, 142, 380, 58, 296, 254, 16, 296, 58, 296, 58, 750, 512, 338, 100, 380, 142, 254, 16, 352, 114, 324, 86, 254, 16, 254, 16, 254, 16, 324, 86, 324, 86, 268, 30, 366, 128, 296, 58, 366, 128, 254, 16, 254, 16, 324, 86, 380, 142, 324, 86, 366, 128, 282, 44, 680, 442, 352, 114, 30, 268, 338, 100, 254, 16, 254, 16, 254, 16, 254, 16, 666, 428, 338, 100, 254, 16, 352, 114, 44, 282, 44, 282, 394, 156, 324, 86, 680, 442, 30, 268, 44, 282, 268, 30, 666, 428, 338, 100, 268, 30, 380, 142, 310, 72, 128, 366, 254, 16, 282, 44, 666, 428, 338, 100, 366, 128, 394, 156, 114, 352, 114, 352, 366, 128, 310, 72, 100, 338, 254, 16, 338, 100, 268, 30, 352, 114, 310, 72, 268, 30, 254, 16, 268, 30, 338, 100, 282, 44, 282, 44, 254, 16, 324, 86, 128, 366, 666, 428, 58, 296, 380, 142, 666, 428, 114, 352, 268, 30, 114, 352, 366, 128, 352, 114, 352, 114, 666, 428, 338, 100, 254, 16, 366, 128, 352, 114, 100, 338, 296, 58, 268, 30, 142, 380, 282, 44, 268, 30, 268, 30, 352, 114, 100, 338, 282, 44, 268, 30, 352, 114, 338, 100, 338, 100, 268, 30, 282, 44, 268, 30, 282, 44, 268, 30, 254, 16, 268, 30, 380, 142, 338, 100, 296, 58, 352, 114, 254, 16, 254, 16, 394, 156, 366, 128, 268, 30, 254, 16, 268, 30, 254, 16, 394, 156, 324, 86, 254, 16, 254, 16, 254, 16, 254, 16, 268, 30, 268, 30, 44, 282, 268, 30, 324, 86, 338, 100, 268, 30, 268, 30, 254, 16, 296, 58, 268, 30, 338, 100, 254, 16, 268, 30, 254, 16, 268, 30, 338, 100, 268, 30, 338, 100, 268, 30, 352, 114, 282, 44, 268, 30, 338, 100, 268, 30, 282, 44, 324, 86, 254, 16, 44, 282, 268, 30, 352, 114, 310, 72, 282, 44, 324, 86, 268, 30, 268, 30, 254, 16, 254, 16}
Correct solution!
Number of lables used:  38
Time taken: 0.55 seconds
Memory used: 60.13 MB
--------------------------------------------------

Trying with at most 37 labels...
Solution:
{470, 708, 470, 708, 750, 512, 666, 428, 16, 254, 512, 750, 16, 254, 778, 540, 16, 254, 30, 268, 680, 442, 750, 512, 254, 16, 268, 30, 30, 268, 456, 694, 442, 680, 778, 540, 540, 778, 254, 16, 268, 30, 764, 526, 456, 694, 526, 764, 16, 254, 254, 16, 512, 750, 764, 526, 428, 666, 30, 268, 666, 428, 736, 498, 30, 268, 750, 512, 470, 708, 680, 442, 666, 428, 540, 778, 254, 16, 428, 666, 512, 750, 428, 666, 254, 16, 254, 16, 666, 428, 666, 428, 694, 456, 526, 764, 666, 428, 526, 764, 268, 30, 268, 30, 736, 498, 240, 478, 254, 16, 540, 778, 470, 708, 428, 666, 512, 750, 16, 254, 498, 736, 666, 428, 666, 428, 470, 708, 470, 708, 442, 680, 16, 254, 254, 16, 16, 254, 442, 680, 442, 680, 666, 428, 736, 498, 428, 666, 694, 456, 778, 540, 666, 428, 708, 470, 736, 498, 666, 428, 30, 268, 694, 456, 764, 526, 254, 16, 456, 694, 778, 540, 778, 540, 442, 680, 428, 666, 540, 778, 708, 470, 442, 680, 666, 428, 764, 526, 254, 16, 428, 666, 268, 30, 778, 540, 736, 498, 428, 666, 268, 30, 30, 268, 708, 470, 694, 456, 254, 16, 268, 30, 16, 254, 540, 778, 498, 736, 736, 498, 456, 694, 498, 736, 750, 512, 666, 428, 30, 268, 16, 254, 16, 254, 16, 254, 526, 764, 470, 708, 254, 16, 470, 708, 470, 708, 442, 680, 778, 540, 456, 694, 512, 750, 456, 694, 30, 268, 778, 540, 442, 680, 428, 666, 736, 498, 764, 526, 778, 540, 778, 540, 778, 540, 708, 470, 694, 456, 708, 470, 498, 736, 470, 708, 254, 16, 708, 470, 778, 540, 456, 694, 16, 254, 470, 708, 30, 268, 268, 30, 16, 254, 254, 16, 16, 254, 268, 30, 694, 456, 764, 526, 736, 498, 666, 428, 268, 30, 268, 30, 268, 30, 268, 30, 708, 470, 666, 428, 778, 540, 764, 526, 708, 470, 778, 540, 708, 470, 708, 470, 268, 30, 540, 778, 428, 666, 16, 254, 268, 30, 708, 470, 470, 708, 708, 470, 428, 666, 708, 470, 428, 666, 708, 470, 30, 268, 694, 456, 268, 30, 778, 540, 442, 680, 428, 666, 680, 442, 470, 708, 498, 736, 708, 470, 540, 778, 750, 512, 736, 498, 708, 470, 708, 470, 708, 470, 254, 16, 456, 694}
Correct solution!
Number of lables used:  22
Time taken: 0.02 seconds
Memory used: 62.13 MB
--------------------------------------------------

Trying with at most 21 labels...
Solution:
{470, 708, 470, 708, 750, 512, 666, 428, 30, 268, 512, 750, 30, 268, 778, 540, 142, 380, 30, 268, 680, 442, 750, 512, 380, 142, 268, 30, 30, 268, 456, 694, 442, 680, 540, 778, 540, 778, 268, 30, 268, 30, 764, 526, 456, 694, 526, 764, 142, 380, 380, 142, 512, 750, 764, 526, 428, 666, 30, 268, 666, 428, 736, 498, 30, 268, 694, 456, 470, 708, 142, 380, 666, 428, 540, 778, 268, 30, 512, 750, 512, 750, 428, 666, 764, 526, 142, 380, 680, 442, 680, 442, 694, 456, 526, 764, 666, 428, 526, 764, 268, 30, 268, 30, 736, 498, 142, 380, 142, 380, 540, 778, 470, 708, 428, 666, 498, 736, 30, 268, 512, 750, 680, 442, 680, 442, 470, 708, 470, 708, 526, 764, 142, 380, 268, 30, 30, 268, 442, 680, 442, 680, 666, 428, 736, 498, 428, 666, 694, 456, 498, 736, 666, 428, 708, 470, 456, 694, 764, 526, 30, 268, 680, 442, 764, 526, 268, 30, 456, 694, 778, 540, 778, 540, 442, 680, 428, 666, 540, 778, 708, 470, 442, 680, 680, 442, 764, 526, 268, 30, 428, 666, 268, 30, 778, 540, 736, 498, 428, 666, 268, 30, 30, 268, 708, 470, 694, 456, 380, 142, 268, 30, 30, 268, 540, 778, 498, 736, 736, 498, 456, 694, 498, 736, 750, 512, 666, 428, 30, 268, 30, 268, 30, 268, 428, 666, 30, 268, 470, 708, 380, 142, 470, 708, 470, 708, 442, 680, 778, 540, 456, 694, 512, 750, 456, 694, 30, 268, 778, 540, 428, 666, 428, 666, 736, 498, 764, 526, 778, 540, 778, 540, 778, 540, 708, 470, 694, 456, 708, 470, 498, 736, 470, 708, 380, 142, 708, 470, 778, 540, 456, 694, 30, 268, 470, 708, 30, 268, 380, 142, 268, 30, 142, 380, 380, 142, 268, 30, 694, 456, 764, 526, 750, 512, 142, 380, 268, 30, 268, 30, 268, 30, 268, 30, 708, 470, 666, 428, 442, 680, 764, 526, 708, 470, 778, 540, 708, 470, 708, 470, 268, 30, 540, 778, 428, 666, 30, 268, 268, 30, 708, 470, 470, 708, 708, 470, 428, 666, 708, 470, 428, 666, 708, 470, 30, 268, 694, 456, 680, 442, 778, 540, 442, 680, 428, 666, 540, 778, 470, 708, 498, 736, 708, 470, 540, 778, 750, 512, 736, 498, 708, 470, 708, 470, 708, 470, 268, 30, 456, 694}
Correct solution!
Number of lables used:  20
Time taken: 0.01 seconds
Memory used: 62.38 MB
--------------------------------------------------

Trying with at most 19 labels...
Solution:
{470, 708, 470, 708, 708, 470, 666, 428, 30, 268, 512, 750, 30, 268, 778, 540, 142, 380, 30, 268, 680, 442, 750, 512, 380, 142, 268, 30, 694, 456, 666, 428, 30, 268, 540, 778, 540, 778, 268, 30, 442, 680, 380, 142, 456, 694, 540, 778, 30, 268, 30, 268, 512, 750, 778, 540, 428, 666, 380, 142, 708, 470, 778, 540, 456, 694, 694, 456, 470, 708, 142, 380, 666, 428, 512, 750, 268, 30, 512, 750, 512, 750, 428, 666, 142, 380, 142, 380, 680, 442, 680, 442, 694, 456, 142, 380, 680, 442, 442, 680, 268, 30, 268, 30, 750, 512, 142, 380, 30, 268, 512, 750, 428, 666, 380, 142, 456, 694, 30, 268, 540, 778, 666, 428, 708, 470, 470, 708, 470, 708, 540, 778, 142, 380, 268, 30, 30, 268, 428, 666, 428, 666, 680, 442, 750, 512, 428, 666, 694, 456, 470, 708, 666, 428, 680, 442, 456, 694, 750, 512, 30, 268, 666, 428, 142, 380, 268, 30, 456, 694, 694, 456, 778, 540, 442, 680, 428, 666, 540, 778, 666, 428, 442, 680, 428, 666, 708, 470, 268, 30, 428, 666, 442, 680, 778, 540, 750, 512, 680, 442, 268, 30, 30, 268, 708, 470, 694, 456, 380, 142, 268, 30, 30, 268, 540, 778, 512, 750, 778, 540, 456, 694, 268, 30, 750, 512, 666, 428, 30, 268, 30, 268, 30, 268, 428, 666, 30, 268, 470, 708, 380, 142, 470, 708, 470, 708, 442, 680, 778, 540, 456, 694, 428, 666, 456, 694, 30, 268, 778, 540, 428, 666, 428, 666, 428, 666, 750, 512, 470, 708, 778, 540, 778, 540, 708, 470, 694, 456, 708, 470, 512, 750, 470, 708, 380, 142, 708, 470, 778, 540, 456, 694, 30, 268, 442, 680, 268, 30, 380, 142, 268, 30, 142, 380, 680, 442, 30, 268, 694, 456, 428, 666, 750, 512, 142, 380, 268, 30, 268, 30, 268, 30, 268, 30, 708, 470, 778, 540, 442, 680, 694, 456, 708, 470, 778, 540, 708, 470, 708, 470, 268, 30, 540, 778, 512, 750, 30, 268, 380, 142, 708, 470, 470, 708, 708, 470, 428, 666, 708, 470, 428, 666, 708, 470, 30, 268, 694, 456, 680, 442, 778, 540, 442, 680, 142, 380, 142, 380, 778, 540, 470, 708, 750, 512, 540, 778, 778, 540, 750, 512, 750, 512, 708, 470, 708, 470, 268, 30, 778, 540}
Correct solution!
Number of lables used:  16
Time taken: 0.01 seconds
Memory used: 62.38 MB
--------------------------------------------------

Trying with at most 15 labels...
Solution:
{470, 708, 72, 310, 708, 470, 142, 380, 268, 30, 540, 778, 30, 268, 778, 540, 142, 380, 268, 30, 72, 310, 708, 470, 708, 470, 30, 268, 268, 30, 470, 708, 652, 414, 30, 268, 708, 470, 268, 30, 30, 268, 778, 540, 414, 652, 540, 778, 310, 72, 72, 310, 652, 414, 778, 540, 72, 310, 30, 268, 380, 142, 736, 498, 30, 268, 652, 414, 498, 736, 30, 268, 142, 380, 380, 142, 310, 72, 142, 380, 540, 778, 30, 268, 268, 30, 380, 142, 414, 652, 414, 652, 380, 142, 310, 72, 778, 540, 470, 708, 380, 142, 30, 268, 778, 540, 380, 142, 708, 470, 540, 778, 470, 708, 72, 310, 498, 736, 540, 778, 414, 652, 268, 30, 470, 708, 470, 708, 470, 708, 778, 540, 268, 30, 268, 30, 380, 142, 498, 736, 498, 736, 72, 310, 708, 470, 498, 736, 708, 470, 470, 708, 380, 142, 268, 30, 72, 310, 736, 498, 72, 310, 380, 142, 268, 30, 778, 540, 708, 470, 778, 540, 470, 708, 778, 540, 142, 380, 380, 142, 470, 708, 30, 268, 778, 540, 498, 736, 310, 72, 142, 380, 142, 380, 708, 470, 736, 498, 778, 540, 380, 142, 708, 470, 778, 540, 708, 470, 778, 540, 310, 72, 30, 268, 708, 470, 498, 736, 470, 708, 310, 72, 540, 778, 30, 268, 778, 540, 268, 30, 30, 268, 30, 268, 540, 778, 72, 310, 470, 708, 380, 142, 470, 708, 380, 142, 142, 380, 142, 380, 470, 708, 380, 142, 540, 778, 380, 142, 708, 470, 498, 736, 142, 380, 498, 736, 540, 778, 142, 380, 540, 778, 470, 708, 142, 380, 708, 470, 72, 310, 498, 736, 142, 380, 380, 142, 736, 498, 380, 142, 736, 498, 380, 142, 310, 72, 30, 268, 652, 414, 708, 470, 268, 30, 310, 72, 30, 268, 380, 142, 778, 540, 778, 540, 380, 142, 268, 30, 268, 30, 268, 30, 142, 380, 380, 142, 142, 380, 310, 72, 736, 498, 30, 268, 470, 708, 380, 142, 708, 470, 778, 540, 540, 778, 268, 30, 30, 268, 268, 30, 310, 72, 72, 310, 778, 540, 310, 72, 708, 470, 142, 380, 708, 470, 268, 30, 142, 380, 708, 470, 778, 540, 142, 380, 498, 736, 142, 380, 142, 380, 470, 708, 778, 540, 540, 778, 708, 470, 736, 498, 380, 142, 708, 470, 708, 470, 310, 72, 470, 708}
Correct solution!
Number of lables used:  14
Time taken: 0.07 seconds
Memory used: 62.88 MB
--------------------------------------------------

Trying with at most 13 labels...
[runlim] sample:		10.0 time, 10.1 real, 110.9 MB
[runlim] sample:		20.0 time, 20.1 real, 113.1 MB
[runlim] sample:		30.0 time, 30.1 real, 112.0 MB
[runlim] sample:		40.0 time, 40.1 real, 113.0 MB
[runlim] sample:		50.0 time, 50.1 real, 120.9 MB
[runlim] sample:		60.0 time, 60.1 real, 122.7 MB
[runlim] sample:		70.0 time, 70.1 real, 125.0 MB
[runlim] sample:		80.0 time, 80.1 real, 126.7 MB
[runlim] sample:		90.0 time, 90.1 real, 127.9 MB
[runlim] sample:		100.0 time, 100.1 real, 128.6 MB
[runlim] sample:		110.0 time, 110.1 real, 148.5 MB
[runlim] sample:		120.0 time, 120.1 real, 148.5 MB
[runlim] sample:		130.0 time, 130.1 real, 148.5 MB
[runlim] sample:		140.0 time, 140.1 real, 148.5 MB
[runlim] sample:		150.0 time, 150.1 real, 148.5 MB
[runlim] sample:		160.0 time, 160.1 real, 148.5 MB
[runlim] sample:		170.0 time, 170.1 real, 148.5 MB
[runlim] sample:		180.0 time, 180.1 real, 148.5 MB
[runlim] sample:		190.0 time, 190.1 real, 148.5 MB
[runlim] sample:		200.0 time, 200.1 real, 148.5 MB
[runlim] sample:		210.0 time, 210.1 real, 148.5 MB
[runlim] sample:		220.0 time, 220.1 real, 148.5 MB
[runlim] sample:		230.0 time, 230.1 real, 148.5 MB
[runlim] sample:		240.0 time, 240.1 real, 148.5 MB
[runlim] sample:		250.0 time, 250.1 real, 148.5 MB
[runlim] sample:		260.0 time, 260.1 real, 148.5 MB
[runlim] sample:		270.0 time, 270.1 real, 148.5 MB
[runlim] sample:		280.0 time, 280.1 real, 148.5 MB
[runlim] sample:		290.0 time, 290.1 real, 148.5 MB
[runlim] sample:		300.0 time, 300.1 real, 148.5 MB
[runlim] sample:		310.0 time, 310.1 real, 148.5 MB
[runlim] sample:		320.0 time, 320.1 real, 148.5 MB
[runlim] sample:		330.0 time, 330.1 real, 148.5 MB
[runlim] sample:		340.0 time, 340.1 real, 148.5 MB
[runlim] sample:		350.0 time, 350.1 real, 148.5 MB
[runlim] sample:		360.0 time, 360.1 real, 148.5 MB
[runlim] sample:		370.0 time, 370.1 real, 148.5 MB
[runlim] sample:		380.0 time, 380.1 real, 148.5 MB
[runlim] sample:		390.0 time, 390.1 real, 148.5 MB
[runlim] sample:		400.0 time, 400.1 real, 148.5 MB
[runlim] sample:		410.0 time, 410.1 real, 148.5 MB
[runlim] sample:		420.0 time, 420.1 real, 148.5 MB
[runlim] sample:		430.0 time, 430.1 real, 148.5 MB
[runlim] sample:		440.0 time, 440.1 real, 148.5 MB
[runlim] sample:		450.0 time, 450.1 real, 148.5 MB
[runlim] sample:		460.0 time, 460.1 real, 148.5 MB
[runlim] sample:		470.0 time, 470.1 real, 148.5 MB
[runlim] sample:		480.0 time, 480.1 real, 148.5 MB
[runlim] sample:		490.0 time, 490.1 real, 110.9 MB
[runlim] sample:		500.0 time, 500.1 real, 105.5 MB
[runlim] sample:		510.0 time, 510.1 real, 115.9 MB
[runlim] sample:		520.0 time, 520.1 real, 109.9 MB
[runlim] sample:		530.0 time, 530.1 real, 103.4 MB
[runlim] sample:		540.0 time, 540.1 real, 114.4 MB
[runlim] sample:		550.0 time, 550.1 real, 108.3 MB
[runlim] sample:		560.0 time, 560.1 real, 118.0 MB
[runlim] sample:		570.0 time, 570.1 real, 112.5 MB
[runlim] sample:		580.0 time, 580.1 real, 105.5 MB
[runlim] sample:		590.0 time, 590.1 real, 116.2 MB
[runlim] sample:		600.0 time, 600.1 real, 109.4 MB
[runlim] end:			Tue Dec  2 11:28:18 2025
[runlim] status:		out of time
[runlim] result:		2
[runlim] children:		0
[runlim] real:			600.08 seconds
[runlim] time:			599.97 seconds
[runlim] space:			148.5 MB
[runlim] samples:		6000
